Log file open, 11/18/21 13:45:37
LogWindows: Failed to load 'aqProf.dll' (GetLastError=126)
LogWindows: File 'aqProf.dll' does not exist
LogWindows: Failed to load 'VtuneApi.dll' (GetLastError=126)
LogWindows: File 'VtuneApi.dll' does not exist
LogWindows: Failed to load 'VtuneApi32e.dll' (GetLastError=126)
LogWindows: File 'VtuneApi32e.dll' does not exist
LogConsoleResponse: Display: Failed to find resolution value strings in scalability ini. Falling back to default.
LogConsoleResponse: Display: Failed to find resolution value strings in scalability ini. Falling back to default.
LogInit: Display: Running engine for game: Parcial2
LogPlatformFile: Not using cached read wrapper
LogTaskGraph: Started task graph with 5 named threads and 35 total threads with 3 sets of task threads.
LogStats: Stats thread started at 0.345862
LogICUInternationalization: ICU TimeZone Detection - Raw Offset: -3:00, Platform Override: ''
LogInit: Display: Loading text-based GConfig....
LogPluginManager: Mounting plugin MeshPainting
LogPluginManager: Mounting plugin XGEController
LogPluginManager: Mounting plugin Paper2D
LogPluginManager: Mounting plugin AISupport
LogPluginManager: Mounting plugin EnvironmentQueryEditor
LogPluginManager: Mounting plugin LiveLink
LogPluginManager: Mounting plugin LightPropagationVolume
LogPluginManager: Mounting plugin GameplayCameras
LogPluginManager: Mounting plugin CameraShakePreviewer
LogPluginManager: Mounting plugin OodleData
LogPluginManager: Mounting plugin OodleNetwork
LogPluginManager: Mounting plugin AnimationSharing
LogPluginManager: Mounting plugin CLionSourceCodeAccess
LogPluginManager: Mounting plugin GitSourceControl
LogPluginManager: Mounting plugin CodeLiteSourceCodeAccess
LogPluginManager: Mounting plugin KDevelopSourceCodeAccess
LogPluginManager: Mounting plugin NullSourceCodeAccess
LogPluginManager: Mounting plugin PerforceSourceControl
LogPluginManager: Mounting plugin PixWinPlugin
LogPluginManager: Mounting plugin PlasticSourceControl
LogPluginManager: Mounting plugin PluginUtils
LogPluginManager: Mounting plugin SubversionSourceControl
LogPluginManager: Mounting plugin TextureFormatOodle
LogPluginManager: Mounting plugin PropertyAccessNode
LogPluginManager: Mounting plugin RiderSourceCodeAccess
LogPluginManager: Mounting plugin UObjectPlugin
LogPluginManager: Mounting plugin VisualStudioCodeSourceCodeAccess
LogPluginManager: Mounting plugin XCodeSourceCodeAccess
LogPluginManager: Mounting plugin AssetManagerEditor
LogPluginManager: Mounting plugin VisualStudioSourceCodeAccess
LogPluginManager: Mounting plugin CurveEditorTools
LogPluginManager: Mounting plugin DataValidation
LogPluginManager: Mounting plugin CryptoKeys
LogPluginManager: Mounting plugin FacialAnimation
LogPluginManager: Mounting plugin GameplayTagsEditor
LogPluginManager: Mounting plugin GeometryMode
LogPluginManager: Mounting plugin MaterialAnalyzer
LogPluginManager: Mounting plugin MacGraphicsSwitching
LogPluginManager: Mounting plugin MobileLauncherProfileWizard
LogPluginManager: Mounting plugin PluginBrowser
LogPluginManager: Mounting plugin SpeedTreeImporter
LogPluginManager: Mounting plugin DatasmithContent
LogPluginManager: Mounting plugin VariantManagerContent
LogPluginManager: Mounting plugin Niagara
LogPluginManager: Mounting plugin AlembicImporter
LogPluginManager: Mounting plugin AutomationUtils
LogPluginManager: Mounting plugin BackChannel
LogPluginManager: Mounting plugin ChaosCloth
LogPluginManager: Mounting plugin ChaosClothEditor
LogPluginManager: Mounting plugin ChaosNiagara
LogPluginManager: Mounting plugin ChaosEditor
LogPluginManager: Mounting plugin ChaosSolverPlugin
LogPluginManager: Mounting plugin CharacterAI
LogPluginManager: Mounting plugin GeometryCache
LogPluginManager: Mounting plugin GeometryCollectionPlugin
LogPluginManager: Mounting plugin GeometryProcessing
LogPluginManager: Mounting plugin LuminPlatformFeatures
LogPluginManager: Mounting plugin MagicLeap
LogPluginManager: Mounting plugin MagicLeapMedia
LogPluginManager: Mounting plugin MagicLeapLightEstimation
LogPluginManager: Mounting plugin MagicLeapPassableWorld
LogPluginManager: Mounting plugin MotoSynth
LogPluginManager: Mounting plugin MLSDK
LogPluginManager: Mounting plugin OpenImageDenoise
LogPluginManager: Mounting plugin PlanarCut
LogPluginManager: Mounting plugin PlatformCrypto
LogPluginManager: Mounting plugin PythonScriptPlugin
LogPluginManager: Mounting plugin ProxyLODPlugin
LogPluginManager: Mounting plugin SkeletalReduction
LogPluginManager: Mounting plugin TcpMessaging
LogPluginManager: Mounting plugin UdpMessaging
LogPluginManager: Mounting plugin OnlineSubsystem
LogPluginManager: Mounting plugin OnlineSubsystemNull
LogPluginManager: Mounting plugin OnlineSubsystemUtils
LogPluginManager: Mounting plugin AndroidMedia
LogPluginManager: Mounting plugin AvfMedia
LogPluginManager: Mounting plugin ImgMedia
LogPluginManager: Mounting plugin LevelSequenceEditor
LogPluginManager: Mounting plugin ActorSequence
LogPluginManager: Mounting plugin MediaCompositing
LogPluginManager: Mounting plugin MatineeToLevelSequence
LogPluginManager: Mounting plugin MediaPlayerEditor
LogPluginManager: Mounting plugin WebMMedia
LogPluginManager: Mounting plugin WmfMedia
LogPluginManager: Mounting plugin TemplateSequence
LogPluginManager: Mounting plugin ActorLayerUtilities
LogPluginManager: Mounting plugin AndroidDeviceProfileSelector
LogPluginManager: Mounting plugin AndroidMoviePlayer
LogPluginManager: Mounting plugin AndroidPermission
LogPluginManager: Mounting plugin AppleImageUtils
LogPluginManager: Mounting plugin AppleMoviePlayer
LogPluginManager: Mounting plugin ArchVisCharacter
LogPluginManager: Mounting plugin AssetTags
LogPluginManager: Mounting plugin AudioCapture
LogPluginManager: Mounting plugin AudioSynesthesia
LogPluginManager: Mounting plugin ChunkDownloader
LogPluginManager: Mounting plugin CableComponent
LogPluginManager: Mounting plugin CustomMeshComponent
LogPluginManager: Mounting plugin EditableMesh
LogPluginManager: Mounting plugin ExampleDeviceProfileSelector
LogPluginManager: Mounting plugin GooglePAD
LogPluginManager: Mounting plugin GoogleCloudMessaging
LogPluginManager: Mounting plugin LauncherChunkInstaller
LogPluginManager: Mounting plugin IOSDeviceProfileSelector
LogPluginManager: Mounting plugin LinuxDeviceProfileSelector
LogPluginManager: Mounting plugin LocationServicesBPLibrary
LogPluginManager: Mounting plugin MobilePatchingUtils
LogPluginManager: Mounting plugin OpenXR
LogPluginManager: Mounting plugin OpenXREyeTracker
LogPluginManager: Mounting plugin OpenXRHandTracking
LogPluginManager: Mounting plugin PhysXVehicles
LogPluginManager: Mounting plugin PostSplashScreen
LogPluginManager: Mounting plugin ProceduralMeshComponent
LogPluginManager: Mounting plugin PropertyAccessEditor
LogPluginManager: Mounting plugin RuntimePhysXCooking
LogPluginManager: Mounting plugin SignificanceManager
LogPluginManager: Mounting plugin SoundFields
LogPluginManager: Mounting plugin Takes
LogPluginManager: Mounting plugin Synthesis
LogPluginManager: Mounting plugin WebMMoviePlayer
LogPluginManager: Mounting plugin WindowsMoviePlayer
LogPluginManager: Mounting plugin ScreenshotTools
LogPluginManager: Mounting plugin ContentBrowserClassDataSource
LogPluginManager: Mounting plugin ContentBrowserAssetDataSource
LogPluginManager: Mounting plugin ContentBrowserFileDataSource
LogPluginManager: Mounting plugin OnlineSubsystemGooglePlay
LogPluginManager: Mounting plugin OnlineSubsystemIOS
LogPluginManager: Mounting plugin OculusVR
LogPluginManager: Mounting plugin SteamVR
PixWinPlugin: PIX capture plugin failed to initialize! Check that the process is launched from PIX.
LogInit: Using libcurl 7.55.1-DEV
LogInit:  - built for x86_64-pc-win32
LogInit:  - supports SSL with OpenSSL/1.1.1
LogInit:  - supports HTTP deflate (compression) using libz 1.2.8
LogInit:  - other features:
LogInit:      CURL_VERSION_SSL
LogInit:      CURL_VERSION_LIBZ
LogInit:      CURL_VERSION_IPV6
LogInit:      CURL_VERSION_ASYNCHDNS
LogInit:      CURL_VERSION_LARGEFILE
LogInit:      CURL_VERSION_IDN
LogInit:  CurlRequestOptions (configurable via config and command line):
LogInit:  - bVerifyPeer = true  - Libcurl will verify peer certificate
LogInit:  - bUseHttpProxy = false  - Libcurl will NOT use HTTP proxy
LogInit:  - bDontReuseConnections = false  - Libcurl will reuse connections
LogInit:  - MaxHostConnections = 16  - Libcurl will limit the number of connections to a host
LogInit:  - LocalHostAddr = Default
LogInit:  - BufferSize = 65536
LogOnline: OSS: Creating online subsystem instance for: NULL
LogInit: WinSock: version 1.1 (2.2), MaxSocks=32767, MaxUdp=65467
LogOnline: OSS: TryLoadSubsystemAndSetDefault: Loaded subsystem for module [NULL]
LogOculusPluginWrapper: OculusPlugin initialized successfully
LogHMD: Failed initializing OVRPlugin 1.59.0
LogInit: Build: ++UE4+Release-4.27-CL-17735300
LogInit: Engine Version: 4.27.1-17735300+++UE4+Release-4.27
LogInit: Compatible Engine Version: 4.27.0-17155196+++UE4+Release-4.27
LogInit: Net CL: 17155196
LogInit: OS: Windows 10 (Release 2009) (), CPU: Intel(R) Core(TM) i7-9750H CPU @ 2.60GHz, GPU: Intel(R) UHD Graphics 630
LogInit: Compiled (64-bit): Oct  6 2021 14:42:51
LogInit: Compiled with Visual C++: 19.24.28315.00
LogInit: Build Configuration: Development
LogInit: Branch Name: ++UE4+Release-4.27
LogInit: Command Line: 
LogInit: Base Directory: C:/Program Files/Epic Games/UE_4.27/Engine/Binaries/Win64/
LogInit: Allocator: TBB
LogInit: Installed Engine Build: 1
LogDevObjectVersion: Number of dev versions registered: 29
LogDevObjectVersion:   Dev-Blueprints (B0D832E4-1F89-4F0D-ACCF-7EB736FD4AA2): 10
LogDevObjectVersion:   Dev-Build (E1C64328-A22C-4D53-A36C-8E866417BD8C): 0
LogDevObjectVersion:   Dev-Core (375EC13C-06E4-48FB-B500-84F0262A717E): 4
LogDevObjectVersion:   Dev-Editor (E4B068ED-F494-42E9-A231-DA0B2E46BB41): 40
LogDevObjectVersion:   Dev-Framework (CFFC743F-43B0-4480-9391-14DF171D2073): 37
LogDevObjectVersion:   Dev-Mobile (B02B49B5-BB20-44E9-A304-32B752E40360): 3
LogDevObjectVersion:   Dev-Networking (A4E4105C-59A1-49B5-A7C5-40C4547EDFEE): 0
LogDevObjectVersion:   Dev-Online (39C831C9-5AE6-47DC-9A44-9C173E1C8E7C): 0
LogDevObjectVersion:   Dev-Physics (78F01B33-EBEA-4F98-B9B4-84EACCB95AA2): 14
LogDevObjectVersion:   Dev-Platform (6631380F-2D4D-43E0-8009-CF276956A95A): 0
LogDevObjectVersion:   Dev-Rendering (12F88B9F-8875-4AFC-A67C-D90C383ABD29): 45
LogDevObjectVersion:   Dev-Sequencer (7B5AE74C-D270-4C10-A958-57980B212A5A): 13
LogDevObjectVersion:   Dev-VR (D7296918-1DD6-4BDD-9DE2-64A83CC13884): 3
LogDevObjectVersion:   Dev-LoadTimes (C2A15278-BFE7-4AFE-6C17-90FF531DF755): 1
LogDevObjectVersion:   Private-Geometry (6EACA3D4-40EC-4CC1-B786-8BED09428FC5): 3
LogDevObjectVersion:   Dev-AnimPhys (29E575DD-E0A3-4627-9D10-D276232CDCEA): 17
LogDevObjectVersion:   Dev-Anim (AF43A65D-7FD3-4947-9873-3E8ED9C1BB05): 15
LogDevObjectVersion:   Dev-ReflectionCapture (6B266CEC-1EC7-4B8F-A30B-E4D90942FC07): 1
LogDevObjectVersion:   Dev-Automation (0DF73D61-A23F-47EA-B727-89E90C41499A): 1
LogDevObjectVersion:   FortniteMain (601D1886-AC64-4F84-AA16-D3DE0DEAC7D6): 47
LogDevObjectVersion:   FortniteRelease (E7086368-6B23-4C58-8439-1B7016265E91): 1
LogDevObjectVersion:   Dev-Enterprise (9DFFBCD6-494F-0158-E221-12823C92A888): 10
LogDevObjectVersion:   Dev-Niagara (F2AED0AC-9AFE-416F-8664-AA7FFA26D6FC): 1
LogDevObjectVersion:   Dev-Destruction (174F1F0B-B4C6-45A5-B13F-2EE8D0FB917D): 10
LogDevObjectVersion:   Dev-Physics-Ext (35F94A83-E258-406C-A318-09F59610247C): 41
LogDevObjectVersion:   Dev-PhysicsMaterial-Chaos (B68FC16E-8B1B-42E2-B453-215C058844FE): 1
LogDevObjectVersion:   Dev-CineCamera (B2E18506-4273-CFC2-A54E-F4BB758BBA07): 1
LogDevObjectVersion:   Dev-VirtualProduction (64F58936-FD1B-42BA-BA96-7289D5D0FA4E): 1
LogDevObjectVersion:   Dev-MediaFramework (6F0ED827-A609-4895-9C91-998D90180EA4): 2
LogInit: Presizing for max 25165824 objects, including 0 objects not considered by GC, pre-allocating 0 bytes for permanent pool.
LogConfig: Applying CVar settings from Section [/Script/Engine.StreamingSettings] File [C:/Users/el_mu/Desktop/5to cuatri/Programación en Motores l/parcial 2/programacion-en-motores-parcial-2/Parcial2/Saved/Config/Windows/Engine.ini]
LogConfig: Setting CVar [[s.MinBulkDataSizeForAsyncLoading:131072]]
LogConfig: Setting CVar [[s.AsyncLoadingThreadEnabled:0]]
LogConfig: Setting CVar [[s.EventDrivenLoaderEnabled:1]]
LogConfig: Setting CVar [[s.WarnIfTimeLimitExceeded:0]]
LogConfig: Setting CVar [[s.TimeLimitExceededMultiplier:1.5]]
LogConfig: Setting CVar [[s.TimeLimitExceededMinTime:0.005]]
LogConfig: Setting CVar [[s.UseBackgroundLevelStreaming:1]]
LogConfig: Setting CVar [[s.PriorityAsyncLoadingExtraTime:15.0]]
LogConfig: Setting CVar [[s.LevelStreamingActorsUpdateTimeLimit:5.0]]
LogConfig: Setting CVar [[s.PriorityLevelStreamingActorsUpdateExtraTime:5.0]]
LogConfig: Setting CVar [[s.LevelStreamingComponentsRegistrationGranularity:10]]
LogConfig: Setting CVar [[s.UnregisterComponentsTimeLimit:1.0]]
LogConfig: Setting CVar [[s.LevelStreamingComponentsUnregistrationGranularity:5]]
LogConfig: Setting CVar [[s.FlushStreamingOnExit:1]]
LogInit: Object subsystem initialized
LogConfig: Setting CVar [[con.DebugEarlyDefault:1]]
LogConfig: Setting CVar [[r.setres:1280x720]]
[2021.11.18-16.45.38:637][  0]LogConfig: Setting CVar [[r.VSync:0]]
[2021.11.18-16.45.38:638][  0]LogConfig: Setting CVar [[r.RHICmdBypass:0]]
[2021.11.18-16.45.38:638][  0]LogConfig: Applying CVar settings from Section [/Script/Engine.RendererSettings] File [C:/Users/el_mu/Desktop/5to cuatri/Programación en Motores l/parcial 2/programacion-en-motores-parcial-2/Parcial2/Saved/Config/Windows/Engine.ini]
[2021.11.18-16.45.38:638][  0]LogConfig: Setting CVar [[r.GPUCrashDebugging:0]]
[2021.11.18-16.45.38:638][  0]LogConfig: Applying CVar settings from Section [/Script/Engine.RendererOverrideSettings] File [C:/Users/el_mu/Desktop/5to cuatri/Programación en Motores l/parcial 2/programacion-en-motores-parcial-2/Parcial2/Saved/Config/Windows/Engine.ini]
[2021.11.18-16.45.38:638][  0]LogConfig: Applying CVar settings from Section [/Script/Engine.StreamingSettings] File [C:/Users/el_mu/Desktop/5to cuatri/Programación en Motores l/parcial 2/programacion-en-motores-parcial-2/Parcial2/Saved/Config/Windows/Engine.ini]
[2021.11.18-16.45.38:638][  0]LogConfig: Setting CVar [[s.MinBulkDataSizeForAsyncLoading:131072]]
[2021.11.18-16.45.38:638][  0]LogConfig: Setting CVar [[s.AsyncLoadingThreadEnabled:0]]
[2021.11.18-16.45.38:638][  0]LogConfig: Setting CVar [[s.EventDrivenLoaderEnabled:1]]
[2021.11.18-16.45.38:638][  0]LogConfig: Setting CVar [[s.WarnIfTimeLimitExceeded:0]]
[2021.11.18-16.45.38:638][  0]LogConfig: Setting CVar [[s.TimeLimitExceededMultiplier:1.5]]
[2021.11.18-16.45.38:638][  0]LogConfig: Setting CVar [[s.TimeLimitExceededMinTime:0.005]]
[2021.11.18-16.45.38:638][  0]LogConfig: Setting CVar [[s.UseBackgroundLevelStreaming:1]]
[2021.11.18-16.45.38:638][  0]LogConfig: Setting CVar [[s.PriorityAsyncLoadingExtraTime:15.0]]
[2021.11.18-16.45.38:638][  0]LogConfig: Setting CVar [[s.LevelStreamingActorsUpdateTimeLimit:5.0]]
[2021.11.18-16.45.38:638][  0]LogConfig: Setting CVar [[s.PriorityLevelStreamingActorsUpdateExtraTime:5.0]]
[2021.11.18-16.45.38:638][  0]LogConfig: Setting CVar [[s.LevelStreamingComponentsRegistrationGranularity:10]]
[2021.11.18-16.45.38:638][  0]LogConfig: Setting CVar [[s.UnregisterComponentsTimeLimit:1.0]]
[2021.11.18-16.45.38:638][  0]LogConfig: Setting CVar [[s.LevelStreamingComponentsUnregistrationGranularity:5]]
[2021.11.18-16.45.38:638][  0]LogConfig: Setting CVar [[s.FlushStreamingOnExit:1]]
[2021.11.18-16.45.38:638][  0]LogConfig: Applying CVar settings from Section [/Script/Engine.GarbageCollectionSettings] File [C:/Users/el_mu/Desktop/5to cuatri/Programación en Motores l/parcial 2/programacion-en-motores-parcial-2/Parcial2/Saved/Config/Windows/Engine.ini]
[2021.11.18-16.45.38:638][  0]LogConfig: Setting CVar [[gc.MaxObjectsNotConsideredByGC:1]]
[2021.11.18-16.45.38:638][  0]LogConfig: Setting CVar [[gc.SizeOfPermanentObjectPool:0]]
[2021.11.18-16.45.38:638][  0]LogConfig: Setting CVar [[gc.FlushStreamingOnGC:0]]
[2021.11.18-16.45.38:638][  0]LogConfig: Setting CVar [[gc.NumRetriesBeforeForcingGC:10]]
[2021.11.18-16.45.38:638][  0]LogConfig: Setting CVar [[gc.AllowParallelGC:1]]
[2021.11.18-16.45.38:638][  0]LogConfig: Setting CVar [[gc.TimeBetweenPurgingPendingKillObjects:61.1]]
[2021.11.18-16.45.38:638][  0]LogConfig: Setting CVar [[gc.MaxObjectsInEditor:25165824]]
[2021.11.18-16.45.38:638][  0]LogConfig: Setting CVar [[gc.IncrementalBeginDestroyEnabled:1]]
[2021.11.18-16.45.38:638][  0]LogConfig: Setting CVar [[gc.CreateGCClusters:1]]
[2021.11.18-16.45.38:638][  0]LogConfig: Setting CVar [[gc.MinGCClusterSize:5]]
[2021.11.18-16.45.38:638][  0]LogConfig: Setting CVar [[gc.ActorClusteringEnabled:0]]
[2021.11.18-16.45.38:638][  0]LogConfig: Setting CVar [[gc.BlueprintClusteringEnabled:0]]
[2021.11.18-16.45.38:638][  0]LogConfig: Setting CVar [[gc.UseDisregardForGCOnDedicatedServers:0]]
[2021.11.18-16.45.38:638][  0]LogConfig: Setting CVar [[gc.MultithreadedDestructionEnabled:1]]
[2021.11.18-16.45.38:638][  0]LogConfig: Applying CVar settings from Section [/Script/Engine.NetworkSettings] File [C:/Users/el_mu/Desktop/5to cuatri/Programación en Motores l/parcial 2/programacion-en-motores-parcial-2/Parcial2/Saved/Config/Windows/Engine.ini]
[2021.11.18-16.45.38:638][  0]LogConfig: Applying CVar settings from Section [/Script/UnrealEd.CookerSettings] File [C:/Users/el_mu/Desktop/5to cuatri/Programación en Motores l/parcial 2/programacion-en-motores-parcial-2/Parcial2/Saved/Config/Windows/Engine.ini]
[2021.11.18-16.45.38:659][  0]LogConfig: Applying CVar settings from Section [ViewDistanceQuality@3] File [C:/Users/el_mu/Desktop/5to cuatri/Programación en Motores l/parcial 2/programacion-en-motores-parcial-2/Parcial2/Saved/Config/Windows/Scalability.ini]
[2021.11.18-16.45.38:659][  0]LogConfig: Setting CVar [[r.SkeletalMeshLODBias:0]]
[2021.11.18-16.45.38:659][  0]LogConfig: Setting CVar [[r.ViewDistanceScale:1.0]]
[2021.11.18-16.45.38:659][  0]LogConfig: Applying CVar settings from Section [AntiAliasingQuality@3] File [C:/Users/el_mu/Desktop/5to cuatri/Programación en Motores l/parcial 2/programacion-en-motores-parcial-2/Parcial2/Saved/Config/Windows/Scalability.ini]
[2021.11.18-16.45.38:659][  0]LogConfig: Setting CVar [[r.PostProcessAAQuality:4]]
[2021.11.18-16.45.38:659][  0]LogConfig: Applying CVar settings from Section [ShadowQuality@3] File [C:/Users/el_mu/Desktop/5to cuatri/Programación en Motores l/parcial 2/programacion-en-motores-parcial-2/Parcial2/Saved/Config/Windows/Scalability.ini]
[2021.11.18-16.45.38:659][  0]LogConfig: Setting CVar [[r.LightFunctionQuality:1]]
[2021.11.18-16.45.38:659][  0]LogConfig: Setting CVar [[r.ShadowQuality:5]]
[2021.11.18-16.45.38:659][  0]LogConfig: Setting CVar [[r.Shadow.CSM.MaxCascades:10]]
[2021.11.18-16.45.38:659][  0]LogConfig: Setting CVar [[r.Shadow.MaxResolution:2048]]
[2021.11.18-16.45.38:659][  0]LogConfig: Setting CVar [[r.Shadow.MaxCSMResolution:2048]]
[2021.11.18-16.45.38:659][  0]LogConfig: Setting CVar [[r.Shadow.RadiusThreshold:0.01]]
[2021.11.18-16.45.38:659][  0]LogConfig: Setting CVar [[r.Shadow.DistanceScale:1.0]]
[2021.11.18-16.45.38:659][  0]LogConfig: Setting CVar [[r.Shadow.CSM.TransitionScale:1.0]]
[2021.11.18-16.45.38:659][  0]LogConfig: Setting CVar [[r.Shadow.PreShadowResolutionFactor:1.0]]
[2021.11.18-16.45.38:659][  0]LogConfig: Setting CVar [[r.DistanceFieldShadowing:1]]
[2021.11.18-16.45.38:659][  0]LogConfig: Setting CVar [[r.DistanceFieldAO:1]]
[2021.11.18-16.45.38:659][  0]LogConfig: Setting CVar [[r.AOQuality:2]]
[2021.11.18-16.45.38:659][  0]LogConfig: Setting CVar [[r.VolumetricFog:1]]
[2021.11.18-16.45.38:659][  0]LogConfig: Setting CVar [[r.VolumetricFog.GridPixelSize:8]]
[2021.11.18-16.45.38:659][  0]LogConfig: Setting CVar [[r.VolumetricFog.GridSizeZ:128]]
[2021.11.18-16.45.38:659][  0]LogConfig: Setting CVar [[r.VolumetricFog.HistoryMissSupersampleCount:4]]
[2021.11.18-16.45.38:659][  0]LogConfig: Setting CVar [[r.LightMaxDrawDistanceScale:1]]
[2021.11.18-16.45.38:659][  0]LogConfig: Setting CVar [[r.CapsuleShadows:1]]
[2021.11.18-16.45.38:659][  0]LogConfig: Applying CVar settings from Section [PostProcessQuality@3] File [C:/Users/el_mu/Desktop/5to cuatri/Programación en Motores l/parcial 2/programacion-en-motores-parcial-2/Parcial2/Saved/Config/Windows/Scalability.ini]
[2021.11.18-16.45.38:659][  0]LogConfig: Setting CVar [[r.MotionBlurQuality:4]]
[2021.11.18-16.45.38:659][  0]LogConfig: Setting CVar [[r.AmbientOcclusionMipLevelFactor:0.4]]
[2021.11.18-16.45.38:659][  0]LogConfig: Setting CVar [[r.AmbientOcclusionMaxQuality:100]]
[2021.11.18-16.45.38:659][  0]LogConfig: Setting CVar [[r.AmbientOcclusionLevels:-1]]
[2021.11.18-16.45.38:659][  0]LogConfig: Setting CVar [[r.AmbientOcclusionRadiusScale:1.0]]
[2021.11.18-16.45.38:659][  0]LogConfig: Setting CVar [[r.DepthOfFieldQuality:2]]
[2021.11.18-16.45.38:659][  0]LogConfig: Setting CVar [[r.RenderTargetPoolMin:400]]
[2021.11.18-16.45.38:659][  0]LogConfig: Setting CVar [[r.LensFlareQuality:2]]
[2021.11.18-16.45.38:659][  0]LogConfig: Setting CVar [[r.SceneColorFringeQuality:1]]
[2021.11.18-16.45.38:659][  0]LogConfig: Setting CVar [[r.EyeAdaptationQuality:2]]
[2021.11.18-16.45.38:660][  0]LogConfig: Setting CVar [[r.BloomQuality:5]]
[2021.11.18-16.45.38:660][  0]LogConfig: Setting CVar [[r.FastBlurThreshold:100]]
[2021.11.18-16.45.38:660][  0]LogConfig: Setting CVar [[r.Upscale.Quality:3]]
[2021.11.18-16.45.38:660][  0]LogConfig: Setting CVar [[r.Tonemapper.GrainQuantization:1]]
[2021.11.18-16.45.38:660][  0]LogConfig: Setting CVar [[r.LightShaftQuality:1]]
[2021.11.18-16.45.38:660][  0]LogConfig: Setting CVar [[r.Filter.SizeScale:1]]
[2021.11.18-16.45.38:660][  0]LogConfig: Setting CVar [[r.Tonemapper.Quality:5]]
[2021.11.18-16.45.38:660][  0]LogConfig: Setting CVar [[r.DOF.Gather.AccumulatorQuality:1        ; higher gathering accumulator quality]]
[2021.11.18-16.45.38:660][  0]LogConfig: Setting CVar [[r.DOF.Gather.PostfilterMethod:1          ; Median3x3 postfilering method]]
[2021.11.18-16.45.38:660][  0]LogConfig: Setting CVar [[r.DOF.Gather.EnableBokehSettings:0       ; no bokeh simulation when gathering]]
[2021.11.18-16.45.38:660][  0]LogConfig: Setting CVar [[r.DOF.Gather.RingCount:4                 ; medium number of samples when gathering]]
[2021.11.18-16.45.38:660][  0]LogConfig: Setting CVar [[r.DOF.Scatter.ForegroundCompositing:1    ; additive foreground scattering]]
[2021.11.18-16.45.38:660][  0]LogConfig: Setting CVar [[r.DOF.Scatter.BackgroundCompositing:2    ; additive background scattering]]
[2021.11.18-16.45.38:660][  0]LogConfig: Setting CVar [[r.DOF.Scatter.EnableBokehSettings:1      ; bokeh simulation when scattering]]
[2021.11.18-16.45.38:660][  0]LogConfig: Setting CVar [[r.DOF.Scatter.MaxSpriteRatio:0.1         ; only a maximum of 10% of scattered bokeh]]
[2021.11.18-16.45.38:660][  0]LogConfig: Setting CVar [[r.DOF.Recombine.Quality:1                ; cheap slight out of focus]]
[2021.11.18-16.45.38:660][  0]LogConfig: Setting CVar [[r.DOF.Recombine.EnableBokehSettings:0    ; no bokeh simulation on slight out of focus]]
[2021.11.18-16.45.38:660][  0]LogConfig: Setting CVar [[r.DOF.TemporalAAQuality:1                ; more stable temporal accumulation]]
[2021.11.18-16.45.38:660][  0]LogConfig: Setting CVar [[r.DOF.Kernel.MaxForegroundRadius:0.025]]
[2021.11.18-16.45.38:660][  0]LogConfig: Setting CVar [[r.DOF.Kernel.MaxBackgroundRadius:0.025]]
[2021.11.18-16.45.38:660][  0]LogConfig: Applying CVar settings from Section [TextureQuality@3] File [C:/Users/el_mu/Desktop/5to cuatri/Programación en Motores l/parcial 2/programacion-en-motores-parcial-2/Parcial2/Saved/Config/Windows/Scalability.ini]
[2021.11.18-16.45.38:660][  0]LogConfig: Setting CVar [[r.Streaming.MipBias:0]]
[2021.11.18-16.45.38:660][  0]LogConfig: Setting CVar [[r.Streaming.AmortizeCPUToGPUCopy:0]]
[2021.11.18-16.45.38:660][  0]LogConfig: Setting CVar [[r.Streaming.MaxNumTexturesToStreamPerFrame:0]]
[2021.11.18-16.45.38:660][  0]LogConfig: Setting CVar [[r.Streaming.Boost:1]]
[2021.11.18-16.45.38:660][  0]LogConfig: Setting CVar [[r.MaxAnisotropy:8]]
[2021.11.18-16.45.38:660][  0]LogConfig: Setting CVar [[r.VT.MaxAnisotropy:8]]
[2021.11.18-16.45.38:660][  0]LogConfig: Setting CVar [[r.Streaming.LimitPoolSizeToVRAM:0]]
[2021.11.18-16.45.38:660][  0]LogConfig: Setting CVar [[r.Streaming.PoolSize:1000]]
[2021.11.18-16.45.38:660][  0]LogConfig: Setting CVar [[r.Streaming.MaxEffectiveScreenSize:0]]
[2021.11.18-16.45.38:660][  0]LogConfig: Applying CVar settings from Section [EffectsQuality@3] File [C:/Users/el_mu/Desktop/5to cuatri/Programación en Motores l/parcial 2/programacion-en-motores-parcial-2/Parcial2/Saved/Config/Windows/Scalability.ini]
[2021.11.18-16.45.38:660][  0]LogConfig: Setting CVar [[r.TranslucencyLightingVolumeDim:64]]
[2021.11.18-16.45.38:660][  0]LogConfig: Setting CVar [[r.RefractionQuality:2]]
[2021.11.18-16.45.38:660][  0]LogConfig: Setting CVar [[r.SSR.Quality:3]]
[2021.11.18-16.45.38:660][  0]LogConfig: Setting CVar [[r.SSR.HalfResSceneColor:0]]
[2021.11.18-16.45.38:660][  0]LogConfig: Setting CVar [[r.SceneColorFormat:4]]
[2021.11.18-16.45.38:660][  0]LogConfig: Setting CVar [[r.DetailMode:2]]
[2021.11.18-16.45.38:660][  0]LogConfig: Setting CVar [[r.TranslucencyVolumeBlur:1]]
[2021.11.18-16.45.38:660][  0]LogConfig: Setting CVar [[r.MaterialQualityLevel:1 ; High quality]]
[2021.11.18-16.45.38:660][  0]LogConfig: Setting CVar [[r.AnisotropicMaterials:1]]
[2021.11.18-16.45.38:660][  0]LogConfig: Setting CVar [[r.SSS.Scale:1]]
[2021.11.18-16.45.38:660][  0]LogConfig: Setting CVar [[r.SSS.SampleSet:2]]
[2021.11.18-16.45.38:660][  0]LogConfig: Setting CVar [[r.SSS.Quality:1]]
[2021.11.18-16.45.38:660][  0]LogConfig: Setting CVar [[r.SSS.HalfRes:0]]
[2021.11.18-16.45.38:660][  0]LogConfig: Setting CVar [[r.SSGI.Quality:3]]
[2021.11.18-16.45.38:660][  0]LogConfig: Setting CVar [[r.EmitterSpawnRateScale:1.0]]
[2021.11.18-16.45.38:660][  0]LogConfig: Setting CVar [[r.ParticleLightQuality:2]]
[2021.11.18-16.45.38:660][  0]LogConfig: Setting CVar [[r.SkyAtmosphere.AerialPerspectiveLUT.FastApplyOnOpaque:1 ; Always have FastSkyLUT 1 in this case to avoid wrong sky]]
[2021.11.18-16.45.38:660][  0]LogConfig: Setting CVar [[r.SkyAtmosphere.AerialPerspectiveLUT.SampleCountMaxPerSlice:4]]
[2021.11.18-16.45.38:660][  0]LogConfig: Setting CVar [[r.SkyAtmosphere.AerialPerspectiveLUT.DepthResolution:16.0]]
[2021.11.18-16.45.38:660][  0]LogConfig: Setting CVar [[r.SkyAtmosphere.FastSkyLUT:1]]
[2021.11.18-16.45.38:661][  0]LogConfig: Setting CVar [[r.SkyAtmosphere.FastSkyLUT.SampleCountMin:4.0]]
[2021.11.18-16.45.38:661][  0]LogConfig: Setting CVar [[r.SkyAtmosphere.FastSkyLUT.SampleCountMax:128.0]]
[2021.11.18-16.45.38:661][  0]LogConfig: Setting CVar [[r.SkyAtmosphere.SampleCountMin:4.0]]
[2021.11.18-16.45.38:661][  0]LogConfig: Setting CVar [[r.SkyAtmosphere.SampleCountMax:128.0]]
[2021.11.18-16.45.38:661][  0]LogConfig: Setting CVar [[r.SkyAtmosphere.TransmittanceLUT.UseSmallFormat:0]]
[2021.11.18-16.45.38:661][  0]LogConfig: Setting CVar [[r.SkyAtmosphere.TransmittanceLUT.SampleCount:10.0]]
[2021.11.18-16.45.38:661][  0]LogConfig: Setting CVar [[r.SkyAtmosphere.MultiScatteringLUT.SampleCount:15.0]]
[2021.11.18-16.45.38:661][  0]LogConfig: Setting CVar [[r.SkyLight.RealTimeReflectionCapture:1]]
[2021.11.18-16.45.38:661][  0]LogConfig: Applying CVar settings from Section [FoliageQuality@3] File [C:/Users/el_mu/Desktop/5to cuatri/Programación en Motores l/parcial 2/programacion-en-motores-parcial-2/Parcial2/Saved/Config/Windows/Scalability.ini]
[2021.11.18-16.45.38:661][  0]LogConfig: Setting CVar [[foliage.DensityScale:1.0]]
[2021.11.18-16.45.38:661][  0]LogConfig: Setting CVar [[grass.DensityScale:1.0]]
[2021.11.18-16.45.38:661][  0]LogConfig: Applying CVar settings from Section [ShadingQuality@3] File [C:/Users/el_mu/Desktop/5to cuatri/Programación en Motores l/parcial 2/programacion-en-motores-parcial-2/Parcial2/Saved/Config/Windows/Scalability.ini]
[2021.11.18-16.45.38:661][  0]LogConfig: Setting CVar [[r.HairStrands.SkyLighting.IntegrationType:2]]
[2021.11.18-16.45.38:661][  0]LogConfig: Setting CVar [[r.HairStrands.SkyAO.SampleCount:4]]
[2021.11.18-16.45.38:661][  0]LogConfig: Setting CVar [[r.HairStrands.Visibility.MSAA.SamplePerPixel:4]]
[2021.11.18-16.45.38:661][  0]LogInit: Selected Device Profile: [Windows]
[2021.11.18-16.45.38:661][  0]LogInit: Applying CVar settings loaded from the selected device profile: [Windows]
[2021.11.18-16.45.38:661][  0]LogHAL: Display: Platform has ~ 32 GB [34202030080 / 34359738368 / 32], which maps to Largest [LargestMinGB=32, LargerMinGB=12, DefaultMinGB=8, SmallerMinGB=6, SmallestMinGB=0)
[2021.11.18-16.45.38:661][  0]LogInit: Going up to parent DeviceProfile []
[2021.11.18-16.45.38:661][  0]LogConfig: Applying CVar settings from Section [ViewDistanceQuality@3] File [C:/Users/el_mu/Desktop/5to cuatri/Programación en Motores l/parcial 2/programacion-en-motores-parcial-2/Parcial2/Saved/Config/Windows/Scalability.ini]
[2021.11.18-16.45.38:661][  0]LogConfig: Setting CVar [[r.SkeletalMeshLODBias:0]]
[2021.11.18-16.45.38:661][  0]LogConfig: Setting CVar [[r.ViewDistanceScale:1.0]]
[2021.11.18-16.45.38:661][  0]LogConfig: Applying CVar settings from Section [AntiAliasingQuality@3] File [C:/Users/el_mu/Desktop/5to cuatri/Programación en Motores l/parcial 2/programacion-en-motores-parcial-2/Parcial2/Saved/Config/Windows/Scalability.ini]
[2021.11.18-16.45.38:661][  0]LogConfig: Setting CVar [[r.PostProcessAAQuality:4]]
[2021.11.18-16.45.38:661][  0]LogConfig: Applying CVar settings from Section [ShadowQuality@3] File [C:/Users/el_mu/Desktop/5to cuatri/Programación en Motores l/parcial 2/programacion-en-motores-parcial-2/Parcial2/Saved/Config/Windows/Scalability.ini]
[2021.11.18-16.45.38:661][  0]LogConfig: Setting CVar [[r.LightFunctionQuality:1]]
[2021.11.18-16.45.38:661][  0]LogConfig: Setting CVar [[r.ShadowQuality:5]]
[2021.11.18-16.45.38:661][  0]LogConfig: Setting CVar [[r.Shadow.CSM.MaxCascades:10]]
[2021.11.18-16.45.38:661][  0]LogConfig: Setting CVar [[r.Shadow.MaxResolution:2048]]
[2021.11.18-16.45.38:661][  0]LogConfig: Setting CVar [[r.Shadow.MaxCSMResolution:2048]]
[2021.11.18-16.45.38:661][  0]LogConfig: Setting CVar [[r.Shadow.RadiusThreshold:0.01]]
[2021.11.18-16.45.38:661][  0]LogConfig: Setting CVar [[r.Shadow.DistanceScale:1.0]]
[2021.11.18-16.45.38:661][  0]LogConfig: Setting CVar [[r.Shadow.CSM.TransitionScale:1.0]]
[2021.11.18-16.45.38:661][  0]LogConfig: Setting CVar [[r.Shadow.PreShadowResolutionFactor:1.0]]
[2021.11.18-16.45.38:661][  0]LogConfig: Setting CVar [[r.DistanceFieldShadowing:1]]
[2021.11.18-16.45.38:661][  0]LogConfig: Setting CVar [[r.DistanceFieldAO:1]]
[2021.11.18-16.45.38:661][  0]LogConfig: Setting CVar [[r.AOQuality:2]]
[2021.11.18-16.45.38:661][  0]LogConfig: Setting CVar [[r.VolumetricFog:1]]
[2021.11.18-16.45.38:661][  0]LogConfig: Setting CVar [[r.VolumetricFog.GridPixelSize:8]]
[2021.11.18-16.45.38:661][  0]LogConfig: Setting CVar [[r.VolumetricFog.GridSizeZ:128]]
[2021.11.18-16.45.38:662][  0]LogConfig: Setting CVar [[r.VolumetricFog.HistoryMissSupersampleCount:4]]
[2021.11.18-16.45.38:662][  0]LogConfig: Setting CVar [[r.LightMaxDrawDistanceScale:1]]
[2021.11.18-16.45.38:662][  0]LogConfig: Setting CVar [[r.CapsuleShadows:1]]
[2021.11.18-16.45.38:662][  0]LogConfig: Applying CVar settings from Section [PostProcessQuality@3] File [C:/Users/el_mu/Desktop/5to cuatri/Programación en Motores l/parcial 2/programacion-en-motores-parcial-2/Parcial2/Saved/Config/Windows/Scalability.ini]
[2021.11.18-16.45.38:662][  0]LogConfig: Setting CVar [[r.MotionBlurQuality:4]]
[2021.11.18-16.45.38:662][  0]LogConfig: Setting CVar [[r.AmbientOcclusionMipLevelFactor:0.4]]
[2021.11.18-16.45.38:662][  0]LogConfig: Setting CVar [[r.AmbientOcclusionMaxQuality:100]]
[2021.11.18-16.45.38:662][  0]LogConfig: Setting CVar [[r.AmbientOcclusionLevels:-1]]
[2021.11.18-16.45.38:662][  0]LogConfig: Setting CVar [[r.AmbientOcclusionRadiusScale:1.0]]
[2021.11.18-16.45.38:662][  0]LogConfig: Setting CVar [[r.DepthOfFieldQuality:2]]
[2021.11.18-16.45.38:662][  0]LogConfig: Setting CVar [[r.RenderTargetPoolMin:400]]
[2021.11.18-16.45.38:662][  0]LogConfig: Setting CVar [[r.LensFlareQuality:2]]
[2021.11.18-16.45.38:662][  0]LogConfig: Setting CVar [[r.SceneColorFringeQuality:1]]
[2021.11.18-16.45.38:662][  0]LogConfig: Setting CVar [[r.EyeAdaptationQuality:2]]
[2021.11.18-16.45.38:662][  0]LogConfig: Setting CVar [[r.BloomQuality:5]]
[2021.11.18-16.45.38:662][  0]LogConfig: Setting CVar [[r.FastBlurThreshold:100]]
[2021.11.18-16.45.38:662][  0]LogConfig: Setting CVar [[r.Upscale.Quality:3]]
[2021.11.18-16.45.38:662][  0]LogConfig: Setting CVar [[r.Tonemapper.GrainQuantization:1]]
[2021.11.18-16.45.38:662][  0]LogConfig: Setting CVar [[r.LightShaftQuality:1]]
[2021.11.18-16.45.38:662][  0]LogConfig: Setting CVar [[r.Filter.SizeScale:1]]
[2021.11.18-16.45.38:662][  0]LogConfig: Setting CVar [[r.Tonemapper.Quality:5]]
[2021.11.18-16.45.38:662][  0]LogConfig: Setting CVar [[r.DOF.Gather.AccumulatorQuality:1        ; higher gathering accumulator quality]]
[2021.11.18-16.45.38:662][  0]LogConfig: Setting CVar [[r.DOF.Gather.PostfilterMethod:1          ; Median3x3 postfilering method]]
[2021.11.18-16.45.38:662][  0]LogConfig: Setting CVar [[r.DOF.Gather.EnableBokehSettings:0       ; no bokeh simulation when gathering]]
[2021.11.18-16.45.38:662][  0]LogConfig: Setting CVar [[r.DOF.Gather.RingCount:4                 ; medium number of samples when gathering]]
[2021.11.18-16.45.38:662][  0]LogConfig: Setting CVar [[r.DOF.Scatter.ForegroundCompositing:1    ; additive foreground scattering]]
[2021.11.18-16.45.38:662][  0]LogConfig: Setting CVar [[r.DOF.Scatter.BackgroundCompositing:2    ; additive background scattering]]
[2021.11.18-16.45.38:662][  0]LogConfig: Setting CVar [[r.DOF.Scatter.EnableBokehSettings:1      ; bokeh simulation when scattering]]
[2021.11.18-16.45.38:662][  0]LogConfig: Setting CVar [[r.DOF.Scatter.MaxSpriteRatio:0.1         ; only a maximum of 10% of scattered bokeh]]
[2021.11.18-16.45.38:662][  0]LogConfig: Setting CVar [[r.DOF.Recombine.Quality:1                ; cheap slight out of focus]]
[2021.11.18-16.45.38:662][  0]LogConfig: Setting CVar [[r.DOF.Recombine.EnableBokehSettings:0    ; no bokeh simulation on slight out of focus]]
[2021.11.18-16.45.38:662][  0]LogConfig: Setting CVar [[r.DOF.TemporalAAQuality:1                ; more stable temporal accumulation]]
[2021.11.18-16.45.38:662][  0]LogConfig: Setting CVar [[r.DOF.Kernel.MaxForegroundRadius:0.025]]
[2021.11.18-16.45.38:662][  0]LogConfig: Setting CVar [[r.DOF.Kernel.MaxBackgroundRadius:0.025]]
[2021.11.18-16.45.38:662][  0]LogConfig: Applying CVar settings from Section [TextureQuality@3] File [C:/Users/el_mu/Desktop/5to cuatri/Programación en Motores l/parcial 2/programacion-en-motores-parcial-2/Parcial2/Saved/Config/Windows/Scalability.ini]
[2021.11.18-16.45.38:662][  0]LogConfig: Setting CVar [[r.Streaming.MipBias:0]]
[2021.11.18-16.45.38:662][  0]LogConfig: Setting CVar [[r.Streaming.AmortizeCPUToGPUCopy:0]]
[2021.11.18-16.45.38:662][  0]LogConfig: Setting CVar [[r.Streaming.MaxNumTexturesToStreamPerFrame:0]]
[2021.11.18-16.45.38:662][  0]LogConfig: Setting CVar [[r.Streaming.Boost:1]]
[2021.11.18-16.45.38:662][  0]LogConfig: Setting CVar [[r.MaxAnisotropy:8]]
[2021.11.18-16.45.38:662][  0]LogConfig: Setting CVar [[r.VT.MaxAnisotropy:8]]
[2021.11.18-16.45.38:662][  0]LogConfig: Setting CVar [[r.Streaming.LimitPoolSizeToVRAM:0]]
[2021.11.18-16.45.38:662][  0]LogConfig: Setting CVar [[r.Streaming.PoolSize:1000]]
[2021.11.18-16.45.38:662][  0]LogConfig: Setting CVar [[r.Streaming.MaxEffectiveScreenSize:0]]
[2021.11.18-16.45.38:662][  0]LogConfig: Applying CVar settings from Section [EffectsQuality@3] File [C:/Users/el_mu/Desktop/5to cuatri/Programación en Motores l/parcial 2/programacion-en-motores-parcial-2/Parcial2/Saved/Config/Windows/Scalability.ini]
[2021.11.18-16.45.38:662][  0]LogConfig: Setting CVar [[r.TranslucencyLightingVolumeDim:64]]
[2021.11.18-16.45.38:662][  0]LogConfig: Setting CVar [[r.RefractionQuality:2]]
[2021.11.18-16.45.38:662][  0]LogConfig: Setting CVar [[r.SSR.Quality:3]]
[2021.11.18-16.45.38:662][  0]LogConfig: Setting CVar [[r.SSR.HalfResSceneColor:0]]
[2021.11.18-16.45.38:662][  0]LogConfig: Setting CVar [[r.SceneColorFormat:4]]
[2021.11.18-16.45.38:663][  0]LogConfig: Setting CVar [[r.DetailMode:2]]
[2021.11.18-16.45.38:663][  0]LogConfig: Setting CVar [[r.TranslucencyVolumeBlur:1]]
[2021.11.18-16.45.38:663][  0]LogConfig: Setting CVar [[r.MaterialQualityLevel:1 ; High quality]]
[2021.11.18-16.45.38:663][  0]LogConfig: Setting CVar [[r.AnisotropicMaterials:1]]
[2021.11.18-16.45.38:663][  0]LogConfig: Setting CVar [[r.SSS.Scale:1]]
[2021.11.18-16.45.38:663][  0]LogConfig: Setting CVar [[r.SSS.SampleSet:2]]
[2021.11.18-16.45.38:663][  0]LogConfig: Setting CVar [[r.SSS.Quality:1]]
[2021.11.18-16.45.38:663][  0]LogConfig: Setting CVar [[r.SSS.HalfRes:0]]
[2021.11.18-16.45.38:663][  0]LogConfig: Setting CVar [[r.SSGI.Quality:3]]
[2021.11.18-16.45.38:663][  0]LogConfig: Setting CVar [[r.EmitterSpawnRateScale:1.0]]
[2021.11.18-16.45.38:663][  0]LogConfig: Setting CVar [[r.ParticleLightQuality:2]]
[2021.11.18-16.45.38:663][  0]LogConfig: Setting CVar [[r.SkyAtmosphere.AerialPerspectiveLUT.FastApplyOnOpaque:1 ; Always have FastSkyLUT 1 in this case to avoid wrong sky]]
[2021.11.18-16.45.38:663][  0]LogConfig: Setting CVar [[r.SkyAtmosphere.AerialPerspectiveLUT.SampleCountMaxPerSlice:4]]
[2021.11.18-16.45.38:663][  0]LogConfig: Setting CVar [[r.SkyAtmosphere.AerialPerspectiveLUT.DepthResolution:16.0]]
[2021.11.18-16.45.38:663][  0]LogConfig: Setting CVar [[r.SkyAtmosphere.FastSkyLUT:1]]
[2021.11.18-16.45.38:663][  0]LogConfig: Setting CVar [[r.SkyAtmosphere.FastSkyLUT.SampleCountMin:4.0]]
[2021.11.18-16.45.38:663][  0]LogConfig: Setting CVar [[r.SkyAtmosphere.FastSkyLUT.SampleCountMax:128.0]]
[2021.11.18-16.45.38:663][  0]LogConfig: Setting CVar [[r.SkyAtmosphere.SampleCountMin:4.0]]
[2021.11.18-16.45.38:663][  0]LogConfig: Setting CVar [[r.SkyAtmosphere.SampleCountMax:128.0]]
[2021.11.18-16.45.38:663][  0]LogConfig: Setting CVar [[r.SkyAtmosphere.TransmittanceLUT.UseSmallFormat:0]]
[2021.11.18-16.45.38:663][  0]LogConfig: Setting CVar [[r.SkyAtmosphere.TransmittanceLUT.SampleCount:10.0]]
[2021.11.18-16.45.38:663][  0]LogConfig: Setting CVar [[r.SkyAtmosphere.MultiScatteringLUT.SampleCount:15.0]]
[2021.11.18-16.45.38:663][  0]LogConfig: Setting CVar [[r.SkyLight.RealTimeReflectionCapture:1]]
[2021.11.18-16.45.38:663][  0]LogConfig: Applying CVar settings from Section [FoliageQuality@3] File [C:/Users/el_mu/Desktop/5to cuatri/Programación en Motores l/parcial 2/programacion-en-motores-parcial-2/Parcial2/Saved/Config/Windows/Scalability.ini]
[2021.11.18-16.45.38:663][  0]LogConfig: Setting CVar [[foliage.DensityScale:1.0]]
[2021.11.18-16.45.38:663][  0]LogConfig: Setting CVar [[grass.DensityScale:1.0]]
[2021.11.18-16.45.38:663][  0]LogConfig: Applying CVar settings from Section [ShadingQuality@3] File [C:/Users/el_mu/Desktop/5to cuatri/Programación en Motores l/parcial 2/programacion-en-motores-parcial-2/Parcial2/Saved/Config/Windows/Scalability.ini]
[2021.11.18-16.45.38:663][  0]LogConfig: Setting CVar [[r.HairStrands.SkyLighting.IntegrationType:2]]
[2021.11.18-16.45.38:663][  0]LogConfig: Setting CVar [[r.HairStrands.SkyAO.SampleCount:4]]
[2021.11.18-16.45.38:663][  0]LogConfig: Setting CVar [[r.HairStrands.Visibility.MSAA.SamplePerPixel:4]]
[2021.11.18-16.45.38:663][  0]LogConfig: Applying CVar settings from Section [Startup] File [../../../Engine/Config/ConsoleVariables.ini]
[2021.11.18-16.45.38:664][  0]LogConfig: Setting CVar [[net.UseAdaptiveNetUpdateFrequency:0]]
[2021.11.18-16.45.38:664][  0]LogConfig: Setting CVar [[p.chaos.AllowCreatePhysxBodies:1]]
[2021.11.18-16.45.38:664][  0]LogConfig: Setting CVar [[fx.SkipVectorVMBackendOptimizations:1]]
[2021.11.18-16.45.38:664][  0]LogConfig: Applying CVar settings from Section [ConsoleVariables] File [C:/Users/el_mu/Desktop/5to cuatri/Programación en Motores l/parcial 2/programacion-en-motores-parcial-2/Parcial2/Saved/Config/Windows/Engine.ini]
[2021.11.18-16.45.38:664][  0]LogConfig: Applying CVar settings from Section [ConsoleVariables] File [C:/Users/el_mu/Desktop/5to cuatri/Programación en Motores l/parcial 2/programacion-en-motores-parcial-2/Parcial2/Saved/Config/Windows/Editor.ini]
[2021.11.18-16.45.38:664][  0]LogInit: Computer: LAPTOP-OOBCS2V7
[2021.11.18-16.45.38:664][  0]LogInit: User: elmu
[2021.11.18-16.45.38:664][  0]LogInit: CPU Page size=4096, Cores=6
[2021.11.18-16.45.38:664][  0]LogInit: High frequency timer resolution =10.000000 MHz
[2021.11.18-16.45.38:664][  0]LogMemory: Memory total: Physical=31.9GB (32GB approx)
[2021.11.18-16.45.38:664][  0]LogMemory: Platform Memory Stats for Windows
[2021.11.18-16.45.38:664][  0]LogMemory: Process Physical Memory: 144.59 MB used, 144.60 MB peak
[2021.11.18-16.45.38:664][  0]LogMemory: Process Virtual Memory: 115.96 MB used, 115.96 MB peak
[2021.11.18-16.45.38:664][  0]LogMemory: Physical Memory: 9374.92 MB used,  23242.68 MB free, 32617.60 MB total
[2021.11.18-16.45.38:664][  0]LogMemory: Virtual Memory: 134191728.00 MB used,  25997.12 MB free, 134217728.00 MB total
[2021.11.18-16.45.38:730][  0]LogWindows: WindowsPlatformFeatures enabled
[2021.11.18-16.45.38:803][  0]LogInit: Physics initialised using underlying interface: PhysX
[2021.11.18-16.45.38:804][  0]LogInit: Overriding language with editor language configuration option (en).
[2021.11.18-16.45.38:804][  0]LogInit: Using OS detected locale (es-AR).
[2021.11.18-16.45.39:098][  0]LogInit: Setting process to per monitor DPI aware
[2021.11.18-16.45.39:111][  0]LogWindowsTextInputMethodSystem: Display: IME system deactivated.
[2021.11.18-16.45.39:129][  0]LogSlate: New Slate User Created.  User Index 0, Is Virtual User: 0
[2021.11.18-16.45.39:129][  0]LogSlate: Slate User Registered.  User Index 0, Is Virtual User: 0
[2021.11.18-16.45.39:331][  0]LogD3D11RHI: Loaded GFSDK_Aftermath_Lib.x64.dll
[2021.11.18-16.45.39:403][  0]LogHMD: Failed to initialize OpenVR with code 110
[2021.11.18-16.45.39:403][  0]LogD3D11RHI: D3D11 min allowed feature level: 11_0
[2021.11.18-16.45.39:403][  0]LogD3D11RHI: D3D11 max allowed feature level: 11_0
[2021.11.18-16.45.39:403][  0]LogD3D11RHI: D3D11 adapters:
[2021.11.18-16.45.39:575][  0]LogD3D11RHI:    0. 'NVIDIA GeForce RTX 2070' (Feature Level 11_0)
[2021.11.18-16.45.39:575][  0]LogD3D11RHI:       8031/0/16308 MB DedicatedVideo/DedicatedSystem/SharedSystem, Outputs:1, VendorId:0x10de
[2021.11.18-16.45.39:620][  0]LogD3D11RHI:    1. 'Intel(R) UHD Graphics 630' (Feature Level 11_0)
[2021.11.18-16.45.39:620][  0]LogD3D11RHI:       128/0/16308 MB DedicatedVideo/DedicatedSystem/SharedSystem, Outputs:0, VendorId:0x8086
[2021.11.18-16.45.39:623][  0]LogD3D11RHI:    2. 'Microsoft Basic Render Driver' (Feature Level 11_0)
[2021.11.18-16.45.39:623][  0]LogD3D11RHI:       0/0/16308 MB DedicatedVideo/DedicatedSystem/SharedSystem, Outputs:0, VendorId:0x1414
[2021.11.18-16.45.39:623][  0]LogD3D11RHI: Chosen D3D11 Adapter:
[2021.11.18-16.45.39:623][  0]LogD3D11RHI:     Description : NVIDIA GeForce RTX 2070
[2021.11.18-16.45.39:623][  0]LogD3D11RHI:     VendorId    : 10de
[2021.11.18-16.45.39:623][  0]LogD3D11RHI:     DeviceId    : 1f10
[2021.11.18-16.45.39:623][  0]LogD3D11RHI:     SubSysId    : 18711043
[2021.11.18-16.45.39:623][  0]LogD3D11RHI:     Revision    : 00a1
[2021.11.18-16.45.39:623][  0]LogD3D11RHI:     DedicatedVideoMemory : 8421113856 bytes
[2021.11.18-16.45.39:623][  0]LogD3D11RHI:     DedicatedSystemMemory : 0 bytes
[2021.11.18-16.45.39:623][  0]LogD3D11RHI:     SharedSystemMemory : 17101015040 bytes
[2021.11.18-16.45.39:623][  0]LogD3D11RHI:     AdapterLuid : 0 71529
[2021.11.18-16.45.39:634][  0]LogD3D11RHI: Creating new Direct3DDevice
[2021.11.18-16.45.39:634][  0]LogD3D11RHI:     GPU DeviceId: 0x1f10 (for the marketing name, search the web for "GPU Device Id")
[2021.11.18-16.45.39:634][  0]LogWindows: EnumDisplayDevices:
[2021.11.18-16.45.39:634][  0]LogWindows:    0. 'Intel(R) UHD Graphics 630' (P:1 D:1)
[2021.11.18-16.45.39:635][  0]LogWindows:    1. 'Intel(R) UHD Graphics 630' (P:0 D:0)
[2021.11.18-16.45.39:635][  0]LogWindows:    2. 'Intel(R) UHD Graphics 630' (P:0 D:0)
[2021.11.18-16.45.39:636][  0]LogWindows:    3. 'NVIDIA GeForce RTX 2070' (P:0 D:0)
[2021.11.18-16.45.39:636][  0]LogWindows:    4. 'NVIDIA GeForce RTX 2070' (P:0 D:0)
[2021.11.18-16.45.39:636][  0]LogWindows:    5. 'NVIDIA GeForce RTX 2070' (P:0 D:0)
[2021.11.18-16.45.39:637][  0]LogWindows:    6. 'NVIDIA GeForce RTX 2070' (P:0 D:0)
[2021.11.18-16.45.39:637][  0]LogWindows: DebugString: PrimaryIsNotTheChoosenAdapter PrimaryIsNotTheChoosenAdapter PrimaryIsNotTheChoosenAdapter FoundDriverCount:4 
[2021.11.18-16.45.39:637][  0]LogD3D11RHI:     Adapter Name: NVIDIA GeForce RTX 2070
[2021.11.18-16.45.39:637][  0]LogD3D11RHI:   Driver Version: 472.39 (internal:30.0.14.7239, unified:472.39)
[2021.11.18-16.45.39:637][  0]LogD3D11RHI:      Driver Date: 10-13-2021
[2021.11.18-16.45.39:637][  0]LogRHI: Texture pool is 5621 MB (70% of 8031 MB)
[2021.11.18-16.45.39:637][  0]LogD3D11RHI: Creating D3DDevice using adapter:
[2021.11.18-16.45.39:637][  0]LogD3D11RHI:     Description : NVIDIA GeForce RTX 2070
[2021.11.18-16.45.39:637][  0]LogD3D11RHI:     VendorId    : 10de
[2021.11.18-16.45.39:637][  0]LogD3D11RHI:     DeviceId    : 1f10
[2021.11.18-16.45.39:637][  0]LogD3D11RHI:     SubSysId    : 18711043
[2021.11.18-16.45.39:637][  0]LogD3D11RHI:     Revision    : 00a1
[2021.11.18-16.45.39:637][  0]LogD3D11RHI:     DedicatedVideoMemory : 8421113856 bytes
[2021.11.18-16.45.39:637][  0]LogD3D11RHI:     DedicatedSystemMemory : 0 bytes
[2021.11.18-16.45.39:637][  0]LogD3D11RHI:     SharedSystemMemory : 17101015040 bytes
[2021.11.18-16.45.39:637][  0]LogD3D11RHI:     AdapterLuid : 0 71529
[2021.11.18-16.45.39:785][  0]LogD3D11RHI: RHI has support for 64 bit atomics
[2021.11.18-16.45.39:785][  0]LogD3D11RHI: Async texture creation enabled
[2021.11.18-16.45.39:785][  0]LogD3D11RHI: Array index from any shader is supported
[2021.11.18-16.45.39:828][  0]LogD3D11RHI: GPU Timing Frequency: 1000.000000 (Debug: 2 2)
[2021.11.18-16.45.39:894][  0]LogRHI: GeForceNow SDK initialized: 1
[2021.11.18-16.45.40:376][  0]LogTargetPlatformManager: Display: Loaded TargetPlatform 'AllDesktop'
[2021.11.18-16.45.40:414][  0]LogTargetPlatformManager: Display: Loaded TargetPlatform 'Android'
[2021.11.18-16.45.40:414][  0]LogTargetPlatformManager: Display: Loaded TargetPlatform 'Android_ASTC'
[2021.11.18-16.45.40:414][  0]LogTargetPlatformManager: Display: Loaded TargetPlatform 'Android_DXT'
[2021.11.18-16.45.40:414][  0]LogTargetPlatformManager: Display: Loaded TargetPlatform 'Android_ETC2'
[2021.11.18-16.45.40:414][  0]LogTargetPlatformManager: Display: Loaded TargetPlatform 'AndroidClient'
[2021.11.18-16.45.40:414][  0]LogTargetPlatformManager: Display: Loaded TargetPlatform 'Android_ASTCClient'
[2021.11.18-16.45.40:414][  0]LogTargetPlatformManager: Display: Loaded TargetPlatform 'Android_DXTClient'
[2021.11.18-16.45.40:414][  0]LogTargetPlatformManager: Display: Loaded TargetPlatform 'Android_ETC2Client'
[2021.11.18-16.45.40:414][  0]LogTargetPlatformManager: Display: Loaded TargetPlatform 'Android_Multi'
[2021.11.18-16.45.40:414][  0]LogTargetPlatformManager: Display: Loaded TargetPlatform 'Android_MultiClient'
[2021.11.18-16.45.40:448][  0]LogTargetPlatformManager: Display: Loaded TargetPlatform 'IOSClient'
[2021.11.18-16.45.40:448][  0]LogTargetPlatformManager: Display: Loaded TargetPlatform 'IOS'
[2021.11.18-16.45.40:467][  0]LogTargetPlatformManager: Display: Loaded TargetPlatform 'Linux'
[2021.11.18-16.45.40:475][  0]LogTargetPlatformManager: Display: Loaded TargetPlatform 'LinuxNoEditor'
[2021.11.18-16.45.40:483][  0]LogTargetPlatformManager: Display: Loaded TargetPlatform 'LinuxClient'
[2021.11.18-16.45.40:492][  0]LogTargetPlatformManager: Display: Loaded TargetPlatform 'LinuxServer'
[2021.11.18-16.45.40:509][  0]LogTargetPlatformManager: Display: Loaded TargetPlatform 'LinuxAArch64NoEditor'
[2021.11.18-16.45.40:517][  0]LogTargetPlatformManager: Display: Loaded TargetPlatform 'LinuxAArch64Client'
[2021.11.18-16.45.40:526][  0]LogTargetPlatformManager: Display: Loaded TargetPlatform 'LinuxAArch64Server'
[2021.11.18-16.45.40:573][  0]LogTargetPlatformManager: Display: Loaded TargetPlatform 'Lumin'
[2021.11.18-16.45.40:573][  0]LogTargetPlatformManager: Display: Loaded TargetPlatform 'LuminClient'
[2021.11.18-16.45.40:589][  0]LogTargetPlatformManager: Display: Loaded TargetPlatform 'MacNoEditor'
[2021.11.18-16.45.40:598][  0]LogTargetPlatformManager: Display: Loaded TargetPlatform 'Mac'
[2021.11.18-16.45.40:606][  0]LogTargetPlatformManager: Display: Loaded TargetPlatform 'MacClient'
[2021.11.18-16.45.40:614][  0]LogTargetPlatformManager: Display: Loaded TargetPlatform 'MacServer'
[2021.11.18-16.45.40:634][  0]LogTargetPlatformManager: Display: Loaded TargetPlatform 'TVOSClient'
[2021.11.18-16.45.40:634][  0]LogTargetPlatformManager: Display: Loaded TargetPlatform 'TVOS'
[2021.11.18-16.45.40:651][  0]LogTargetPlatformManager: Display: Loaded TargetPlatform 'WindowsNoEditor'
[2021.11.18-16.45.40:659][  0]LogTargetPlatformManager: Display: Loaded TargetPlatform 'Windows'
[2021.11.18-16.45.40:668][  0]LogTargetPlatformManager: Display: Loaded TargetPlatform 'WindowsClient'
[2021.11.18-16.45.40:676][  0]LogTargetPlatformManager: Display: Loaded TargetPlatform 'WindowsServer'
[2021.11.18-16.45.40:676][  0]LogTargetPlatformManager: Display: Building Assets For Windows
[2021.11.18-16.45.40:690][  0]LogAudioDebug: Display: Lib vorbis DLL was dynamically loaded.
[2021.11.18-16.45.40:753][  0]LogTextureFormatOodle: Display: Oodle Texture 2.9.0 init RDO Off
[2021.11.18-16.45.40:813][  0]LogRendererCore: Ray tracing is disabled. Reason: r.RayTracing=0.
[2021.11.18-16.45.40:813][  0]LogShaderCompilers: Guid format shader working directory is -82 characters bigger than the processId version (../../../../../../Users/el_mu/Desktop/5to cuatri/Programación en Motores l/parcial 2/programacion-en-motores-parcial-2/Parcial2/Intermediate/Shaders/WorkingDirectory/20652/).
[2021.11.18-16.45.40:813][  0]LogShaderCompilers: Cleaned the shader compiler working directory 'C:/Users/el_mu/AppData/Local/Temp/UnrealShaderWorkingDir/5EEA96AA449B505F149943A4D0F7E31F/'.
[2021.11.18-16.45.40:814][  0]LogXGEController: Cannot use XGE Controller as Incredibuild is not installed on this machine.
[2021.11.18-16.45.40:814][  0]LogShaderCompilers: Cannot use XGE Shader Compiler as Incredibuild is not installed on this machine.
[2021.11.18-16.45.40:814][  0]LogShaderCompilers: Display: Using Local Shader Compiler.
[2021.11.18-16.45.42:022][  0]LogDerivedDataCache: Display: Max Cache Size: 512 MB
[2021.11.18-16.45.42:107][  0]LogDerivedDataCache: Loaded boot cache 0.08s 103MB C:/Users/el_mu/AppData/Local/UnrealEngine/4.27/DerivedDataCache/Boot.ddc.
[2021.11.18-16.45.42:107][  0]LogDerivedDataCache: Display: Loaded Boot cache: C:/Users/el_mu/AppData/Local/UnrealEngine/4.27/DerivedDataCache/Boot.ddc
[2021.11.18-16.45.42:107][  0]LogDerivedDataCache: FDerivedDataBackendGraph:  Pak pak cache file ../../../../../../Users/el_mu/Desktop/5to cuatri/Programación en Motores l/parcial 2/programacion-en-motores-parcial-2/Parcial2/DerivedDataCache/DDC.ddp not found, will not use a pak cache.
[2021.11.18-16.45.42:107][  0]LogDerivedDataCache: Unable to find inner node Pak for hierarchical cache Hierarchy.
[2021.11.18-16.45.42:108][  0]LogDerivedDataCache: FDerivedDataBackendGraph:  CompressedPak pak cache file ../../../../../../Users/el_mu/Desktop/5to cuatri/Programación en Motores l/parcial 2/programacion-en-motores-parcial-2/Parcial2/DerivedDataCache/Compressed.ddp not found, will not use a pak cache.
[2021.11.18-16.45.42:108][  0]LogDerivedDataCache: Unable to find inner node CompressedPak for hierarchical cache Hierarchy.
[2021.11.18-16.45.42:133][  0]LogDerivedDataCache: Display: Pak cache opened for reading ../../../Engine/DerivedDataCache/Compressed.ddp.
[2021.11.18-16.45.42:133][  0]LogDerivedDataCache: FDerivedDataBackendGraph:  EnterprisePak pak cache file ../../../Enterprise/DerivedDataCache/Compressed.ddp not found, will not use a pak cache.
[2021.11.18-16.45.42:133][  0]LogDerivedDataCache: Unable to find inner node EnterprisePak for hierarchical cache Hierarchy.
[2021.11.18-16.45.42:145][  0]LogDerivedDataCache: Speed tests for C:/Users/el_mu/AppData/Local/UnrealEngine/Common/DerivedDataCache took 0.01 seconds
[2021.11.18-16.45.42:146][  0]LogDerivedDataCache: Display: Performance to C:/Users/el_mu/AppData/Local/UnrealEngine/Common/DerivedDataCache: Latency=0.05ms. RandomReadSpeed=188.10MBs, RandomWriteSpeed=129.76MBs. Assigned SpeedClass 'Local'
[2021.11.18-16.45.42:146][  0]LogDerivedDataCache: Using Local data cache path C:/Users/el_mu/AppData/Local/UnrealEngine/Common/DerivedDataCache: Writable
[2021.11.18-16.45.42:146][  0]LogDerivedDataCache: Shared data cache path not found in *engine.ini, will not use an Shared cache.
[2021.11.18-16.45.42:147][  0]LogDerivedDataCache: Unable to find inner node Shared for hierarchical cache Hierarchy.
[2021.11.18-16.45.42:224][  0]LogSlate: Using FreeType 2.10.0
[2021.11.18-16.45.42:225][  0]LogSlate: SlateFontServices - WITH_FREETYPE: 1, WITH_HARFBUZZ: 1
[2021.11.18-16.45.42:264][  0]LogAssetRegistry: FAssetRegistry took 0.0045 seconds to start up
[2021.11.18-16.45.42:627][  0]LogInit: Selected Device Profile: [Windows]
[2021.11.18-16.45.42:627][  0]LogInit: Active device profile: [00000185DCA9F000][00000185D4A2E340 49] Windows
[2021.11.18-16.45.42:627][  0]LogInit: Profiles: [00000185DCA9F000][00000185D4A2E340 49] Windows, [00000185DCA35500][00000185DC0C4600 49] WindowsNoEditor, [00000185DCA9D500][00000185DC0C88C0 49] WindowsServer, [00000185DCA36D00][00000185DD4EAB80 49] WindowsClient, [00000185DCA9ED00][00000185DD4EEE40 49] IOS, [00000185DCA35600][00000185D4A330C0 49] iPadAir, [00000185DCA9C400][00000185D4AD3340 49] iPadAir2, [00000185DC7A0300][00000185D4AE7880 49] IPadPro, [00000185DC7A0400][00000185DBFB58C0 49] iPadAir3, [00000185DCA9EA00][00000185DBFBDB80 49] iPadAir4, [00000185DC7A2E00][00000185DBFB82C0 49] iPadMini2, [00000185DCA9D700][00000185D4AE2580 49] iPadMini3, [00000185DC7A1800][00000185D4B02840 49] iPadMini4, [00000185DCA9CF00][00000185DD530B00 49] iPadMini5, [00000185DC793B00][00000185CCEE7040 49] iPhone6, [00000185DC793C00][00000185DD535080 49] iPodTouch6, [00000185DC7A3C00][00000185CCEEB540 49] iPhone7, [00000185DC7A3D00][00000185DBFB1580 49] iPodTouch7, [00000185DC791600][00000185CCEE3840 49] iPhone5S, [00000185DC7A3300][00000185DD539B00 49] iPhone6Plus, [00000185DC792B00][00000185CCEEE240 49] iPhone6S, [00000185DC7A0200][00000185DBF70500 49] iPhone6SPlus, [00000185DC791900][00000185DBF747C0 49] iPhone7Plus, [00000185DC7A3B00][00000185DC12CA80 49] iPhoneSE, [00000185DC790F00][00000185DBFA0D40 49] iPhone8, [00000185DC7A1600][00000185DBFA9000 49] iPhone8Plus, [00000185DC791B00][00000185DBFAD2C0 49] iPhoneX, [00000185DC7A3400][00000185DD53D540 49] iPhoneXS, [00000185DC792700][00000185DD9477C0 49] iPhoneXSMax, [00000185DC7A1400][00000185DD60BA80 49] iPhoneXR, [00000185DC791E00][00000185DD60E1C0 49] iPhone11, [00000185DC7A2900][00000185DD612480 49] iPhone11Pro, [00000185DC792400][00000185DD412740 49] iPhone11ProMax, [00000185DC7A1200][00000185DD416A00 49] iPhoneSE2, [00000185DC792100][00000185DD41ACC0 49] iPhone12Mini, [00000185DC7A0C00][00000185DDCF6F80 49] iPhone12, [00000185DC791D00][00000185CCE93240 49] iPhone12Pro, [00000185DC7A0E00][00000185CCE97500 49] iPhone12ProMax, [00000185DC791100][00000185DD607780 49] iPadPro105, [00000185DC7A2400][00000185CCEB3A40 49] iPadPro129, [00000185DC790D00][00000185CCEB6180 49] iPadPro97, [00000185DC7A0600][00000185CCEC2440 49] iPadPro2_129, [00000185DC792E00][00000185CCEC6700 49] iPad5, [00000185DC7A2A00][00000185CCECA9C0 49] iPad6, [00000185DC790900][00000185CCECEC80 49] iPad7, [00000185DC7A2600][00000185CCED6F40 49] iPad8, [00000185DC793200][00000185CCEDB200 49] iPadPro11, [00000185DC7A3200][00000185DD4C94C0 49] iPadPro2_11, [00000185DC791F00][00000185CCEAF740 49] iPadPro3_129, [00000185DC7A2F00][00000185DD4CD9C0 49] iPadPro4_129, [00000185DC791400][00000185DD4D4100 49] AppleTV, [00000185DC7A1B00][00000185DD4D83C0 49] AppleTV4K, [00000185DC792C00][00000185CCEDE680 49] TVOS, [00000185DC7A1500][00000185CCED2940 49] Mac, [00000185DC791C00][00000185DDD3CC00 49] MacClient, [00000185DC7A2B00][00000185DDD40EC0 49] MacNoEditor, [00000185DC791700][00000185DDD45180 49] MacServer, [00000185DC7A0900][00000185DBFA5440 49] Linux, [00000185DC791A00][00000185DC129700 49] LinuxAArch64, [00000185DC7A1300][00000185DD4D1980 49] LinuxNoEditor, [00000185DCA37600][00000185D4AEBC00 49] LinuxAArch64NoEditor, [00000185DCAE0900][00000185DDD48340 49] LinuxClient, [00000185DCA36200][00000185DDD4C600 49] LinuxAArch64Client, [00000185DCAE0E00][00000185DDD508C0 49] LinuxServer, [00000185DCA35C00][00000185DDD54B80 49] LinuxAArch64Server, [00000185DCAE0500][00000185DDD58E40 49] Android, [00000185DCA34B00][00000185DDD5D100 49] Android_Low, [00000185DCAE1400][00000185DD4F73C0 49] Android_Mid, [00000185DCA37D00][00000185DD4FB680 49] Android_High, [00000185DCAE1A00][00000185DD4FF940 49] Android_Default, [00000185DCA35800][00000185D4AEFBC0 49] Android_Adreno4xx, [00000185DCAE1E00][00000185DD5022C0 49] Android_Adreno5xx_Low, [00000185DCA34F00][00000185DD50A580 49] Android_Adreno5xx, [00000185DCAE1800][00000185DD50E840 49] Android_Adreno6xx, [00000185DCA36500][00000185DD512B00 49] Android_Adreno6xx_Vulkan, [00000185DCAE0700][00000185DD516DC0 49] Android_Mali_T6xx, [00000185DCA36800][00000185DD51B080 49] Android_Mali_T7xx, [00000185DCAE0C00][00000185DD5BF340 49] Android_Mali_T8xx, [00000185DCA35F00][00000185DD5C3600 49] Android_Mali_G71, [00000185DCAE1B00][00000185DD5C78C0 49] Android_Mali_G72, [00000185DCA35D00][00000185DD5CBB80 49] Android_Mali_G72_Vulkan, [00000185DCAE0B00][00000185DD506280 49] Android_Mali_G76, [00000185DCA37F00][00000185DD5CE500 49] Android_Mali_G76_Vulkan, [00000185DCAE1600][00000185DD5D67C0 49] Android_Mali_G77, [00000185DC7A1A00][00000185DD5DAA80 49] Android_Mali_G77_Vulkan, [00000185DC790800][00000185DD5DED40 49] Android_Mali_G78, [00000185DC7A1E00][00000185DD5E3000 49] Android_Mali_G78_Vulkan, [00000185DC792800][00000185DD5E72C0 49] Android_Mali_G710, [00000185DC7A2800][00000185DD5EB580 49] Android_Mali_G710_Vulkan, [00000185DC792200][00000185DD5EF840 49] Android_Vulkan_SM5, [00000185DC7A3700][00000185DD5F3B00 49] Android_PowerVR_G6xxx, [00000185DC791800][00000185DD5F6240 49] Android_PowerVR_GT7xxx, [00000185DC7A3E00][00000185DD5D24C0 49] Android_PowerVR_GE8xxx, [00000185DC792D00][00000185DD41E740 49] Android_PowerVR_GM9xxx, [00000185DC7A0500][00000185DD426A00 49] Android_PowerVR_GM9xxx_Vulkan, [00000185DC792A00][00000185DD42ACC0 49] Android_TegraK1, [00000185DC7A2300][00000185DD42EF80 49] Android_Unknown_Vulkan, [00000185DC790500][00000185DD433240 49] Lumin, [00000185DC7A1900][00000185DD437500 49] Lumin_Desktop, [00000185DC792300][00000185DD43B7C0 49] HoloLens, 
[2021.11.18-16.45.42:832][  0]LogMeshReduction: Using QuadricMeshReduction for automatic static mesh reduction
[2021.11.18-16.45.42:832][  0]LogMeshReduction: Using SimplygonMeshReduction for automatic skeletal mesh reduction
[2021.11.18-16.45.42:832][  0]LogMeshReduction: Using ProxyLODMeshReduction for automatic mesh merging
[2021.11.18-16.45.42:833][  0]LogMeshReduction: No distributed automatic mesh merging module available
[2021.11.18-16.45.42:833][  0]LogMeshMerging: No distributed automatic mesh merging module available
[2021.11.18-16.45.42:859][  0]LogNetVersion: Parcial2 1.0.0, NetCL: 17155196, EngineNetVer: 17, GameNetVer: 0 (Checksum: 4008404171)
[2021.11.18-16.45.43:445][  0]LogTexture: Default maximum texture size for cubemaps generated from long-lat sources has been changed from 512 to unlimited. In order to preserve old behaiour for '/Engine/MapTemplates/Sky/DaylightAmbientCubemap.DaylightAmbientCubemap', its maximum texture size has been explicitly set to 512.
[2021.11.18-16.45.43:525][  0]LogHMD: PokeAHoleMaterial loaded successfully
[2021.11.18-16.45.43:533][  0]LogUObjectArray: 17178 objects as part of root set at end of initial load.
[2021.11.18-16.45.43:533][  0]LogUObjectAllocator: 4301856 out of 0 bytes used by permanent object pool.
[2021.11.18-16.45.43:533][  0]LogUObjectArray: CloseDisregardForGC: 0/0 objects in disregard for GC pool
[2021.11.18-16.45.43:992][  0]LogNiagaraDebuggerClient: Niagara Debugger Client Initialized | Session: D9BCFA7049EDC6D831B8E390E11335EE | Instance: 445C73F44A298F76FF8DC7ABEDB55A85 (LAPTOP-OOBCS2V7-20652).
[2021.11.18-16.45.44:193][  0]LogImageWrapper: Warning: PNG Warning: Duplicate iCCP chunk
[2021.11.18-16.45.44:193][  0]LogImageWrapper: Warning: PNG Warning: Duplicate iCCP chunk
[2021.11.18-16.45.44:193][  0]LogPython: Using Python 3.7.7
[2021.11.18-16.45.45:062][  0]LogTcpMessaging: Initializing TcpMessaging bridge
[2021.11.18-16.45.45:070][  0]LogUdpMessaging: Initializing bridge on interface 0.0.0.0:0 to multicast group 230.0.0.1:6666.
[2021.11.18-16.45.45:602][  0]SourceControl: Source control is disabled
[2021.11.18-16.45.45:602][  0]SourceControl: Source control is disabled
[2021.11.18-16.45.45:608][  0]SourceControl: Source control is disabled
[2021.11.18-16.45.45:614][  0]SourceControl: Source control is disabled
[2021.11.18-16.45.45:626][  0]SourceControl: Source control is disabled
[2021.11.18-16.45.45:646][  0]LogUProjectInfo: Found projects:
[2021.11.18-16.45.46:030][  0]LogOpenImageDenoise: OIDN starting up
[2021.11.18-16.45.46:086][  0]LogAndroidPermission: UAndroidPermissionCallbackProxy::GetInstance
[2021.11.18-16.45.46:126][  0]LogAudioCaptureCore: Display: No Audio Capture implementations found. Audio input will be silent.
[2021.11.18-16.45.46:126][  0]LogAudioCaptureCore: Display: No Audio Capture implementations found. Audio input will be silent.
[2021.11.18-16.45.46:327][  0]LogCollectionManager: Loaded 0 collections in 0.002832 seconds
[2021.11.18-16.45.46:368][  0]LogFileCache: Scanning file cache for directory 'C:/Users/el_mu/Desktop/5to cuatri/Programación en Motores l/parcial 2/programacion-en-motores-parcial-2/Parcial2/Saved/Collections/' took 0.00s
[2021.11.18-16.45.46:368][  0]LogFileCache: Scanning file cache for directory 'C:/Users/el_mu/Desktop/5to cuatri/Programación en Motores l/parcial 2/programacion-en-motores-parcial-2/Parcial2/Content/Developers/elmu/Collections/' took 0.00s
[2021.11.18-16.45.46:368][  0]LogFileCache: Scanning file cache for directory 'C:/Users/el_mu/Desktop/5to cuatri/Programación en Motores l/parcial 2/programacion-en-motores-parcial-2/Parcial2/Content/Collections/' took 0.00s
[2021.11.18-16.45.46:368][  0]LogOcInput: OculusInput pre-init called
[2021.11.18-16.45.46:759][  0]LogImageWrapper: Warning: PNG Warning: Duplicate iCCP chunk
[2021.11.18-16.45.46:759][  0]LogImageWrapper: Warning: PNG Warning: Duplicate iCCP chunk
[2021.11.18-16.45.46:759][  0]LogEngine: Initializing Engine...
[2021.11.18-16.45.46:763][  0]LogHMD: Failed to enumerate extensions. Please check that you have a valid OpenXR runtime installed.
[2021.11.18-16.45.46:763][  0]LogHMD: Failed to initialize OpenVR with code 110
[2021.11.18-16.45.46:763][  0]LogMagicLeap: Warning: VR disabled because ZI is not enabled.  To enable, in the editor, Edit -> Project Settings -> Plugins -> Magic Leap Plugin -> Enable Zero Iteration
[2021.11.18-16.45.46:765][  0]LogStats: UGameplayTagsManager::InitializeManager -  0.000 s
[2021.11.18-16.45.46:946][  0]LogInit: Initializing FReadOnlyCVARCache
[2021.11.18-16.45.46:958][  0]LogAIModule: Creating AISystem for world Untitled
[2021.11.18-16.45.46:970][  0]LogAudio: Display: Initializing Audio Device Manager...
[2021.11.18-16.45.46:976][  0]LogAudio: Display: Loading Default Audio Settings Objects...
[2021.11.18-16.45.46:977][  0]LogAudio: Display: No default SoundConcurrencyObject specified (or failed to load).
[2021.11.18-16.45.46:978][  0]LogAudio: Display: Audio Device Manager Initialized
[2021.11.18-16.45.46:978][  0]LogAudio: Display: Creating Audio Device:                 Id: 1, Scope: Shared, Realtime: True
[2021.11.18-16.45.46:978][  0]LogAudioMixer: Display: Audio Mixer Platform Settings:
[2021.11.18-16.45.46:978][  0]LogAudioMixer: Display: 	Sample Rate:						  48000
[2021.11.18-16.45.46:978][  0]LogAudioMixer: Display: 	Callback Buffer Frame Size Requested: 1024
[2021.11.18-16.45.46:978][  0]LogAudioMixer: Display: 	Callback Buffer Frame Size To Use:	  1024
[2021.11.18-16.45.46:978][  0]LogAudioMixer: Display: 	Number of buffers to queue:			  2
[2021.11.18-16.45.46:978][  0]LogAudioMixer: Display: 	Max Channels (voices):				  32
[2021.11.18-16.45.46:978][  0]LogAudioMixer: Display: 	Number of Async Source Workers:		  0
[2021.11.18-16.45.46:978][  0]LogAudio: Display: AudioDevice MaxSources: 32
[2021.11.18-16.45.46:978][  0]LogAudio: Display: Audio Spatialization Plugin: None (built-in).
[2021.11.18-16.45.46:978][  0]LogAudio: Display: Audio Reverb Plugin: None (built-in).
[2021.11.18-16.45.46:979][  0]LogAudio: Display: Audio Occlusion Plugin: None (built-in).
[2021.11.18-16.45.46:979][  0]LogAudioMixer: Display: Initializing audio mixer.
[2021.11.18-16.45.47:791][  0]LogAudioMixer: Display: 0: FrontLeft
[2021.11.18-16.45.47:791][  0]LogAudioMixer: Display: 1: FrontRight
[2021.11.18-16.45.47:791][  0]LogAudioMixer: Display: 2: FrontCenter
[2021.11.18-16.45.47:791][  0]LogAudioMixer: Display: 3: LowFrequency
[2021.11.18-16.45.47:791][  0]LogAudioMixer: Display: 4: BackLeft
[2021.11.18-16.45.47:791][  0]LogAudioMixer: Display: 5: BackRight
[2021.11.18-16.45.47:791][  0]LogAudioMixer: Display: 6: SideLeft
[2021.11.18-16.45.47:791][  0]LogAudioMixer: Display: 7: SideRight
[2021.11.18-16.45.48:312][  0]LogAudioMixer: Display: Using Audio Device Speakers (Realtek(R) Audio)
[2021.11.18-16.45.48:313][  0]LogAudioMixer: Display: Initializing Sound Submixes...
[2021.11.18-16.45.48:316][  0]LogAudioMixer: Display: Creating Master Submix 'MasterSubmixDefault'
[2021.11.18-16.45.48:316][  0]LogAudioMixer: Display: Creating Master Submix 'MasterReverbSubmixDefault'
[2021.11.18-16.45.48:318][  0]LogAudioMixer: Display: Creating Master Submix 'MasterEQSubmixDefault'
[2021.11.18-16.45.48:318][  0]LogAudioMixer: FMixerPlatformXAudio2::StartAudioStream() called
[2021.11.18-16.45.48:318][  0]LogAudioMixer: Display: Output buffers initialized: Frames=1024, Channels=8, Samples=8192
[2021.11.18-16.45.48:319][  0]LogAudioMixer: Display: Starting AudioMixerPlatformInterface::RunInternal()
[2021.11.18-16.45.48:319][  0]LogAudioMixer: Display: FMixerPlatformXAudio2::SubmitBuffer() called for the first time
[2021.11.18-16.45.48:319][  0]LogInit: FAudioDevice initialized.
[2021.11.18-16.45.48:320][  0]LogAudio: Display: Audio Device (ID: 1) registered with world 'Untitled'.
[2021.11.18-16.45.48:320][  0]LogNetVersion: Set ProjectVersion to 1.0.0.0. Version Checksum will be recalculated on next use.
[2021.11.18-16.45.48:387][  0]LogDerivedDataCache: Saved boot cache 0.07s 103MB C:/Users/el_mu/AppData/Local/UnrealEngine/4.27/DerivedDataCache/Boot.ddc.
[2021.11.18-16.45.48:387][  0]LogInit: Texture streaming: Enabled
[2021.11.18-16.45.48:407][  0]LogAnalytics: Display: [UEEditor.Rocket.Release] APIServer = https://datarouter.ol.epicgames.com/. AppVersion = 4.27.1-17735300+++UE4+Release-4.27
[2021.11.18-16.45.48:414][  0]LogEngineSessionManager: EngineSessionManager initialized
[2021.11.18-16.45.48:414][  0]LogEditorSessionSummary: Verbose: Initializing EditorSessionSummaryWriter for editor session tracking
[2021.11.18-16.45.48:417][  0]LogEditorSessionSummary: EditorSessionSummaryWriter initialized
[2021.11.18-16.45.48:457][  0]LogInit: Transaction tracking system initialized
[2021.11.18-16.45.48:495][  0]BlueprintLog: New page: Editor Load
[2021.11.18-16.45.48:599][  0]LocalizationService: Localization service is disabled
[2021.11.18-16.45.48:641][  0]TimingProfiler: Initialize
[2021.11.18-16.45.48:641][  0]TimingProfiler: OnSessionChanged
[2021.11.18-16.45.48:641][  0]LoadingProfiler: Initialize
[2021.11.18-16.45.48:641][  0]LoadingProfiler: OnSessionChanged
[2021.11.18-16.45.48:641][  0]NetworkingProfiler: Initialize
[2021.11.18-16.45.48:641][  0]NetworkingProfiler: OnSessionChanged
[2021.11.18-16.45.48:641][  0]MemoryProfiler: Initialize
[2021.11.18-16.45.48:641][  0]MemoryProfiler: OnSessionChanged
[2021.11.18-16.45.48:863][  0]LogCook: Display: CookSettings for Memory: MemoryMaxUsedVirtual 0MiB, MemoryMaxUsedPhysical 16384MiB, MemoryMinFreeVirtual 0MiB, MemoryMinFreePhysical 1024MiB
[2021.11.18-16.45.48:864][  0]LogCook: Display: Mobile HDR setting 1
[2021.11.18-16.45.49:165][  0]LogFileCache: Scanning file cache for directory 'C:/Users/el_mu/Desktop/5to cuatri/Programación en Motores l/parcial 2/programacion-en-motores-parcial-2/Parcial2/Content/' took 0.01s
[2021.11.18-16.45.49:447][  0]LogImageWrapper: Warning: PNG Warning: Duplicate iCCP chunk
[2021.11.18-16.45.49:447][  0]LogImageWrapper: Warning: PNG Warning: Duplicate iCCP chunk
[2021.11.18-16.45.49:458][  0]LogInit: Display: Engine is initialized. Leaving FEngineLoop::Init()
[2021.11.18-16.45.49:463][  0]SourceControl: Source control is disabled
[2021.11.18-16.45.49:463][  0]LogUnrealEdMisc: Loading editor; pre map load, took 12.532
[2021.11.18-16.45.49:464][  0]LightingResults: New page: Lighting Build
[2021.11.18-16.45.49:466][  0]LogWorld: UWorld::CleanupWorld for Untitled, bSessionEnded=true, bCleanupResources=true
[2021.11.18-16.45.49:466][  0]LogSlate: InvalidateAllWidgets triggered.  All widgets were invalidated
[2021.11.18-16.45.49:466][  0]MapCheck: New page: Map Check
[2021.11.18-16.45.49:466][  0]LightingResults: New page: Lighting Build
[2021.11.18-16.45.49:474][  0]LogAudio: Display: Audio Device unregistered from world 'None'.
[2021.11.18-16.45.49:478][  0]LogUObjectHash: Compacting FUObjectHashTables data took   1.49ms
[2021.11.18-16.45.49:596][  0]LogAudio: Display: Audio Device (ID: 1) registered with world 'ThirdPersonExampleMap'.
[2021.11.18-16.45.49:598][  0]LogAIModule: Creating AISystem for world ThirdPersonExampleMap
[2021.11.18-16.45.49:607][  0]LogEditorServer: Finished looking for orphan Actors (0.000 secs)
[2021.11.18-16.45.49:617][  0]LogUObjectHash: Compacting FUObjectHashTables data took   1.26ms
[2021.11.18-16.45.49:618][  0]Cmd: MAP CHECKDEP NOCLEARLOG
[2021.11.18-16.45.49:618][  0]MapCheck: Map check complete: 0 Error(s), 0 Warning(s), took 0,241ms to complete.
[2021.11.18-16.45.49:618][  0]LogFileHelpers: Loading map 'ThirdPersonExampleMap' took 0.155
[2021.11.18-16.45.49:622][  0]LogUnrealEdMisc: Total Editor Startup Time, took 12.691
[2021.11.18-16.45.49:749][  0]LogSlate: Updating window title bar state: overlay mode, drag disabled, window buttons hidden, title bar hidden
[2021.11.18-16.45.49:758][  0]LogSlate: Updating window title bar state: overlay mode, drag disabled, window buttons hidden, title bar hidden
[2021.11.18-16.45.49:768][  0]LogSlate: Updating window title bar state: overlay mode, drag disabled, window buttons hidden, title bar hidden
[2021.11.18-16.45.49:777][  0]LogSlate: Updating window title bar state: overlay mode, drag disabled, window buttons hidden, title bar hidden
[2021.11.18-16.45.49:798][  0]LogNativeClassHierarchy: Verbose: Native class hierarchy populated in 0.0142 seconds. Added 3826 classes and 931 folders.
[2021.11.18-16.45.49:801][  0]LogNativeClassHierarchy: Verbose: Native class hierarchy updated for 'WidgetCarousel' in 0.0003 seconds. Added 0 classes and 0 folders.
[2021.11.18-16.45.49:803][  0]LogPakFile: PakFile PrimaryIndexSize=187
[2021.11.18-16.45.49:803][  0]LogPakFile: PakFile PathHashIndexSize=101
[2021.11.18-16.45.49:803][  0]LogPakFile: PakFile FullDirectoryIndexSize=148
[2021.11.18-16.45.49:803][  0]LogShaderLibrary: Display: ShaderCodeLibraryPakFileMountedCallback: PakFile 'C:/Program Files/Epic Games/UE_4.27/FeaturePacks/FP_FirstPerson.upack' (chunk index -1, root 'root:/') mounted
[2021.11.18-16.45.49:803][  0]LogShaderLibrary: Display: ShaderCodeLibraryPakFileMountedCallback: pending pak file info (ChunkID:-1 Root:root:/ File:C:/Program Files/Epic Games/UE_4.27/FeaturePacks/FP_FirstPerson.upack)
[2021.11.18-16.45.49:803][  0]LogPakFile: OnPakFileMounted2Time == 0.000089
[2021.11.18-16.45.49:804][  0]LogPakFile: PakFile PrimaryIndexSize=189
[2021.11.18-16.45.49:804][  0]LogPakFile: PakFile PathHashIndexSize=101
[2021.11.18-16.45.49:805][  0]LogPakFile: PakFile FullDirectoryIndexSize=152
[2021.11.18-16.45.49:805][  0]LogShaderLibrary: Display: ShaderCodeLibraryPakFileMountedCallback: PakFile 'C:/Program Files/Epic Games/UE_4.27/FeaturePacks/FP_FirstPersonBP.upack' (chunk index -1, root 'root:/') mounted
[2021.11.18-16.45.49:805][  0]LogShaderLibrary: Display: ShaderCodeLibraryPakFileMountedCallback: pending pak file info (ChunkID:-1 Root:root:/ File:C:/Program Files/Epic Games/UE_4.27/FeaturePacks/FP_FirstPersonBP.upack)
[2021.11.18-16.45.49:805][  0]LogPakFile: OnPakFileMounted2Time == 0.000071
[2021.11.18-16.45.49:805][  0]LogPakFile: PakFile PrimaryIndexSize=191
[2021.11.18-16.45.49:805][  0]LogPakFile: PakFile PathHashIndexSize=101
[2021.11.18-16.45.49:805][  0]LogPakFile: PakFile FullDirectoryIndexSize=160
[2021.11.18-16.45.49:806][  0]LogShaderLibrary: Display: ShaderCodeLibraryPakFileMountedCallback: PakFile 'C:/Program Files/Epic Games/UE_4.27/FeaturePacks/MobileStarterContent.upack' (chunk index -1, root 'root:/') mounted
[2021.11.18-16.45.49:806][  0]LogShaderLibrary: Display: ShaderCodeLibraryPakFileMountedCallback: pending pak file info (ChunkID:-1 Root:root:/ File:C:/Program Files/Epic Games/UE_4.27/FeaturePacks/MobileStarterContent.upack)
[2021.11.18-16.45.49:806][  0]LogPakFile: OnPakFileMounted2Time == 0.000059
[2021.11.18-16.45.49:806][  0]LogPakFile: PakFile PrimaryIndexSize=185
[2021.11.18-16.45.49:806][  0]LogPakFile: PakFile PathHashIndexSize=101
[2021.11.18-16.45.49:806][  0]LogPakFile: PakFile FullDirectoryIndexSize=148
[2021.11.18-16.45.49:806][  0]LogShaderLibrary: Display: ShaderCodeLibraryPakFileMountedCallback: PakFile 'C:/Program Files/Epic Games/UE_4.27/FeaturePacks/StarterContent.upack' (chunk index -1, root 'root:/') mounted
[2021.11.18-16.45.49:807][  0]LogShaderLibrary: Display: ShaderCodeLibraryPakFileMountedCallback: pending pak file info (ChunkID:-1 Root:root:/ File:C:/Program Files/Epic Games/UE_4.27/FeaturePacks/StarterContent.upack)
[2021.11.18-16.45.49:807][  0]LogPakFile: OnPakFileMounted2Time == 0.000075
[2021.11.18-16.45.49:807][  0]LogPakFile: PakFile PrimaryIndexSize=190
[2021.11.18-16.45.49:807][  0]LogPakFile: PakFile PathHashIndexSize=101
[2021.11.18-16.45.49:807][  0]LogPakFile: PakFile FullDirectoryIndexSize=154
[2021.11.18-16.45.49:807][  0]LogShaderLibrary: Display: ShaderCodeLibraryPakFileMountedCallback: PakFile 'C:/Program Files/Epic Games/UE_4.27/FeaturePacks/TP_2DSideScroller.upack' (chunk index -1, root 'root:/') mounted
[2021.11.18-16.45.49:807][  0]LogShaderLibrary: Display: ShaderCodeLibraryPakFileMountedCallback: pending pak file info (ChunkID:-1 Root:root:/ File:C:/Program Files/Epic Games/UE_4.27/FeaturePacks/TP_2DSideScroller.upack)
[2021.11.18-16.45.49:807][  0]LogPakFile: OnPakFileMounted2Time == 0.000059
[2021.11.18-16.45.49:809][  0]LogPakFile: PakFile PrimaryIndexSize=192
[2021.11.18-16.45.49:809][  0]LogPakFile: PakFile PathHashIndexSize=101
[2021.11.18-16.45.49:809][  0]LogPakFile: PakFile FullDirectoryIndexSize=158
[2021.11.18-16.45.49:809][  0]LogShaderLibrary: Display: ShaderCodeLibraryPakFileMountedCallback: PakFile 'C:/Program Files/Epic Games/UE_4.27/FeaturePacks/TP_2DSideScrollerBP.upack' (chunk index -1, root 'root:/') mounted
[2021.11.18-16.45.49:809][  0]LogShaderLibrary: Display: ShaderCodeLibraryPakFileMountedCallback: pending pak file info (ChunkID:-1 Root:root:/ File:C:/Program Files/Epic Games/UE_4.27/FeaturePacks/TP_2DSideScrollerBP.upack)
[2021.11.18-16.45.49:809][  0]LogPakFile: OnPakFileMounted2Time == 0.000064
[2021.11.18-16.45.49:810][  0]LogPakFile: PakFile PrimaryIndexSize=182
[2021.11.18-16.45.49:810][  0]LogPakFile: PakFile PathHashIndexSize=101
[2021.11.18-16.45.49:810][  0]LogPakFile: PakFile FullDirectoryIndexSize=138
[2021.11.18-16.45.49:810][  0]LogShaderLibrary: Display: ShaderCodeLibraryPakFileMountedCallback: PakFile 'C:/Program Files/Epic Games/UE_4.27/FeaturePacks/TP_Flying.upack' (chunk index -1, root 'root:/') mounted
[2021.11.18-16.45.49:810][  0]LogShaderLibrary: Display: ShaderCodeLibraryPakFileMountedCallback: pending pak file info (ChunkID:-1 Root:root:/ File:C:/Program Files/Epic Games/UE_4.27/FeaturePacks/TP_Flying.upack)
[2021.11.18-16.45.49:810][  0]LogPakFile: OnPakFileMounted2Time == 0.000063
[2021.11.18-16.45.49:811][  0]LogPakFile: PakFile PrimaryIndexSize=184
[2021.11.18-16.45.49:811][  0]LogPakFile: PakFile PathHashIndexSize=101
[2021.11.18-16.45.49:811][  0]LogPakFile: PakFile FullDirectoryIndexSize=142
[2021.11.18-16.45.49:811][  0]LogShaderLibrary: Display: ShaderCodeLibraryPakFileMountedCallback: PakFile 'C:/Program Files/Epic Games/UE_4.27/FeaturePacks/TP_FlyingBP.upack' (chunk index -1, root 'root:/') mounted
[2021.11.18-16.45.49:811][  0]LogShaderLibrary: Display: ShaderCodeLibraryPakFileMountedCallback: pending pak file info (ChunkID:-1 Root:root:/ File:C:/Program Files/Epic Games/UE_4.27/FeaturePacks/TP_FlyingBP.upack)
[2021.11.18-16.45.49:811][  0]LogPakFile: OnPakFileMounted2Time == 0.000057
[2021.11.18-16.45.49:812][  0]LogPakFile: PakFile PrimaryIndexSize=188
[2021.11.18-16.45.49:812][  0]LogPakFile: PakFile PathHashIndexSize=101
[2021.11.18-16.45.49:812][  0]LogPakFile: PakFile FullDirectoryIndexSize=150
[2021.11.18-16.45.49:812][  0]LogShaderLibrary: Display: ShaderCodeLibraryPakFileMountedCallback: PakFile 'C:/Program Files/Epic Games/UE_4.27/FeaturePacks/TP_HandheldARBP.upack' (chunk index -1, root 'root:/') mounted
[2021.11.18-16.45.49:812][  0]LogShaderLibrary: Display: ShaderCodeLibraryPakFileMountedCallback: pending pak file info (ChunkID:-1 Root:root:/ File:C:/Program Files/Epic Games/UE_4.27/FeaturePacks/TP_HandheldARBP.upack)
[2021.11.18-16.45.49:812][  0]LogPakFile: OnPakFileMounted2Time == 0.000057
[2021.11.18-16.45.49:813][  0]LogPakFile: PakFile PrimaryIndexSize=182
[2021.11.18-16.45.49:813][  0]LogPakFile: PakFile PathHashIndexSize=101
[2021.11.18-16.45.49:813][  0]LogPakFile: PakFile FullDirectoryIndexSize=138
[2021.11.18-16.45.49:813][  0]LogShaderLibrary: Display: ShaderCodeLibraryPakFileMountedCallback: PakFile 'C:/Program Files/Epic Games/UE_4.27/FeaturePacks/TP_Puzzle.upack' (chunk index -1, root 'root:/') mounted
[2021.11.18-16.45.49:813][  0]LogShaderLibrary: Display: ShaderCodeLibraryPakFileMountedCallback: pending pak file info (ChunkID:-1 Root:root:/ File:C:/Program Files/Epic Games/UE_4.27/FeaturePacks/TP_Puzzle.upack)
[2021.11.18-16.45.49:813][  0]LogPakFile: OnPakFileMounted2Time == 0.000058
[2021.11.18-16.45.49:814][  0]LogPakFile: PakFile PrimaryIndexSize=184
[2021.11.18-16.45.49:814][  0]LogPakFile: PakFile PathHashIndexSize=101
[2021.11.18-16.45.49:814][  0]LogPakFile: PakFile FullDirectoryIndexSize=142
[2021.11.18-16.45.49:814][  0]LogShaderLibrary: Display: ShaderCodeLibraryPakFileMountedCallback: PakFile 'C:/Program Files/Epic Games/UE_4.27/FeaturePacks/TP_PuzzleBP.upack' (chunk index -1, root 'root:/') mounted
[2021.11.18-16.45.49:814][  0]LogShaderLibrary: Display: ShaderCodeLibraryPakFileMountedCallback: pending pak file info (ChunkID:-1 Root:root:/ File:C:/Program Files/Epic Games/UE_4.27/FeaturePacks/TP_PuzzleBP.upack)
[2021.11.18-16.45.49:814][  0]LogPakFile: OnPakFileMounted2Time == 0.000058
[2021.11.18-16.45.49:815][  0]LogPakFile: PakFile PrimaryIndexSize=183
[2021.11.18-16.45.49:815][  0]LogPakFile: PakFile PathHashIndexSize=101
[2021.11.18-16.45.49:815][  0]LogPakFile: PakFile FullDirectoryIndexSize=140
[2021.11.18-16.45.49:815][  0]LogShaderLibrary: Display: ShaderCodeLibraryPakFileMountedCallback: PakFile 'C:/Program Files/Epic Games/UE_4.27/FeaturePacks/TP_Rolling.upack' (chunk index -1, root 'root:/') mounted
[2021.11.18-16.45.49:815][  0]LogShaderLibrary: Display: ShaderCodeLibraryPakFileMountedCallback: pending pak file info (ChunkID:-1 Root:root:/ File:C:/Program Files/Epic Games/UE_4.27/FeaturePacks/TP_Rolling.upack)
[2021.11.18-16.45.49:815][  0]LogPakFile: OnPakFileMounted2Time == 0.000057
[2021.11.18-16.45.49:815][  0]LogPakFile: PakFile PrimaryIndexSize=185
[2021.11.18-16.45.49:816][  0]LogPakFile: PakFile PathHashIndexSize=101
[2021.11.18-16.45.49:816][  0]LogPakFile: PakFile FullDirectoryIndexSize=144
[2021.11.18-16.45.49:816][  0]LogShaderLibrary: Display: ShaderCodeLibraryPakFileMountedCallback: PakFile 'C:/Program Files/Epic Games/UE_4.27/FeaturePacks/TP_RollingBP.upack' (chunk index -1, root 'root:/') mounted
[2021.11.18-16.45.49:816][  0]LogShaderLibrary: Display: ShaderCodeLibraryPakFileMountedCallback: pending pak file info (ChunkID:-1 Root:root:/ File:C:/Program Files/Epic Games/UE_4.27/FeaturePacks/TP_RollingBP.upack)
[2021.11.18-16.45.49:816][  0]LogPakFile: OnPakFileMounted2Time == 0.000057
[2021.11.18-16.45.49:816][  0]LogPakFile: PakFile PrimaryIndexSize=188
[2021.11.18-16.45.49:816][  0]LogPakFile: PakFile PathHashIndexSize=101
[2021.11.18-16.45.49:816][  0]LogPakFile: PakFile FullDirectoryIndexSize=150
[2021.11.18-16.45.49:817][  0]LogShaderLibrary: Display: ShaderCodeLibraryPakFileMountedCallback: PakFile 'C:/Program Files/Epic Games/UE_4.27/FeaturePacks/TP_SideScroller.upack' (chunk index -1, root 'root:/') mounted
[2021.11.18-16.45.49:817][  0]LogShaderLibrary: Display: ShaderCodeLibraryPakFileMountedCallback: pending pak file info (ChunkID:-1 Root:root:/ File:C:/Program Files/Epic Games/UE_4.27/FeaturePacks/TP_SideScroller.upack)
[2021.11.18-16.45.49:817][  0]LogPakFile: OnPakFileMounted2Time == 0.000063
[2021.11.18-16.45.49:817][  0]LogPakFile: PakFile PrimaryIndexSize=190
[2021.11.18-16.45.49:817][  0]LogPakFile: PakFile PathHashIndexSize=101
[2021.11.18-16.45.49:817][  0]LogPakFile: PakFile FullDirectoryIndexSize=154
[2021.11.18-16.45.49:817][  0]LogShaderLibrary: Display: ShaderCodeLibraryPakFileMountedCallback: PakFile 'C:/Program Files/Epic Games/UE_4.27/FeaturePacks/TP_SideScrollerBP.upack' (chunk index -1, root 'root:/') mounted
[2021.11.18-16.45.49:818][  0]LogShaderLibrary: Display: ShaderCodeLibraryPakFileMountedCallback: pending pak file info (ChunkID:-1 Root:root:/ File:C:/Program Files/Epic Games/UE_4.27/FeaturePacks/TP_SideScrollerBP.upack)
[2021.11.18-16.45.49:818][  0]LogPakFile: OnPakFileMounted2Time == 0.000069
[2021.11.18-16.45.49:818][  0]LogPakFile: PakFile PrimaryIndexSize=187
[2021.11.18-16.45.49:818][  0]LogPakFile: PakFile PathHashIndexSize=101
[2021.11.18-16.45.49:818][  0]LogPakFile: PakFile FullDirectoryIndexSize=148
[2021.11.18-16.45.49:818][  0]LogShaderLibrary: Display: ShaderCodeLibraryPakFileMountedCallback: PakFile 'C:/Program Files/Epic Games/UE_4.27/FeaturePacks/TP_ThirdPerson.upack' (chunk index -1, root 'root:/') mounted
[2021.11.18-16.45.49:818][  0]LogShaderLibrary: Display: ShaderCodeLibraryPakFileMountedCallback: pending pak file info (ChunkID:-1 Root:root:/ File:C:/Program Files/Epic Games/UE_4.27/FeaturePacks/TP_ThirdPerson.upack)
[2021.11.18-16.45.49:818][  0]LogPakFile: OnPakFileMounted2Time == 0.000057
[2021.11.18-16.45.49:819][  0]LogPakFile: PakFile PrimaryIndexSize=189
[2021.11.18-16.45.49:819][  0]LogPakFile: PakFile PathHashIndexSize=101
[2021.11.18-16.45.49:819][  0]LogPakFile: PakFile FullDirectoryIndexSize=152
[2021.11.18-16.45.49:819][  0]LogShaderLibrary: Display: ShaderCodeLibraryPakFileMountedCallback: PakFile 'C:/Program Files/Epic Games/UE_4.27/FeaturePacks/TP_ThirdPersonBP.upack' (chunk index -1, root 'root:/') mounted
[2021.11.18-16.45.49:819][  0]LogShaderLibrary: Display: ShaderCodeLibraryPakFileMountedCallback: pending pak file info (ChunkID:-1 Root:root:/ File:C:/Program Files/Epic Games/UE_4.27/FeaturePacks/TP_ThirdPersonBP.upack)
[2021.11.18-16.45.49:819][  0]LogPakFile: OnPakFileMounted2Time == 0.000057
[2021.11.18-16.45.49:820][  0]LogPakFile: PakFile PrimaryIndexSize=183
[2021.11.18-16.45.49:820][  0]LogPakFile: PakFile PathHashIndexSize=101
[2021.11.18-16.45.49:820][  0]LogPakFile: PakFile FullDirectoryIndexSize=140
[2021.11.18-16.45.49:820][  0]LogShaderLibrary: Display: ShaderCodeLibraryPakFileMountedCallback: PakFile 'C:/Program Files/Epic Games/UE_4.27/FeaturePacks/TP_TopDown.upack' (chunk index -1, root 'root:/') mounted
[2021.11.18-16.45.49:820][  0]LogShaderLibrary: Display: ShaderCodeLibraryPakFileMountedCallback: pending pak file info (ChunkID:-1 Root:root:/ File:C:/Program Files/Epic Games/UE_4.27/FeaturePacks/TP_TopDown.upack)
[2021.11.18-16.45.49:820][  0]LogPakFile: OnPakFileMounted2Time == 0.000068
[2021.11.18-16.45.49:821][  0]LogPakFile: PakFile PrimaryIndexSize=185
[2021.11.18-16.45.49:821][  0]LogPakFile: PakFile PathHashIndexSize=101
[2021.11.18-16.45.49:821][  0]LogPakFile: PakFile FullDirectoryIndexSize=144
[2021.11.18-16.45.49:821][  0]LogShaderLibrary: Display: ShaderCodeLibraryPakFileMountedCallback: PakFile 'C:/Program Files/Epic Games/UE_4.27/FeaturePacks/TP_TopDownBP.upack' (chunk index -1, root 'root:/') mounted
[2021.11.18-16.45.49:821][  0]LogShaderLibrary: Display: ShaderCodeLibraryPakFileMountedCallback: pending pak file info (ChunkID:-1 Root:root:/ File:C:/Program Files/Epic Games/UE_4.27/FeaturePacks/TP_TopDownBP.upack)
[2021.11.18-16.45.49:821][  0]LogPakFile: OnPakFileMounted2Time == 0.000057
[2021.11.18-16.45.49:822][  0]LogPakFile: PakFile PrimaryIndexSize=185
[2021.11.18-16.45.49:822][  0]LogPakFile: PakFile PathHashIndexSize=101
[2021.11.18-16.45.49:822][  0]LogPakFile: PakFile FullDirectoryIndexSize=144
[2021.11.18-16.45.49:822][  0]LogShaderLibrary: Display: ShaderCodeLibraryPakFileMountedCallback: PakFile 'C:/Program Files/Epic Games/UE_4.27/FeaturePacks/TP_TwinStick.upack' (chunk index -1, root 'root:/') mounted
[2021.11.18-16.45.49:822][  0]LogShaderLibrary: Display: ShaderCodeLibraryPakFileMountedCallback: pending pak file info (ChunkID:-1 Root:root:/ File:C:/Program Files/Epic Games/UE_4.27/FeaturePacks/TP_TwinStick.upack)
[2021.11.18-16.45.49:822][  0]LogPakFile: OnPakFileMounted2Time == 0.000071
[2021.11.18-16.45.49:823][  0]LogPakFile: PakFile PrimaryIndexSize=187
[2021.11.18-16.45.49:823][  0]LogPakFile: PakFile PathHashIndexSize=101
[2021.11.18-16.45.49:823][  0]LogPakFile: PakFile FullDirectoryIndexSize=148
[2021.11.18-16.45.49:823][  0]LogShaderLibrary: Display: ShaderCodeLibraryPakFileMountedCallback: PakFile 'C:/Program Files/Epic Games/UE_4.27/FeaturePacks/TP_TwinStickBP.upack' (chunk index -1, root 'root:/') mounted
[2021.11.18-16.45.49:823][  0]LogShaderLibrary: Display: ShaderCodeLibraryPakFileMountedCallback: pending pak file info (ChunkID:-1 Root:root:/ File:C:/Program Files/Epic Games/UE_4.27/FeaturePacks/TP_TwinStickBP.upack)
[2021.11.18-16.45.49:823][  0]LogPakFile: OnPakFileMounted2Time == 0.000058
[2021.11.18-16.45.49:824][  0]LogPakFile: PakFile PrimaryIndexSize=183
[2021.11.18-16.45.49:824][  0]LogPakFile: PakFile PathHashIndexSize=101
[2021.11.18-16.45.49:824][  0]LogPakFile: PakFile FullDirectoryIndexSize=140
[2021.11.18-16.45.49:824][  0]LogShaderLibrary: Display: ShaderCodeLibraryPakFileMountedCallback: PakFile 'C:/Program Files/Epic Games/UE_4.27/FeaturePacks/TP_Vehicle.upack' (chunk index -1, root 'root:/') mounted
[2021.11.18-16.45.49:824][  0]LogShaderLibrary: Display: ShaderCodeLibraryPakFileMountedCallback: pending pak file info (ChunkID:-1 Root:root:/ File:C:/Program Files/Epic Games/UE_4.27/FeaturePacks/TP_Vehicle.upack)
[2021.11.18-16.45.49:824][  0]LogPakFile: OnPakFileMounted2Time == 0.000058
[2021.11.18-16.45.49:825][  0]LogPakFile: PakFile PrimaryIndexSize=186
[2021.11.18-16.45.49:825][  0]LogPakFile: PakFile PathHashIndexSize=101
[2021.11.18-16.45.49:825][  0]LogPakFile: PakFile FullDirectoryIndexSize=146
[2021.11.18-16.45.49:825][  0]LogShaderLibrary: Display: ShaderCodeLibraryPakFileMountedCallback: PakFile 'C:/Program Files/Epic Games/UE_4.27/FeaturePacks/TP_VehicleAdv.upack' (chunk index -1, root 'root:/') mounted
[2021.11.18-16.45.49:825][  0]LogShaderLibrary: Display: ShaderCodeLibraryPakFileMountedCallback: pending pak file info (ChunkID:-1 Root:root:/ File:C:/Program Files/Epic Games/UE_4.27/FeaturePacks/TP_VehicleAdv.upack)
[2021.11.18-16.45.49:825][  0]LogPakFile: OnPakFileMounted2Time == 0.000059
[2021.11.18-16.45.49:826][  0]LogPakFile: PakFile PrimaryIndexSize=188
[2021.11.18-16.45.49:826][  0]LogPakFile: PakFile PathHashIndexSize=101
[2021.11.18-16.45.49:826][  0]LogPakFile: PakFile FullDirectoryIndexSize=150
[2021.11.18-16.45.49:826][  0]LogShaderLibrary: Display: ShaderCodeLibraryPakFileMountedCallback: PakFile 'C:/Program Files/Epic Games/UE_4.27/FeaturePacks/TP_VehicleAdvBP.upack' (chunk index -1, root 'root:/') mounted
[2021.11.18-16.45.49:826][  0]LogShaderLibrary: Display: ShaderCodeLibraryPakFileMountedCallback: pending pak file info (ChunkID:-1 Root:root:/ File:C:/Program Files/Epic Games/UE_4.27/FeaturePacks/TP_VehicleAdvBP.upack)
[2021.11.18-16.45.49:826][  0]LogPakFile: OnPakFileMounted2Time == 0.000065
[2021.11.18-16.45.49:827][  0]LogPakFile: PakFile PrimaryIndexSize=185
[2021.11.18-16.45.49:827][  0]LogPakFile: PakFile PathHashIndexSize=101
[2021.11.18-16.45.49:827][  0]LogPakFile: PakFile FullDirectoryIndexSize=144
[2021.11.18-16.45.49:827][  0]LogShaderLibrary: Display: ShaderCodeLibraryPakFileMountedCallback: PakFile 'C:/Program Files/Epic Games/UE_4.27/FeaturePacks/TP_VehicleBP.upack' (chunk index -1, root 'root:/') mounted
[2021.11.18-16.45.49:827][  0]LogShaderLibrary: Display: ShaderCodeLibraryPakFileMountedCallback: pending pak file info (ChunkID:-1 Root:root:/ File:C:/Program Files/Epic Games/UE_4.27/FeaturePacks/TP_VehicleBP.upack)
[2021.11.18-16.45.49:827][  0]LogPakFile: OnPakFileMounted2Time == 0.000057
[2021.11.18-16.45.49:828][  0]LogPakFile: PakFile PrimaryIndexSize=192
[2021.11.18-16.45.49:828][  0]LogPakFile: PakFile PathHashIndexSize=101
[2021.11.18-16.45.49:828][  0]LogPakFile: PakFile FullDirectoryIndexSize=158
[2021.11.18-16.45.49:828][  0]LogShaderLibrary: Display: ShaderCodeLibraryPakFileMountedCallback: PakFile 'C:/Program Files/Epic Games/UE_4.27/FeaturePacks/TP_VirtualRealityBP.upack' (chunk index -1, root 'root:/') mounted
[2021.11.18-16.45.49:828][  0]LogShaderLibrary: Display: ShaderCodeLibraryPakFileMountedCallback: pending pak file info (ChunkID:-1 Root:root:/ File:C:/Program Files/Epic Games/UE_4.27/FeaturePacks/TP_VirtualRealityBP.upack)
[2021.11.18-16.45.49:828][  0]LogPakFile: OnPakFileMounted2Time == 0.000057
[2021.11.18-16.45.49:906][  0]LogNativeClassHierarchy: Verbose: Native class hierarchy updated for 'AddContentDialog' in 0.0004 seconds. Added 0 classes and 0 folders.
[2021.11.18-16.45.50:007][  0]LogNativeClassHierarchy: Verbose: Native class hierarchy updated for 'SceneOutliner' in 0.0004 seconds. Added 2 classes and 0 folders.
[2021.11.18-16.45.50:092][  0]LogSlate: Took 0.000209 seconds to synchronously load lazily loaded font '../../../Engine/Content/Slate/Fonts/Roboto-Regular.ttf' (155K)
[2021.11.18-16.45.50:094][  0]LogSlate: Took 0.000160 seconds to synchronously load lazily loaded font '../../../Engine/Content/Editor/Slate/Fonts/FontAwesome.ttf' (139K)
[2021.11.18-16.45.50:098][  0]LogSlate: Took 0.000196 seconds to synchronously load lazily loaded font '../../../Engine/Content/Slate/Fonts/Roboto-Bold.ttf' (160K)
[2021.11.18-16.45.50:215][  0]LogRenderer: Reallocating scene render targets to support 936x392 Format 10 NumSamples 1 (Frame:1).
[2021.11.18-16.45.50:282][  0]LogSlate: Took 0.000221 seconds to synchronously load lazily loaded font '../../../Engine/Content/Slate/Fonts/Roboto-Light.ttf' (167K)
[2021.11.18-16.45.50:360][  0]LogNativeClassHierarchy: Verbose: Native class hierarchy updated for 'HierarchicalLODOutliner' in 0.0004 seconds. Added 0 classes and 0 folders.
[2021.11.18-16.45.50:360][  0]LogInput: Warning: Action Jump uses invalid key OculusGo_Left_Trigger_Click.
[2021.11.18-16.45.50:360][  0]LogInput: Warning: Action ResetVR uses invalid key OculusGo_Left_Trackpad_Click.
[2021.11.18-16.45.50:360][  0]LogInput: Warning: Use -RemoveInvalidKeys to remove instances of these keys from the action mapping.
[2021.11.18-16.45.50:360][  0]LogLoad: (Engine Initialization) Total time: 13.43 seconds
[2021.11.18-16.45.50:360][  0]LogLoad: (Engine Initialization) Total Blueprint compile time: 0.00 seconds
[2021.11.18-16.45.50:430][  0]LogAssetRegistry: Asset discovery search completed in 8.1689 seconds
[2021.11.18-16.45.50:439][  0]LogCollectionManager: Fixed up redirectors for 0 collections in 0.000004 seconds (updated 0 objects)
[2021.11.18-16.45.50:442][  0]LogContentStreaming: Texture pool size now 1000 MB
