Log file open, 11/12/21 13:33:37
LogWindows: Failed to load 'aqProf.dll' (GetLastError=126)
LogWindows: File 'aqProf.dll' does not exist
LogWindows: Failed to load 'VtuneApi.dll' (GetLastError=126)
LogWindows: File 'VtuneApi.dll' does not exist
LogWindows: Failed to load 'VtuneApi32e.dll' (GetLastError=126)
LogWindows: File 'VtuneApi32e.dll' does not exist
LogConsoleResponse: Display: Failed to find resolution value strings in scalability ini. Falling back to default.
LogConsoleResponse: Display: Failed to find resolution value strings in scalability ini. Falling back to default.
LogInit: Display: Running engine for game: Parcial2
LogPlatformFile: Not using cached read wrapper
LogTaskGraph: Started task graph with 5 named threads and 47 total threads with 3 sets of task threads.
LogStats: Stats thread started at 1.203133
LogICUInternationalization: ICU TimeZone Detection - Raw Offset: -3:00, Platform Override: ''
LogInit: Display: Loading text-based GConfig....
LogPluginManager: Mounting plugin MegascansPlugin
LogPluginManager: Mounting plugin MeshPainting
LogPluginManager: Mounting plugin XGEController
LogPluginManager: Mounting plugin Paper2D
LogPluginManager: Mounting plugin AISupport
LogPluginManager: Mounting plugin EnvironmentQueryEditor
LogPluginManager: Mounting plugin LiveLink
LogPluginManager: Mounting plugin LightPropagationVolume
LogPluginManager: Mounting plugin GameplayCameras
LogPluginManager: Mounting plugin OodleData
LogPluginManager: Mounting plugin OodleNetwork
LogPluginManager: Mounting plugin CameraShakePreviewer
LogPluginManager: Mounting plugin AnimationSharing
LogPluginManager: Mounting plugin CLionSourceCodeAccess
LogPluginManager: Mounting plugin GitSourceControl
LogPluginManager: Mounting plugin CodeLiteSourceCodeAccess
LogPluginManager: Mounting plugin KDevelopSourceCodeAccess
LogPluginManager: Mounting plugin NullSourceCodeAccess
LogPluginManager: Mounting plugin PixWinPlugin
LogPluginManager: Mounting plugin PlasticSourceControl
LogPluginManager: Mounting plugin PluginUtils
LogPluginManager: Mounting plugin PropertyAccessNode
LogPluginManager: Mounting plugin SubversionSourceControl
LogPluginManager: Mounting plugin PerforceSourceControl
LogPluginManager: Mounting plugin TextureFormatOodle
LogPluginManager: Mounting plugin UObjectPlugin
LogPluginManager: Mounting plugin VisualStudioCodeSourceCodeAccess
LogPluginManager: Mounting plugin XCodeSourceCodeAccess
LogPluginManager: Mounting plugin RiderSourceCodeAccess
LogPluginManager: Mounting plugin AssetManagerEditor
LogPluginManager: Mounting plugin VisualStudioSourceCodeAccess
LogPluginManager: Mounting plugin CryptoKeys
LogPluginManager: Mounting plugin DataValidation
LogPluginManager: Mounting plugin FacialAnimation
LogPluginManager: Mounting plugin EditorScriptingUtilities
LogPluginManager: Mounting plugin GameplayTagsEditor
LogPluginManager: Mounting plugin CurveEditorTools
LogPluginManager: Mounting plugin DatasmithContent
LogPluginManager: Mounting plugin GeometryMode
LogPluginManager: Mounting plugin MacGraphicsSwitching
LogPluginManager: Mounting plugin MaterialAnalyzer
LogPluginManager: Mounting plugin MobileLauncherProfileWizard
LogPluginManager: Mounting plugin PluginBrowser
LogPluginManager: Mounting plugin SpeedTreeImporter
LogPluginManager: Mounting plugin VariantManagerContent
LogPluginManager: Mounting plugin Niagara
LogPluginManager: Mounting plugin MagicLeap
LogPluginManager: Mounting plugin LuminPlatformFeatures
LogPluginManager: Mounting plugin MagicLeapLightEstimation
LogPluginManager: Mounting plugin MagicLeapMedia
LogPluginManager: Mounting plugin MagicLeapPassableWorld
LogPluginManager: Mounting plugin MLSDK
LogPluginManager: Mounting plugin AlembicImporter
LogPluginManager: Mounting plugin AutomationUtils
LogPluginManager: Mounting plugin BackChannel
LogPluginManager: Mounting plugin ChaosCloth
LogPluginManager: Mounting plugin ChaosEditor
LogPluginManager: Mounting plugin ChaosClothEditor
LogPluginManager: Mounting plugin ChaosSolverPlugin
LogPluginManager: Mounting plugin AndroidMedia
LogPluginManager: Mounting plugin CharacterAI
LogPluginManager: Mounting plugin AvfMedia
LogPluginManager: Mounting plugin ChaosNiagara
LogPluginManager: Mounting plugin ImgMedia
LogPluginManager: Mounting plugin MediaPlayerEditor
LogPluginManager: Mounting plugin WebMMedia
LogPluginManager: Mounting plugin MediaCompositing
LogPluginManager: Mounting plugin WmfMedia
LogPluginManager: Mounting plugin GeometryCollectionPlugin
LogPluginManager: Mounting plugin GeometryProcessing
LogPluginManager: Mounting plugin GeometryCache
LogPluginManager: Mounting plugin OpenImageDenoise
LogPluginManager: Mounting plugin MotoSynth
LogPluginManager: Mounting plugin PlanarCut
LogPluginManager: Mounting plugin PlatformCrypto
LogPluginManager: Mounting plugin PythonScriptPlugin
LogPluginManager: Mounting plugin ProxyLODPlugin
LogPluginManager: Mounting plugin SkeletalReduction
LogPluginManager: Mounting plugin TcpMessaging
LogPluginManager: Mounting plugin UdpMessaging
LogPluginManager: Mounting plugin ActorSequence
LogPluginManager: Mounting plugin LauncherChunkInstaller
LogPluginManager: Mounting plugin TemplateSequence
LogPluginManager: Mounting plugin LevelSequenceEditor
LogPluginManager: Mounting plugin ActorLayerUtilities
LogPluginManager: Mounting plugin OnlineSubsystemNull
LogPluginManager: Mounting plugin AndroidDeviceProfileSelector
LogPluginManager: Mounting plugin OnlineSubsystem
LogPluginManager: Mounting plugin AndroidMoviePlayer
LogPluginManager: Mounting plugin OnlineSubsystemUtils
LogPluginManager: Mounting plugin AndroidPermission
LogPluginManager: Mounting plugin MatineeToLevelSequence
LogPluginManager: Mounting plugin AppleMoviePlayer
LogPluginManager: Mounting plugin AssetTags
LogPluginManager: Mounting plugin AudioCapture
LogPluginManager: Mounting plugin ArchVisCharacter
LogPluginManager: Mounting plugin AppleImageUtils
LogPluginManager: Mounting plugin ChunkDownloader
LogPluginManager: Mounting plugin AudioSynesthesia
LogPluginManager: Mounting plugin CableComponent
LogPluginManager: Mounting plugin CustomMeshComponent
LogPluginManager: Mounting plugin EditableMesh
LogPluginManager: Mounting plugin ExampleDeviceProfileSelector
LogPluginManager: Mounting plugin GoogleCloudMessaging
LogPluginManager: Mounting plugin GooglePAD
LogPluginManager: Mounting plugin LinuxDeviceProfileSelector
LogPluginManager: Mounting plugin IOSDeviceProfileSelector
LogPluginManager: Mounting plugin LocationServicesBPLibrary
LogPluginManager: Mounting plugin MobilePatchingUtils
LogPluginManager: Mounting plugin OpenXR
LogPluginManager: Mounting plugin OpenXREyeTracker
LogPluginManager: Mounting plugin OpenXRHandTracking
LogPluginManager: Mounting plugin PostSplashScreen
LogPluginManager: Mounting plugin PhysXVehicles
LogPluginManager: Mounting plugin PropertyAccessEditor
LogPluginManager: Mounting plugin RuntimePhysXCooking
LogPluginManager: Mounting plugin ProceduralMeshComponent
LogPluginManager: Mounting plugin SignificanceManager
LogPluginManager: Mounting plugin SoundFields
LogPluginManager: Mounting plugin Synthesis
LogPluginManager: Mounting plugin WebMMoviePlayer
LogPluginManager: Mounting plugin WindowsMoviePlayer
LogPluginManager: Mounting plugin ScreenshotTools
LogPluginManager: Mounting plugin Takes
LogPluginManager: Mounting plugin ContentBrowserAssetDataSource
LogPluginManager: Mounting plugin ContentBrowserFileDataSource
LogPluginManager: Mounting plugin ContentBrowserClassDataSource
LogPluginManager: Mounting plugin OnlineSubsystemIOS
LogPluginManager: Mounting plugin OnlineSubsystemGooglePlay
LogPluginManager: Mounting plugin DatabaseSupport
LogPluginManager: Mounting plugin SQLiteCore
LogPluginManager: Mounting plugin SQLiteSupport
LogPluginManager: Mounting plugin OculusVR
LogPluginManager: Mounting plugin SteamVR
PixWinPlugin: PIX capture plugin failed to initialize! Check that the process is launched from PIX.
LogInit: Using libcurl 7.55.1-DEV
LogInit:  - built for x86_64-pc-win32
LogInit:  - supports SSL with OpenSSL/1.1.1
LogInit:  - supports HTTP deflate (compression) using libz 1.2.8
LogInit:  - other features:
LogInit:      CURL_VERSION_SSL
LogInit:      CURL_VERSION_LIBZ
LogInit:      CURL_VERSION_IPV6
LogInit:      CURL_VERSION_ASYNCHDNS
LogInit:      CURL_VERSION_LARGEFILE
LogInit:      CURL_VERSION_IDN
LogInit:  CurlRequestOptions (configurable via config and command line):
LogInit:  - bVerifyPeer = true  - Libcurl will verify peer certificate
LogInit:  - bUseHttpProxy = false  - Libcurl will NOT use HTTP proxy
LogInit:  - bDontReuseConnections = false  - Libcurl will reuse connections
LogInit:  - MaxHostConnections = 16  - Libcurl will limit the number of connections to a host
LogInit:  - LocalHostAddr = Default
LogInit:  - BufferSize = 65536
LogOnline: OSS: Creating online subsystem instance for: NULL
LogInit: WinSock: version 1.1 (2.2), MaxSocks=32767, MaxUdp=65467
LogOnline: OSS: TryLoadSubsystemAndSetDefault: Loaded subsystem for module [NULL]
LogOculusPluginWrapper: OculusPlugin initialized successfully
LogHMD: Failed initializing OVRPlugin 1.59.0
LogInit: Build: ++UE4+Release-4.27-CL-17155196
LogInit: Engine Version: 4.27.0-17155196+++UE4+Release-4.27
LogInit: Compatible Engine Version: 4.27.0-17155196+++UE4+Release-4.27
LogInit: Net CL: 17155196
LogInit: OS: Windows 10 (Release 2009) (), CPU: Intel(R) Core(TM) i9-9900K CPU @ 3.60GHz, GPU: NVIDIA GeForce RTX 2080 SUPER
LogInit: Compiled (64-bit): Aug 13 2021 06:13:13
LogInit: Compiled with Visual C++: 19.24.28315.00
LogInit: Build Configuration: Development
LogInit: Branch Name: ++UE4+Release-4.27
LogInit: Command Line:  -skipcompile
LogInit: Base Directory: F:/Epic Games/UE_4.27/Engine/Binaries/Win64/
LogInit: Allocator: TBB
LogInit: Installed Engine Build: 1
LogDevObjectVersion: Number of dev versions registered: 29
LogDevObjectVersion:   Dev-Blueprints (B0D832E4-1F89-4F0D-ACCF-7EB736FD4AA2): 10
LogDevObjectVersion:   Dev-Build (E1C64328-A22C-4D53-A36C-8E866417BD8C): 0
LogDevObjectVersion:   Dev-Core (375EC13C-06E4-48FB-B500-84F0262A717E): 4
LogDevObjectVersion:   Dev-Editor (E4B068ED-F494-42E9-A231-DA0B2E46BB41): 40
LogDevObjectVersion:   Dev-Framework (CFFC743F-43B0-4480-9391-14DF171D2073): 37
LogDevObjectVersion:   Dev-Mobile (B02B49B5-BB20-44E9-A304-32B752E40360): 3
LogDevObjectVersion:   Dev-Networking (A4E4105C-59A1-49B5-A7C5-40C4547EDFEE): 0
LogDevObjectVersion:   Dev-Online (39C831C9-5AE6-47DC-9A44-9C173E1C8E7C): 0
LogDevObjectVersion:   Dev-Physics (78F01B33-EBEA-4F98-B9B4-84EACCB95AA2): 14
LogDevObjectVersion:   Dev-Platform (6631380F-2D4D-43E0-8009-CF276956A95A): 0
LogDevObjectVersion:   Dev-Rendering (12F88B9F-8875-4AFC-A67C-D90C383ABD29): 45
LogDevObjectVersion:   Dev-Sequencer (7B5AE74C-D270-4C10-A958-57980B212A5A): 13
LogDevObjectVersion:   Dev-VR (D7296918-1DD6-4BDD-9DE2-64A83CC13884): 3
LogDevObjectVersion:   Dev-LoadTimes (C2A15278-BFE7-4AFE-6C17-90FF531DF755): 1
LogDevObjectVersion:   Private-Geometry (6EACA3D4-40EC-4CC1-B786-8BED09428FC5): 3
LogDevObjectVersion:   Dev-AnimPhys (29E575DD-E0A3-4627-9D10-D276232CDCEA): 17
LogDevObjectVersion:   Dev-Anim (AF43A65D-7FD3-4947-9873-3E8ED9C1BB05): 15
LogDevObjectVersion:   Dev-ReflectionCapture (6B266CEC-1EC7-4B8F-A30B-E4D90942FC07): 1
LogDevObjectVersion:   Dev-Automation (0DF73D61-A23F-47EA-B727-89E90C41499A): 1
LogDevObjectVersion:   FortniteMain (601D1886-AC64-4F84-AA16-D3DE0DEAC7D6): 47
LogDevObjectVersion:   FortniteRelease (E7086368-6B23-4C58-8439-1B7016265E91): 1
LogDevObjectVersion:   Dev-Enterprise (9DFFBCD6-494F-0158-E221-12823C92A888): 10
LogDevObjectVersion:   Dev-Niagara (F2AED0AC-9AFE-416F-8664-AA7FFA26D6FC): 1
LogDevObjectVersion:   Dev-Destruction (174F1F0B-B4C6-45A5-B13F-2EE8D0FB917D): 10
LogDevObjectVersion:   Dev-Physics-Ext (35F94A83-E258-406C-A318-09F59610247C): 41
LogDevObjectVersion:   Dev-PhysicsMaterial-Chaos (B68FC16E-8B1B-42E2-B453-215C058844FE): 1
LogDevObjectVersion:   Dev-CineCamera (B2E18506-4273-CFC2-A54E-F4BB758BBA07): 1
LogDevObjectVersion:   Dev-VirtualProduction (64F58936-FD1B-42BA-BA96-7289D5D0FA4E): 1
LogDevObjectVersion:   Dev-MediaFramework (6F0ED827-A609-4895-9C91-998D90180EA4): 2
LogInit: Presizing for max 25165824 objects, including 0 objects not considered by GC, pre-allocating 0 bytes for permanent pool.
LogConfig: Applying CVar settings from Section [/Script/Engine.StreamingSettings] File [D:/Da Vinci/Cuatri 5/Prog en Motores/programacion-en-motores-parcial-2/Parcial2/Saved/Config/Windows/Engine.ini]
LogConfig: Setting CVar [[s.MinBulkDataSizeForAsyncLoading:131072]]
LogConfig: Setting CVar [[s.AsyncLoadingThreadEnabled:0]]
LogConfig: Setting CVar [[s.EventDrivenLoaderEnabled:1]]
LogConfig: Setting CVar [[s.WarnIfTimeLimitExceeded:0]]
LogConfig: Setting CVar [[s.TimeLimitExceededMultiplier:1.5]]
LogConfig: Setting CVar [[s.TimeLimitExceededMinTime:0.005]]
LogConfig: Setting CVar [[s.UseBackgroundLevelStreaming:1]]
LogConfig: Setting CVar [[s.PriorityAsyncLoadingExtraTime:15.0]]
LogConfig: Setting CVar [[s.LevelStreamingActorsUpdateTimeLimit:5.0]]
LogConfig: Setting CVar [[s.PriorityLevelStreamingActorsUpdateExtraTime:5.0]]
LogConfig: Setting CVar [[s.LevelStreamingComponentsRegistrationGranularity:10]]
LogConfig: Setting CVar [[s.UnregisterComponentsTimeLimit:1.0]]
LogConfig: Setting CVar [[s.LevelStreamingComponentsUnregistrationGranularity:5]]
LogConfig: Setting CVar [[s.FlushStreamingOnExit:1]]
LogInit: Object subsystem initialized
LogConfig: Setting CVar [[con.DebugEarlyDefault:1]]
LogConfig: Setting CVar [[r.setres:1280x720]]
[2021.11.12-16.33.41:058][  0]LogConfig: Setting CVar [[r.VSync:0]]
[2021.11.12-16.33.41:058][  0]LogConfig: Setting CVar [[r.RHICmdBypass:0]]
[2021.11.12-16.33.41:058][  0]LogConfig: Applying CVar settings from Section [/Script/Engine.RendererSettings] File [D:/Da Vinci/Cuatri 5/Prog en Motores/programacion-en-motores-parcial-2/Parcial2/Saved/Config/Windows/Engine.ini]
[2021.11.12-16.33.41:058][  0]LogConfig: Setting CVar [[r.GPUCrashDebugging:0]]
[2021.11.12-16.33.41:058][  0]LogConfig: Applying CVar settings from Section [/Script/Engine.RendererOverrideSettings] File [D:/Da Vinci/Cuatri 5/Prog en Motores/programacion-en-motores-parcial-2/Parcial2/Saved/Config/Windows/Engine.ini]
[2021.11.12-16.33.41:058][  0]LogConfig: Applying CVar settings from Section [/Script/Engine.StreamingSettings] File [D:/Da Vinci/Cuatri 5/Prog en Motores/programacion-en-motores-parcial-2/Parcial2/Saved/Config/Windows/Engine.ini]
[2021.11.12-16.33.41:058][  0]LogConfig: Setting CVar [[s.MinBulkDataSizeForAsyncLoading:131072]]
[2021.11.12-16.33.41:058][  0]LogConfig: Setting CVar [[s.AsyncLoadingThreadEnabled:0]]
[2021.11.12-16.33.41:058][  0]LogConfig: Setting CVar [[s.EventDrivenLoaderEnabled:1]]
[2021.11.12-16.33.41:058][  0]LogConfig: Setting CVar [[s.WarnIfTimeLimitExceeded:0]]
[2021.11.12-16.33.41:058][  0]LogConfig: Setting CVar [[s.TimeLimitExceededMultiplier:1.5]]
[2021.11.12-16.33.41:058][  0]LogConfig: Setting CVar [[s.TimeLimitExceededMinTime:0.005]]
[2021.11.12-16.33.41:058][  0]LogConfig: Setting CVar [[s.UseBackgroundLevelStreaming:1]]
[2021.11.12-16.33.41:058][  0]LogConfig: Setting CVar [[s.PriorityAsyncLoadingExtraTime:15.0]]
[2021.11.12-16.33.41:058][  0]LogConfig: Setting CVar [[s.LevelStreamingActorsUpdateTimeLimit:5.0]]
[2021.11.12-16.33.41:058][  0]LogConfig: Setting CVar [[s.PriorityLevelStreamingActorsUpdateExtraTime:5.0]]
[2021.11.12-16.33.41:058][  0]LogConfig: Setting CVar [[s.LevelStreamingComponentsRegistrationGranularity:10]]
[2021.11.12-16.33.41:058][  0]LogConfig: Setting CVar [[s.UnregisterComponentsTimeLimit:1.0]]
[2021.11.12-16.33.41:058][  0]LogConfig: Setting CVar [[s.LevelStreamingComponentsUnregistrationGranularity:5]]
[2021.11.12-16.33.41:058][  0]LogConfig: Setting CVar [[s.FlushStreamingOnExit:1]]
[2021.11.12-16.33.41:058][  0]LogConfig: Applying CVar settings from Section [/Script/Engine.GarbageCollectionSettings] File [D:/Da Vinci/Cuatri 5/Prog en Motores/programacion-en-motores-parcial-2/Parcial2/Saved/Config/Windows/Engine.ini]
[2021.11.12-16.33.41:059][  0]LogConfig: Setting CVar [[gc.MaxObjectsNotConsideredByGC:1]]
[2021.11.12-16.33.41:059][  0]LogConfig: Setting CVar [[gc.SizeOfPermanentObjectPool:0]]
[2021.11.12-16.33.41:059][  0]LogConfig: Setting CVar [[gc.FlushStreamingOnGC:0]]
[2021.11.12-16.33.41:059][  0]LogConfig: Setting CVar [[gc.NumRetriesBeforeForcingGC:10]]
[2021.11.12-16.33.41:059][  0]LogConfig: Setting CVar [[gc.AllowParallelGC:1]]
[2021.11.12-16.33.41:059][  0]LogConfig: Setting CVar [[gc.TimeBetweenPurgingPendingKillObjects:61.1]]
[2021.11.12-16.33.41:059][  0]LogConfig: Setting CVar [[gc.MaxObjectsInEditor:25165824]]
[2021.11.12-16.33.41:059][  0]LogConfig: Setting CVar [[gc.IncrementalBeginDestroyEnabled:1]]
[2021.11.12-16.33.41:059][  0]LogConfig: Setting CVar [[gc.CreateGCClusters:1]]
[2021.11.12-16.33.41:059][  0]LogConfig: Setting CVar [[gc.MinGCClusterSize:5]]
[2021.11.12-16.33.41:059][  0]LogConfig: Setting CVar [[gc.ActorClusteringEnabled:0]]
[2021.11.12-16.33.41:059][  0]LogConfig: Setting CVar [[gc.BlueprintClusteringEnabled:0]]
[2021.11.12-16.33.41:059][  0]LogConfig: Setting CVar [[gc.UseDisregardForGCOnDedicatedServers:0]]
[2021.11.12-16.33.41:059][  0]LogConfig: Setting CVar [[gc.MultithreadedDestructionEnabled:1]]
[2021.11.12-16.33.41:059][  0]LogConfig: Applying CVar settings from Section [/Script/Engine.NetworkSettings] File [D:/Da Vinci/Cuatri 5/Prog en Motores/programacion-en-motores-parcial-2/Parcial2/Saved/Config/Windows/Engine.ini]
[2021.11.12-16.33.41:059][  0]LogConfig: Applying CVar settings from Section [/Script/UnrealEd.CookerSettings] File [D:/Da Vinci/Cuatri 5/Prog en Motores/programacion-en-motores-parcial-2/Parcial2/Saved/Config/Windows/Engine.ini]
[2021.11.12-16.33.41:067][  0]LogConfig: Applying CVar settings from Section [ViewDistanceQuality@3] File [D:/Da Vinci/Cuatri 5/Prog en Motores/programacion-en-motores-parcial-2/Parcial2/Saved/Config/Windows/Scalability.ini]
[2021.11.12-16.33.41:068][  0]LogConfig: Setting CVar [[r.SkeletalMeshLODBias:0]]
[2021.11.12-16.33.41:068][  0]LogConfig: Setting CVar [[r.ViewDistanceScale:1.0]]
[2021.11.12-16.33.41:068][  0]LogConfig: Applying CVar settings from Section [AntiAliasingQuality@3] File [D:/Da Vinci/Cuatri 5/Prog en Motores/programacion-en-motores-parcial-2/Parcial2/Saved/Config/Windows/Scalability.ini]
[2021.11.12-16.33.41:068][  0]LogConfig: Setting CVar [[r.PostProcessAAQuality:4]]
[2021.11.12-16.33.41:068][  0]LogConfig: Applying CVar settings from Section [ShadowQuality@3] File [D:/Da Vinci/Cuatri 5/Prog en Motores/programacion-en-motores-parcial-2/Parcial2/Saved/Config/Windows/Scalability.ini]
[2021.11.12-16.33.41:068][  0]LogConfig: Setting CVar [[r.LightFunctionQuality:1]]
[2021.11.12-16.33.41:068][  0]LogConfig: Setting CVar [[r.ShadowQuality:5]]
[2021.11.12-16.33.41:068][  0]LogConfig: Setting CVar [[r.Shadow.CSM.MaxCascades:10]]
[2021.11.12-16.33.41:068][  0]LogConfig: Setting CVar [[r.Shadow.MaxResolution:2048]]
[2021.11.12-16.33.41:068][  0]LogConfig: Setting CVar [[r.Shadow.MaxCSMResolution:2048]]
[2021.11.12-16.33.41:068][  0]LogConfig: Setting CVar [[r.Shadow.RadiusThreshold:0.01]]
[2021.11.12-16.33.41:068][  0]LogConfig: Setting CVar [[r.Shadow.DistanceScale:1.0]]
[2021.11.12-16.33.41:068][  0]LogConfig: Setting CVar [[r.Shadow.CSM.TransitionScale:1.0]]
[2021.11.12-16.33.41:068][  0]LogConfig: Setting CVar [[r.Shadow.PreShadowResolutionFactor:1.0]]
[2021.11.12-16.33.41:068][  0]LogConfig: Setting CVar [[r.DistanceFieldShadowing:1]]
[2021.11.12-16.33.41:068][  0]LogConfig: Setting CVar [[r.DistanceFieldAO:1]]
[2021.11.12-16.33.41:068][  0]LogConfig: Setting CVar [[r.AOQuality:2]]
[2021.11.12-16.33.41:068][  0]LogConfig: Setting CVar [[r.VolumetricFog:1]]
[2021.11.12-16.33.41:068][  0]LogConfig: Setting CVar [[r.VolumetricFog.GridPixelSize:8]]
[2021.11.12-16.33.41:068][  0]LogConfig: Setting CVar [[r.VolumetricFog.GridSizeZ:128]]
[2021.11.12-16.33.41:068][  0]LogConfig: Setting CVar [[r.VolumetricFog.HistoryMissSupersampleCount:4]]
[2021.11.12-16.33.41:068][  0]LogConfig: Setting CVar [[r.LightMaxDrawDistanceScale:1]]
[2021.11.12-16.33.41:069][  0]LogConfig: Setting CVar [[r.CapsuleShadows:1]]
[2021.11.12-16.33.41:069][  0]LogConfig: Applying CVar settings from Section [PostProcessQuality@3] File [D:/Da Vinci/Cuatri 5/Prog en Motores/programacion-en-motores-parcial-2/Parcial2/Saved/Config/Windows/Scalability.ini]
[2021.11.12-16.33.41:069][  0]LogConfig: Setting CVar [[r.MotionBlurQuality:4]]
[2021.11.12-16.33.41:069][  0]LogConfig: Setting CVar [[r.AmbientOcclusionMipLevelFactor:0.4]]
[2021.11.12-16.33.41:069][  0]LogConfig: Setting CVar [[r.AmbientOcclusionMaxQuality:100]]
[2021.11.12-16.33.41:069][  0]LogConfig: Setting CVar [[r.AmbientOcclusionLevels:-1]]
[2021.11.12-16.33.41:069][  0]LogConfig: Setting CVar [[r.AmbientOcclusionRadiusScale:1.0]]
[2021.11.12-16.33.41:069][  0]LogConfig: Setting CVar [[r.DepthOfFieldQuality:2]]
[2021.11.12-16.33.41:069][  0]LogConfig: Setting CVar [[r.RenderTargetPoolMin:400]]
[2021.11.12-16.33.41:069][  0]LogConfig: Setting CVar [[r.LensFlareQuality:2]]
[2021.11.12-16.33.41:069][  0]LogConfig: Setting CVar [[r.SceneColorFringeQuality:1]]
[2021.11.12-16.33.41:069][  0]LogConfig: Setting CVar [[r.EyeAdaptationQuality:2]]
[2021.11.12-16.33.41:069][  0]LogConfig: Setting CVar [[r.BloomQuality:5]]
[2021.11.12-16.33.41:069][  0]LogConfig: Setting CVar [[r.FastBlurThreshold:100]]
[2021.11.12-16.33.41:069][  0]LogConfig: Setting CVar [[r.Upscale.Quality:3]]
[2021.11.12-16.33.41:069][  0]LogConfig: Setting CVar [[r.Tonemapper.GrainQuantization:1]]
[2021.11.12-16.33.41:069][  0]LogConfig: Setting CVar [[r.LightShaftQuality:1]]
[2021.11.12-16.33.41:069][  0]LogConfig: Setting CVar [[r.Filter.SizeScale:1]]
[2021.11.12-16.33.41:069][  0]LogConfig: Setting CVar [[r.Tonemapper.Quality:5]]
[2021.11.12-16.33.41:069][  0]LogConfig: Setting CVar [[r.DOF.Gather.AccumulatorQuality:1        ; higher gathering accumulator quality]]
[2021.11.12-16.33.41:069][  0]LogConfig: Setting CVar [[r.DOF.Gather.PostfilterMethod:1          ; Median3x3 postfilering method]]
[2021.11.12-16.33.41:069][  0]LogConfig: Setting CVar [[r.DOF.Gather.EnableBokehSettings:0       ; no bokeh simulation when gathering]]
[2021.11.12-16.33.41:069][  0]LogConfig: Setting CVar [[r.DOF.Gather.RingCount:4                 ; medium number of samples when gathering]]
[2021.11.12-16.33.41:069][  0]LogConfig: Setting CVar [[r.DOF.Scatter.ForegroundCompositing:1    ; additive foreground scattering]]
[2021.11.12-16.33.41:069][  0]LogConfig: Setting CVar [[r.DOF.Scatter.BackgroundCompositing:2    ; additive background scattering]]
[2021.11.12-16.33.41:069][  0]LogConfig: Setting CVar [[r.DOF.Scatter.EnableBokehSettings:1      ; bokeh simulation when scattering]]
[2021.11.12-16.33.41:069][  0]LogConfig: Setting CVar [[r.DOF.Scatter.MaxSpriteRatio:0.1         ; only a maximum of 10% of scattered bokeh]]
[2021.11.12-16.33.41:069][  0]LogConfig: Setting CVar [[r.DOF.Recombine.Quality:1                ; cheap slight out of focus]]
[2021.11.12-16.33.41:069][  0]LogConfig: Setting CVar [[r.DOF.Recombine.EnableBokehSettings:0    ; no bokeh simulation on slight out of focus]]
[2021.11.12-16.33.41:070][  0]LogConfig: Setting CVar [[r.DOF.TemporalAAQuality:1                ; more stable temporal accumulation]]
[2021.11.12-16.33.41:070][  0]LogConfig: Setting CVar [[r.DOF.Kernel.MaxForegroundRadius:0.025]]
[2021.11.12-16.33.41:070][  0]LogConfig: Setting CVar [[r.DOF.Kernel.MaxBackgroundRadius:0.025]]
[2021.11.12-16.33.41:070][  0]LogConfig: Applying CVar settings from Section [TextureQuality@3] File [D:/Da Vinci/Cuatri 5/Prog en Motores/programacion-en-motores-parcial-2/Parcial2/Saved/Config/Windows/Scalability.ini]
[2021.11.12-16.33.41:070][  0]LogConfig: Setting CVar [[r.Streaming.MipBias:0]]
[2021.11.12-16.33.41:070][  0]LogConfig: Setting CVar [[r.Streaming.AmortizeCPUToGPUCopy:0]]
[2021.11.12-16.33.41:070][  0]LogConfig: Setting CVar [[r.Streaming.MaxNumTexturesToStreamPerFrame:0]]
[2021.11.12-16.33.41:070][  0]LogConfig: Setting CVar [[r.Streaming.Boost:1]]
[2021.11.12-16.33.41:070][  0]LogConfig: Setting CVar [[r.MaxAnisotropy:8]]
[2021.11.12-16.33.41:070][  0]LogConfig: Setting CVar [[r.VT.MaxAnisotropy:8]]
[2021.11.12-16.33.41:070][  0]LogConfig: Setting CVar [[r.Streaming.LimitPoolSizeToVRAM:0]]
[2021.11.12-16.33.41:070][  0]LogConfig: Setting CVar [[r.Streaming.PoolSize:1000]]
[2021.11.12-16.33.41:070][  0]LogConfig: Setting CVar [[r.Streaming.MaxEffectiveScreenSize:0]]
[2021.11.12-16.33.41:070][  0]LogConfig: Applying CVar settings from Section [EffectsQuality@3] File [D:/Da Vinci/Cuatri 5/Prog en Motores/programacion-en-motores-parcial-2/Parcial2/Saved/Config/Windows/Scalability.ini]
[2021.11.12-16.33.41:070][  0]LogConfig: Setting CVar [[r.TranslucencyLightingVolumeDim:64]]
[2021.11.12-16.33.41:070][  0]LogConfig: Setting CVar [[r.RefractionQuality:2]]
[2021.11.12-16.33.41:070][  0]LogConfig: Setting CVar [[r.SSR.Quality:3]]
[2021.11.12-16.33.41:070][  0]LogConfig: Setting CVar [[r.SSR.HalfResSceneColor:0]]
[2021.11.12-16.33.41:070][  0]LogConfig: Setting CVar [[r.SceneColorFormat:4]]
[2021.11.12-16.33.41:070][  0]LogConfig: Setting CVar [[r.DetailMode:2]]
[2021.11.12-16.33.41:070][  0]LogConfig: Setting CVar [[r.TranslucencyVolumeBlur:1]]
[2021.11.12-16.33.41:070][  0]LogConfig: Setting CVar [[r.MaterialQualityLevel:1 ; High quality]]
[2021.11.12-16.33.41:070][  0]LogConfig: Setting CVar [[r.AnisotropicMaterials:1]]
[2021.11.12-16.33.41:070][  0]LogConfig: Setting CVar [[r.SSS.Scale:1]]
[2021.11.12-16.33.41:070][  0]LogConfig: Setting CVar [[r.SSS.SampleSet:2]]
[2021.11.12-16.33.41:070][  0]LogConfig: Setting CVar [[r.SSS.Quality:1]]
[2021.11.12-16.33.41:071][  0]LogConfig: Setting CVar [[r.SSS.HalfRes:0]]
[2021.11.12-16.33.41:071][  0]LogConfig: Setting CVar [[r.SSGI.Quality:3]]
[2021.11.12-16.33.41:071][  0]LogConfig: Setting CVar [[r.EmitterSpawnRateScale:1.0]]
[2021.11.12-16.33.41:071][  0]LogConfig: Setting CVar [[r.ParticleLightQuality:2]]
[2021.11.12-16.33.41:071][  0]LogConfig: Setting CVar [[r.SkyAtmosphere.AerialPerspectiveLUT.FastApplyOnOpaque:1 ; Always have FastSkyLUT 1 in this case to avoid wrong sky]]
[2021.11.12-16.33.41:071][  0]LogConfig: Setting CVar [[r.SkyAtmosphere.AerialPerspectiveLUT.SampleCountMaxPerSlice:4]]
[2021.11.12-16.33.41:071][  0]LogConfig: Setting CVar [[r.SkyAtmosphere.AerialPerspectiveLUT.DepthResolution:16.0]]
[2021.11.12-16.33.41:071][  0]LogConfig: Setting CVar [[r.SkyAtmosphere.FastSkyLUT:1]]
[2021.11.12-16.33.41:071][  0]LogConfig: Setting CVar [[r.SkyAtmosphere.FastSkyLUT.SampleCountMin:4.0]]
[2021.11.12-16.33.41:071][  0]LogConfig: Setting CVar [[r.SkyAtmosphere.FastSkyLUT.SampleCountMax:128.0]]
[2021.11.12-16.33.41:071][  0]LogConfig: Setting CVar [[r.SkyAtmosphere.SampleCountMin:4.0]]
[2021.11.12-16.33.41:071][  0]LogConfig: Setting CVar [[r.SkyAtmosphere.SampleCountMax:128.0]]
[2021.11.12-16.33.41:071][  0]LogConfig: Setting CVar [[r.SkyAtmosphere.TransmittanceLUT.UseSmallFormat:0]]
[2021.11.12-16.33.41:071][  0]LogConfig: Setting CVar [[r.SkyAtmosphere.TransmittanceLUT.SampleCount:10.0]]
[2021.11.12-16.33.41:071][  0]LogConfig: Setting CVar [[r.SkyAtmosphere.MultiScatteringLUT.SampleCount:15.0]]
[2021.11.12-16.33.41:071][  0]LogConfig: Setting CVar [[r.SkyLight.RealTimeReflectionCapture:1]]
[2021.11.12-16.33.41:071][  0]LogConfig: Applying CVar settings from Section [FoliageQuality@3] File [D:/Da Vinci/Cuatri 5/Prog en Motores/programacion-en-motores-parcial-2/Parcial2/Saved/Config/Windows/Scalability.ini]
[2021.11.12-16.33.41:071][  0]LogConfig: Setting CVar [[foliage.DensityScale:1.0]]
[2021.11.12-16.33.41:071][  0]LogConfig: Setting CVar [[grass.DensityScale:1.0]]
[2021.11.12-16.33.41:071][  0]LogConfig: Applying CVar settings from Section [ShadingQuality@3] File [D:/Da Vinci/Cuatri 5/Prog en Motores/programacion-en-motores-parcial-2/Parcial2/Saved/Config/Windows/Scalability.ini]
[2021.11.12-16.33.41:071][  0]LogConfig: Setting CVar [[r.HairStrands.SkyLighting.IntegrationType:2]]
[2021.11.12-16.33.41:071][  0]LogConfig: Setting CVar [[r.HairStrands.SkyAO.SampleCount:4]]
[2021.11.12-16.33.41:071][  0]LogConfig: Setting CVar [[r.HairStrands.Visibility.MSAA.SamplePerPixel:4]]
[2021.11.12-16.33.41:071][  0]LogInit: Selected Device Profile: [Windows]
[2021.11.12-16.33.41:071][  0]LogInit: Applying CVar settings loaded from the selected device profile: [Windows]
[2021.11.12-16.33.41:085][  0]LogHAL: Display: Platform has ~ 32 GB [34289868800 / 34359738368 / 32], which maps to Largest [LargestMinGB=32, LargerMinGB=12, DefaultMinGB=8, SmallerMinGB=6, SmallestMinGB=0)
[2021.11.12-16.33.41:085][  0]LogInit: Going up to parent DeviceProfile []
[2021.11.12-16.33.41:085][  0]LogConfig: Applying CVar settings from Section [ViewDistanceQuality@3] File [D:/Da Vinci/Cuatri 5/Prog en Motores/programacion-en-motores-parcial-2/Parcial2/Saved/Config/Windows/Scalability.ini]
[2021.11.12-16.33.41:085][  0]LogConfig: Setting CVar [[r.SkeletalMeshLODBias:0]]
[2021.11.12-16.33.41:085][  0]LogConfig: Setting CVar [[r.ViewDistanceScale:1.0]]
[2021.11.12-16.33.41:085][  0]LogConfig: Applying CVar settings from Section [AntiAliasingQuality@3] File [D:/Da Vinci/Cuatri 5/Prog en Motores/programacion-en-motores-parcial-2/Parcial2/Saved/Config/Windows/Scalability.ini]
[2021.11.12-16.33.41:085][  0]LogConfig: Setting CVar [[r.PostProcessAAQuality:4]]
[2021.11.12-16.33.41:085][  0]LogConfig: Applying CVar settings from Section [ShadowQuality@3] File [D:/Da Vinci/Cuatri 5/Prog en Motores/programacion-en-motores-parcial-2/Parcial2/Saved/Config/Windows/Scalability.ini]
[2021.11.12-16.33.41:085][  0]LogConfig: Setting CVar [[r.LightFunctionQuality:1]]
[2021.11.12-16.33.41:085][  0]LogConfig: Setting CVar [[r.ShadowQuality:5]]
[2021.11.12-16.33.41:085][  0]LogConfig: Setting CVar [[r.Shadow.CSM.MaxCascades:10]]
[2021.11.12-16.33.41:085][  0]LogConfig: Setting CVar [[r.Shadow.MaxResolution:2048]]
[2021.11.12-16.33.41:085][  0]LogConfig: Setting CVar [[r.Shadow.MaxCSMResolution:2048]]
[2021.11.12-16.33.41:085][  0]LogConfig: Setting CVar [[r.Shadow.RadiusThreshold:0.01]]
[2021.11.12-16.33.41:085][  0]LogConfig: Setting CVar [[r.Shadow.DistanceScale:1.0]]
[2021.11.12-16.33.41:085][  0]LogConfig: Setting CVar [[r.Shadow.CSM.TransitionScale:1.0]]
[2021.11.12-16.33.41:085][  0]LogConfig: Setting CVar [[r.Shadow.PreShadowResolutionFactor:1.0]]
[2021.11.12-16.33.41:085][  0]LogConfig: Setting CVar [[r.DistanceFieldShadowing:1]]
[2021.11.12-16.33.41:085][  0]LogConfig: Setting CVar [[r.DistanceFieldAO:1]]
[2021.11.12-16.33.41:085][  0]LogConfig: Setting CVar [[r.AOQuality:2]]
[2021.11.12-16.33.41:085][  0]LogConfig: Setting CVar [[r.VolumetricFog:1]]
[2021.11.12-16.33.41:085][  0]LogConfig: Setting CVar [[r.VolumetricFog.GridPixelSize:8]]
[2021.11.12-16.33.41:085][  0]LogConfig: Setting CVar [[r.VolumetricFog.GridSizeZ:128]]
[2021.11.12-16.33.41:085][  0]LogConfig: Setting CVar [[r.VolumetricFog.HistoryMissSupersampleCount:4]]
[2021.11.12-16.33.41:086][  0]LogConfig: Setting CVar [[r.LightMaxDrawDistanceScale:1]]
[2021.11.12-16.33.41:086][  0]LogConfig: Setting CVar [[r.CapsuleShadows:1]]
[2021.11.12-16.33.41:086][  0]LogConfig: Applying CVar settings from Section [PostProcessQuality@3] File [D:/Da Vinci/Cuatri 5/Prog en Motores/programacion-en-motores-parcial-2/Parcial2/Saved/Config/Windows/Scalability.ini]
[2021.11.12-16.33.41:086][  0]LogConfig: Setting CVar [[r.MotionBlurQuality:4]]
[2021.11.12-16.33.41:086][  0]LogConfig: Setting CVar [[r.AmbientOcclusionMipLevelFactor:0.4]]
[2021.11.12-16.33.41:086][  0]LogConfig: Setting CVar [[r.AmbientOcclusionMaxQuality:100]]
[2021.11.12-16.33.41:086][  0]LogConfig: Setting CVar [[r.AmbientOcclusionLevels:-1]]
[2021.11.12-16.33.41:086][  0]LogConfig: Setting CVar [[r.AmbientOcclusionRadiusScale:1.0]]
[2021.11.12-16.33.41:086][  0]LogConfig: Setting CVar [[r.DepthOfFieldQuality:2]]
[2021.11.12-16.33.41:086][  0]LogConfig: Setting CVar [[r.RenderTargetPoolMin:400]]
[2021.11.12-16.33.41:086][  0]LogConfig: Setting CVar [[r.LensFlareQuality:2]]
[2021.11.12-16.33.41:086][  0]LogConfig: Setting CVar [[r.SceneColorFringeQuality:1]]
[2021.11.12-16.33.41:086][  0]LogConfig: Setting CVar [[r.EyeAdaptationQuality:2]]
[2021.11.12-16.33.41:086][  0]LogConfig: Setting CVar [[r.BloomQuality:5]]
[2021.11.12-16.33.41:086][  0]LogConfig: Setting CVar [[r.FastBlurThreshold:100]]
[2021.11.12-16.33.41:086][  0]LogConfig: Setting CVar [[r.Upscale.Quality:3]]
[2021.11.12-16.33.41:086][  0]LogConfig: Setting CVar [[r.Tonemapper.GrainQuantization:1]]
[2021.11.12-16.33.41:086][  0]LogConfig: Setting CVar [[r.LightShaftQuality:1]]
[2021.11.12-16.33.41:086][  0]LogConfig: Setting CVar [[r.Filter.SizeScale:1]]
[2021.11.12-16.33.41:086][  0]LogConfig: Setting CVar [[r.Tonemapper.Quality:5]]
[2021.11.12-16.33.41:086][  0]LogConfig: Setting CVar [[r.DOF.Gather.AccumulatorQuality:1        ; higher gathering accumulator quality]]
[2021.11.12-16.33.41:086][  0]LogConfig: Setting CVar [[r.DOF.Gather.PostfilterMethod:1          ; Median3x3 postfilering method]]
[2021.11.12-16.33.41:086][  0]LogConfig: Setting CVar [[r.DOF.Gather.EnableBokehSettings:0       ; no bokeh simulation when gathering]]
[2021.11.12-16.33.41:086][  0]LogConfig: Setting CVar [[r.DOF.Gather.RingCount:4                 ; medium number of samples when gathering]]
[2021.11.12-16.33.41:086][  0]LogConfig: Setting CVar [[r.DOF.Scatter.ForegroundCompositing:1    ; additive foreground scattering]]
[2021.11.12-16.33.41:086][  0]LogConfig: Setting CVar [[r.DOF.Scatter.BackgroundCompositing:2    ; additive background scattering]]
[2021.11.12-16.33.41:086][  0]LogConfig: Setting CVar [[r.DOF.Scatter.EnableBokehSettings:1      ; bokeh simulation when scattering]]
[2021.11.12-16.33.41:086][  0]LogConfig: Setting CVar [[r.DOF.Scatter.MaxSpriteRatio:0.1         ; only a maximum of 10% of scattered bokeh]]
[2021.11.12-16.33.41:087][  0]LogConfig: Setting CVar [[r.DOF.Recombine.Quality:1                ; cheap slight out of focus]]
[2021.11.12-16.33.41:087][  0]LogConfig: Setting CVar [[r.DOF.Recombine.EnableBokehSettings:0    ; no bokeh simulation on slight out of focus]]
[2021.11.12-16.33.41:087][  0]LogConfig: Setting CVar [[r.DOF.TemporalAAQuality:1                ; more stable temporal accumulation]]
[2021.11.12-16.33.41:087][  0]LogConfig: Setting CVar [[r.DOF.Kernel.MaxForegroundRadius:0.025]]
[2021.11.12-16.33.41:087][  0]LogConfig: Setting CVar [[r.DOF.Kernel.MaxBackgroundRadius:0.025]]
[2021.11.12-16.33.41:087][  0]LogConfig: Applying CVar settings from Section [TextureQuality@3] File [D:/Da Vinci/Cuatri 5/Prog en Motores/programacion-en-motores-parcial-2/Parcial2/Saved/Config/Windows/Scalability.ini]
[2021.11.12-16.33.41:087][  0]LogConfig: Setting CVar [[r.Streaming.MipBias:0]]
[2021.11.12-16.33.41:087][  0]LogConfig: Setting CVar [[r.Streaming.AmortizeCPUToGPUCopy:0]]
[2021.11.12-16.33.41:087][  0]LogConfig: Setting CVar [[r.Streaming.MaxNumTexturesToStreamPerFrame:0]]
[2021.11.12-16.33.41:087][  0]LogConfig: Setting CVar [[r.Streaming.Boost:1]]
[2021.11.12-16.33.41:087][  0]LogConfig: Setting CVar [[r.MaxAnisotropy:8]]
[2021.11.12-16.33.41:087][  0]LogConfig: Setting CVar [[r.VT.MaxAnisotropy:8]]
[2021.11.12-16.33.41:087][  0]LogConfig: Setting CVar [[r.Streaming.LimitPoolSizeToVRAM:0]]
[2021.11.12-16.33.41:087][  0]LogConfig: Setting CVar [[r.Streaming.PoolSize:1000]]
[2021.11.12-16.33.41:087][  0]LogConfig: Setting CVar [[r.Streaming.MaxEffectiveScreenSize:0]]
[2021.11.12-16.33.41:087][  0]LogConfig: Applying CVar settings from Section [EffectsQuality@3] File [D:/Da Vinci/Cuatri 5/Prog en Motores/programacion-en-motores-parcial-2/Parcial2/Saved/Config/Windows/Scalability.ini]
[2021.11.12-16.33.41:087][  0]LogConfig: Setting CVar [[r.TranslucencyLightingVolumeDim:64]]
[2021.11.12-16.33.41:087][  0]LogConfig: Setting CVar [[r.RefractionQuality:2]]
[2021.11.12-16.33.41:087][  0]LogConfig: Setting CVar [[r.SSR.Quality:3]]
[2021.11.12-16.33.41:087][  0]LogConfig: Setting CVar [[r.SSR.HalfResSceneColor:0]]
[2021.11.12-16.33.41:087][  0]LogConfig: Setting CVar [[r.SceneColorFormat:4]]
[2021.11.12-16.33.41:087][  0]LogConfig: Setting CVar [[r.DetailMode:2]]
[2021.11.12-16.33.41:087][  0]LogConfig: Setting CVar [[r.TranslucencyVolumeBlur:1]]
[2021.11.12-16.33.41:087][  0]LogConfig: Setting CVar [[r.MaterialQualityLevel:1 ; High quality]]
[2021.11.12-16.33.41:087][  0]LogConfig: Setting CVar [[r.AnisotropicMaterials:1]]
[2021.11.12-16.33.41:087][  0]LogConfig: Setting CVar [[r.SSS.Scale:1]]
[2021.11.12-16.33.41:087][  0]LogConfig: Setting CVar [[r.SSS.SampleSet:2]]
[2021.11.12-16.33.41:087][  0]LogConfig: Setting CVar [[r.SSS.Quality:1]]
[2021.11.12-16.33.41:087][  0]LogConfig: Setting CVar [[r.SSS.HalfRes:0]]
[2021.11.12-16.33.41:088][  0]LogConfig: Setting CVar [[r.SSGI.Quality:3]]
[2021.11.12-16.33.41:088][  0]LogConfig: Setting CVar [[r.EmitterSpawnRateScale:1.0]]
[2021.11.12-16.33.41:088][  0]LogConfig: Setting CVar [[r.ParticleLightQuality:2]]
[2021.11.12-16.33.41:088][  0]LogConfig: Setting CVar [[r.SkyAtmosphere.AerialPerspectiveLUT.FastApplyOnOpaque:1 ; Always have FastSkyLUT 1 in this case to avoid wrong sky]]
[2021.11.12-16.33.41:088][  0]LogConfig: Setting CVar [[r.SkyAtmosphere.AerialPerspectiveLUT.SampleCountMaxPerSlice:4]]
[2021.11.12-16.33.41:088][  0]LogConfig: Setting CVar [[r.SkyAtmosphere.AerialPerspectiveLUT.DepthResolution:16.0]]
[2021.11.12-16.33.41:088][  0]LogConfig: Setting CVar [[r.SkyAtmosphere.FastSkyLUT:1]]
[2021.11.12-16.33.41:088][  0]LogConfig: Setting CVar [[r.SkyAtmosphere.FastSkyLUT.SampleCountMin:4.0]]
[2021.11.12-16.33.41:088][  0]LogConfig: Setting CVar [[r.SkyAtmosphere.FastSkyLUT.SampleCountMax:128.0]]
[2021.11.12-16.33.41:088][  0]LogConfig: Setting CVar [[r.SkyAtmosphere.SampleCountMin:4.0]]
[2021.11.12-16.33.41:088][  0]LogConfig: Setting CVar [[r.SkyAtmosphere.SampleCountMax:128.0]]
[2021.11.12-16.33.41:088][  0]LogConfig: Setting CVar [[r.SkyAtmosphere.TransmittanceLUT.UseSmallFormat:0]]
[2021.11.12-16.33.41:088][  0]LogConfig: Setting CVar [[r.SkyAtmosphere.TransmittanceLUT.SampleCount:10.0]]
[2021.11.12-16.33.41:088][  0]LogConfig: Setting CVar [[r.SkyAtmosphere.MultiScatteringLUT.SampleCount:15.0]]
[2021.11.12-16.33.41:088][  0]LogConfig: Setting CVar [[r.SkyLight.RealTimeReflectionCapture:1]]
[2021.11.12-16.33.41:088][  0]LogConfig: Applying CVar settings from Section [FoliageQuality@3] File [D:/Da Vinci/Cuatri 5/Prog en Motores/programacion-en-motores-parcial-2/Parcial2/Saved/Config/Windows/Scalability.ini]
[2021.11.12-16.33.41:088][  0]LogConfig: Setting CVar [[foliage.DensityScale:1.0]]
[2021.11.12-16.33.41:088][  0]LogConfig: Setting CVar [[grass.DensityScale:1.0]]
[2021.11.12-16.33.41:088][  0]LogConfig: Applying CVar settings from Section [ShadingQuality@3] File [D:/Da Vinci/Cuatri 5/Prog en Motores/programacion-en-motores-parcial-2/Parcial2/Saved/Config/Windows/Scalability.ini]
[2021.11.12-16.33.41:088][  0]LogConfig: Setting CVar [[r.HairStrands.SkyLighting.IntegrationType:2]]
[2021.11.12-16.33.41:088][  0]LogConfig: Setting CVar [[r.HairStrands.SkyAO.SampleCount:4]]
[2021.11.12-16.33.41:088][  0]LogConfig: Setting CVar [[r.HairStrands.Visibility.MSAA.SamplePerPixel:4]]
[2021.11.12-16.33.41:088][  0]LogConfig: Applying CVar settings from Section [Startup] File [../../../Engine/Config/ConsoleVariables.ini]
[2021.11.12-16.33.41:089][  0]LogConfig: Setting CVar [[net.UseAdaptiveNetUpdateFrequency:0]]
[2021.11.12-16.33.41:089][  0]LogConfig: Setting CVar [[p.chaos.AllowCreatePhysxBodies:1]]
[2021.11.12-16.33.41:089][  0]LogConfig: Setting CVar [[fx.SkipVectorVMBackendOptimizations:1]]
[2021.11.12-16.33.41:089][  0]LogConfig: Applying CVar settings from Section [ConsoleVariables] File [D:/Da Vinci/Cuatri 5/Prog en Motores/programacion-en-motores-parcial-2/Parcial2/Saved/Config/Windows/Engine.ini]
[2021.11.12-16.33.41:089][  0]LogConfig: Applying CVar settings from Section [ConsoleVariables] File [D:/Da Vinci/Cuatri 5/Prog en Motores/programacion-en-motores-parcial-2/Parcial2/Saved/Config/Windows/Editor.ini]
[2021.11.12-16.33.41:089][  0]LogInit: Computer: DESKTOP-GJOD601
[2021.11.12-16.33.41:089][  0]LogInit: User: xjmx
[2021.11.12-16.33.41:089][  0]LogInit: CPU Page size=4096, Cores=8
[2021.11.12-16.33.41:089][  0]LogInit: High frequency timer resolution =10.000000 MHz
[2021.11.12-16.33.41:089][  0]LogMemory: Memory total: Physical=31.9GB (32GB approx)
[2021.11.12-16.33.41:089][  0]LogMemory: Platform Memory Stats for Windows
[2021.11.12-16.33.41:089][  0]LogMemory: Process Physical Memory: 145.78 MB used, 145.79 MB peak
[2021.11.12-16.33.41:089][  0]LogMemory: Process Virtual Memory: 127.11 MB used, 127.11 MB peak
[2021.11.12-16.33.41:089][  0]LogMemory: Physical Memory: 21966.46 MB used,  10734.91 MB free, 32701.37 MB total
[2021.11.12-16.33.41:089][  0]LogMemory: Virtual Memory: 134209728.00 MB used,  7997.88 MB free, 134217728.00 MB total
[2021.11.12-16.33.41:149][  0]LogWindows: WindowsPlatformFeatures enabled
[2021.11.12-16.33.42:541][  0]LogInit: Physics initialised using underlying interface: PhysX
[2021.11.12-16.33.42:542][  0]LogInit: Overriding language with editor language configuration option (en).
[2021.11.12-16.33.42:542][  0]LogInit: Using OS detected locale (es-AR).
[2021.11.12-16.33.43:075][  0]LogInit: Setting process to per monitor DPI aware
[2021.11.12-16.33.43:113][  0]LogWindowsTextInputMethodSystem: Display: IME system deactivated.
[2021.11.12-16.33.43:217][  0]LogSlate: New Slate User Created.  User Index 0, Is Virtual User: 0
[2021.11.12-16.33.43:217][  0]LogSlate: Slate User Registered.  User Index 0, Is Virtual User: 0
[2021.11.12-16.33.45:997][  0]LogD3D11RHI: Loaded GFSDK_Aftermath_Lib.x64.dll
[2021.11.12-16.33.46:005][  0]LogHMD: Failed to initialize OpenVR with code 110
[2021.11.12-16.33.46:005][  0]LogD3D11RHI: D3D11 min allowed feature level: 11_0
[2021.11.12-16.33.46:005][  0]LogD3D11RHI: D3D11 max allowed feature level: 11_0
[2021.11.12-16.33.46:005][  0]LogD3D11RHI: D3D11 adapters:
[2021.11.12-16.33.46:133][  0]LogD3D11RHI:    0. 'NVIDIA GeForce RTX 2080 SUPER' (Feature Level 11_0)
[2021.11.12-16.33.46:133][  0]LogD3D11RHI:       8010/0/16350 MB DedicatedVideo/DedicatedSystem/SharedSystem, Outputs:1, VendorId:0x10de
[2021.11.12-16.33.46:143][  0]LogD3D11RHI:    1. 'Microsoft Basic Render Driver' (Feature Level 11_0)
[2021.11.12-16.33.46:143][  0]LogD3D11RHI:       0/0/16350 MB DedicatedVideo/DedicatedSystem/SharedSystem, Outputs:0, VendorId:0x1414
[2021.11.12-16.33.46:143][  0]LogD3D11RHI: Chosen D3D11 Adapter: 0
[2021.11.12-16.33.46:153][  0]LogD3D11RHI: Creating new Direct3DDevice
[2021.11.12-16.33.46:154][  0]LogD3D11RHI:     GPU DeviceId: 0x1e81 (for the marketing name, search the web for "GPU Device Id")
[2021.11.12-16.33.46:154][  0]LogWindows: EnumDisplayDevices:
[2021.11.12-16.33.46:154][  0]LogWindows:    0. 'NVIDIA GeForce RTX 2080 SUPER' (P:1 D:1)
[2021.11.12-16.33.46:154][  0]LogWindows:    1. 'NVIDIA GeForce RTX 2080 SUPER' (P:0 D:0)
[2021.11.12-16.33.46:154][  0]LogWindows:    2. 'NVIDIA GeForce RTX 2080 SUPER' (P:0 D:0)
[2021.11.12-16.33.46:154][  0]LogWindows:    3. 'NVIDIA GeForce RTX 2080 SUPER' (P:0 D:0)
[2021.11.12-16.33.46:155][  0]LogWindows: DebugString: FoundDriverCount:4 
[2021.11.12-16.33.46:155][  0]LogD3D11RHI:     Adapter Name: NVIDIA GeForce RTX 2080 SUPER
[2021.11.12-16.33.46:155][  0]LogD3D11RHI:   Driver Version: 496.49 (internal:30.0.14.9649, unified:496.49)
[2021.11.12-16.33.46:155][  0]LogD3D11RHI:      Driver Date: 10-20-2021
[2021.11.12-16.33.46:155][  0]LogRHI: Texture pool is 5607 MB (70% of 8010 MB)
[2021.11.12-16.33.46:214][  0]LogD3D11RHI: RHI has support for 64 bit atomics
[2021.11.12-16.33.46:214][  0]LogD3D11RHI: Async texture creation enabled
[2021.11.12-16.33.46:214][  0]LogD3D11RHI: Array index from any shader is supported
[2021.11.12-16.33.46:215][  0]LogD3D11RHI: HDR output is supported on display 0 (NvId: 0x80061082).
[2021.11.12-16.33.46:232][  0]LogD3D11RHI: GPU Timing Frequency: 1000.000000 (Debug: 2 2)
[2021.11.12-16.33.46:468][  0]LogRHI: GeForceNow SDK initialized: 1
[2021.11.12-16.33.46:719][  0]LogTargetPlatformManager: Display: Loaded TargetPlatform 'AllDesktop'
[2021.11.12-16.33.46:768][  0]LogTargetPlatformManager: Display: Loaded TargetPlatform 'Android'
[2021.11.12-16.33.46:768][  0]LogTargetPlatformManager: Display: Loaded TargetPlatform 'Android_ASTC'
[2021.11.12-16.33.46:768][  0]LogTargetPlatformManager: Display: Loaded TargetPlatform 'Android_DXT'
[2021.11.12-16.33.46:768][  0]LogTargetPlatformManager: Display: Loaded TargetPlatform 'Android_ETC2'
[2021.11.12-16.33.46:768][  0]LogTargetPlatformManager: Display: Loaded TargetPlatform 'AndroidClient'
[2021.11.12-16.33.46:768][  0]LogTargetPlatformManager: Display: Loaded TargetPlatform 'Android_ASTCClient'
[2021.11.12-16.33.46:768][  0]LogTargetPlatformManager: Display: Loaded TargetPlatform 'Android_DXTClient'
[2021.11.12-16.33.46:768][  0]LogTargetPlatformManager: Display: Loaded TargetPlatform 'Android_ETC2Client'
[2021.11.12-16.33.46:768][  0]LogTargetPlatformManager: Display: Loaded TargetPlatform 'Android_Multi'
[2021.11.12-16.33.46:768][  0]LogTargetPlatformManager: Display: Loaded TargetPlatform 'Android_MultiClient'
[2021.11.12-16.33.46:850][  0]LogTargetPlatformManager: Display: Loaded TargetPlatform 'IOSClient'
[2021.11.12-16.33.46:851][  0]LogTargetPlatformManager: Display: Loaded TargetPlatform 'IOS'
[2021.11.12-16.33.46:895][  0]LogTargetPlatformManager: Display: Loaded TargetPlatform 'Linux'
[2021.11.12-16.33.46:922][  0]LogTargetPlatformManager: Display: Loaded TargetPlatform 'LinuxNoEditor'
[2021.11.12-16.33.46:943][  0]LogTargetPlatformManager: Display: Loaded TargetPlatform 'LinuxClient'
[2021.11.12-16.33.46:962][  0]LogTargetPlatformManager: Display: Loaded TargetPlatform 'LinuxServer'
[2021.11.12-16.33.46:999][  0]LogTargetPlatformManager: Display: Loaded TargetPlatform 'LinuxAArch64NoEditor'
[2021.11.12-16.33.47:034][  0]LogTargetPlatformManager: Display: Loaded TargetPlatform 'LinuxAArch64Client'
[2021.11.12-16.33.47:054][  0]LogTargetPlatformManager: Display: Loaded TargetPlatform 'LinuxAArch64Server'
[2021.11.12-16.33.47:097][  0]LogTargetPlatformManager: Display: Loaded TargetPlatform 'Lumin'
[2021.11.12-16.33.47:097][  0]LogTargetPlatformManager: Display: Loaded TargetPlatform 'LuminClient'
[2021.11.12-16.33.47:138][  0]LogTargetPlatformManager: Display: Loaded TargetPlatform 'MacNoEditor'
[2021.11.12-16.33.47:157][  0]LogTargetPlatformManager: Display: Loaded TargetPlatform 'Mac'
[2021.11.12-16.33.47:179][  0]LogTargetPlatformManager: Display: Loaded TargetPlatform 'MacClient'
[2021.11.12-16.33.47:197][  0]LogTargetPlatformManager: Display: Loaded TargetPlatform 'MacServer'
[2021.11.12-16.33.47:228][  0]LogTargetPlatformManager: Display: Loaded TargetPlatform 'TVOSClient'
[2021.11.12-16.33.47:229][  0]LogTargetPlatformManager: Display: Loaded TargetPlatform 'TVOS'
[2021.11.12-16.33.47:265][  0]LogTargetPlatformManager: Display: Loaded TargetPlatform 'WindowsNoEditor'
[2021.11.12-16.33.47:327][  0]LogTargetPlatformManager: Display: Loaded TargetPlatform 'Windows'
[2021.11.12-16.33.47:357][  0]LogTargetPlatformManager: Display: Loaded TargetPlatform 'WindowsClient'
[2021.11.12-16.33.47:381][  0]LogTargetPlatformManager: Display: Loaded TargetPlatform 'WindowsServer'
[2021.11.12-16.33.47:381][  0]LogTargetPlatformManager: Display: Building Assets For Windows
[2021.11.12-16.33.47:544][  0]LogAudioDebug: Display: Lib vorbis DLL was dynamically loaded.
[2021.11.12-16.33.47:990][  0]LogTextureFormatOodle: Display: Oodle Texture 2.9.0 init RDO Off
[2021.11.12-16.33.48:688][  0]LogRendererCore: Ray tracing is disabled. Reason: r.RayTracing=0.
[2021.11.12-16.33.48:688][  0]LogShaderCompilers: Guid format shader working directory is -35 characters bigger than the processId version (D:/Da Vinci/Cuatri 5/Prog en Motores/programacion-en-motores-parcial-2/Parcial2/Intermediate/Shaders/WorkingDirectory/15368/).
[2021.11.12-16.33.48:688][  0]LogShaderCompilers: Cleaned the shader compiler working directory 'C:/Users/xjmx/AppData/Local/Temp/UnrealShaderWorkingDir/4AF3243044B1DEBF74E88A90D0BEEB8D/'.
[2021.11.12-16.33.48:689][  0]LogXGEController: Cannot use XGE Controller as Incredibuild is not installed on this machine.
[2021.11.12-16.33.48:689][  0]LogShaderCompilers: Cannot use XGE Shader Compiler as Incredibuild is not installed on this machine.
[2021.11.12-16.33.48:689][  0]LogShaderCompilers: Display: Using Local Shader Compiler.
[2021.11.12-16.33.52:052][  0]LogDerivedDataCache: Display: Max Cache Size: 512 MB
[2021.11.12-16.33.52:348][  0]LogDerivedDataCache: Loaded boot cache 0.30s 103MB C:/Users/xjmx/AppData/Local/UnrealEngine/4.27/DerivedDataCache/Boot.ddc.
[2021.11.12-16.33.52:349][  0]LogDerivedDataCache: Display: Loaded Boot cache: C:/Users/xjmx/AppData/Local/UnrealEngine/4.27/DerivedDataCache/Boot.ddc
[2021.11.12-16.33.52:349][  0]LogDerivedDataCache: FDerivedDataBackendGraph:  Pak pak cache file D:/Da Vinci/Cuatri 5/Prog en Motores/programacion-en-motores-parcial-2/Parcial2/DerivedDataCache/DDC.ddp not found, will not use a pak cache.
[2021.11.12-16.33.52:349][  0]LogDerivedDataCache: Unable to find inner node Pak for hierarchical cache Hierarchy.
[2021.11.12-16.33.52:349][  0]LogDerivedDataCache: FDerivedDataBackendGraph:  CompressedPak pak cache file D:/Da Vinci/Cuatri 5/Prog en Motores/programacion-en-motores-parcial-2/Parcial2/DerivedDataCache/Compressed.ddp not found, will not use a pak cache.
[2021.11.12-16.33.52:349][  0]LogDerivedDataCache: Unable to find inner node CompressedPak for hierarchical cache Hierarchy.
[2021.11.12-16.33.52:388][  0]LogDerivedDataCache: Display: Pak cache opened for reading ../../../Engine/DerivedDataCache/Compressed.ddp.
[2021.11.12-16.33.52:388][  0]LogDerivedDataCache: FDerivedDataBackendGraph:  EnterprisePak pak cache file ../../../Enterprise/DerivedDataCache/Compressed.ddp not found, will not use a pak cache.
[2021.11.12-16.33.52:388][  0]LogDerivedDataCache: Unable to find inner node EnterprisePak for hierarchical cache Hierarchy.
[2021.11.12-16.33.52:445][  0]LogDerivedDataCache: Speed tests for C:/Users/xjmx/AppData/Local/UnrealEngine/Common/DerivedDataCache took 0.06 seconds
[2021.11.12-16.33.52:445][  0]LogDerivedDataCache: Display: Performance to C:/Users/xjmx/AppData/Local/UnrealEngine/Common/DerivedDataCache: Latency=0.08ms. RandomReadSpeed=19.08MBs, RandomWriteSpeed=133.28MBs. Assigned SpeedClass 'Local'
[2021.11.12-16.33.52:448][  0]LogDerivedDataCache: Using Local data cache path C:/Users/xjmx/AppData/Local/UnrealEngine/Common/DerivedDataCache: Writable
[2021.11.12-16.33.52:448][  0]LogDerivedDataCache: Shared data cache path not found in *engine.ini, will not use an Shared cache.
[2021.11.12-16.33.52:448][  0]LogDerivedDataCache: Unable to find inner node Shared for hierarchical cache Hierarchy.
[2021.11.12-16.33.52:488][  0]LogSlate: Using FreeType 2.10.0
[2021.11.12-16.33.52:501][  0]LogSlate: SlateFontServices - WITH_FREETYPE: 1, WITH_HARFBUZZ: 1
[2021.11.12-16.33.52:644][  0]LogAssetRegistry: FAssetRegistry took 0.0033 seconds to start up
[2021.11.12-16.33.52:973][  0]LogInit: Selected Device Profile: [Windows]
[2021.11.12-16.33.52:973][  0]LogInit: Active device profile: [00000236408D1500][0000023636CDA880 49] Windows
[2021.11.12-16.33.52:973][  0]LogInit: Profiles: [00000236408D1500][0000023636CDA880 49] Windows, [00000236408D2F00][000002363F4989C0 49] WindowsNoEditor, [0000023640848100][000002363F49CB00 49] WindowsServer, [000002364085A000][000002363F4A4C80 49] WindowsClient, [000002364084A200][000002363F4A8E00 49] IOS, [0000023640858800][000002363F4ACF80 49] iPadAir, [000002364084BA00][000002363F4B1100 49] iPadAir2, [00000236407FCA00][000002363F4B93C0 49] IPadPro, [00000236407FCB00][000002363F4B5400 49] iPadAir3, [0000023640848700][000002363F4BD580 49] iPadAir4, [00000236407FC600][000002363F4C1700 49] iPadMini2, [0000023640848B00][000002363F4C5880 49] iPadMini3, [00000236407FD600][000002363F4C9A00 49] iPadMini4, [000002364084AC00][000002363F4CDB80 49] iPadMini5, [000002364085A300][000002363F4D42C0 49] iPhone6, [00000236407FBF00][000002363F4D0300 49] iPodTouch6, [0000023640858A00][000002363F4DC5C0 49] iPhone7, [000002364085A100][000002363F4D8600 49] iPodTouch7, [00000236407F8600][000002363F4E0780 49] iPhone5S, [000002364085BE00][000002363F4E4900 49] iPhone6Plus, [00000236407FB500][000002363F4A0A40 49] iPhone6S, [0000023640859000][000002363F4E8B80 49] iPhone6SPlus, [00000236407F8E00][000002363F4ECCC0 49] iPhone7Plus, [0000023640859C00][000002363F4F4E40 49] iPhoneSE, [00000236407FAD00][000002363F4F8FC0 49] iPhone8, [000002364085AA00][000002363F4FD140 49] iPhone8Plus, [00000236407F9500][000002363F5012C0 49] iPhoneX, [0000023640858600][000002363F505440 49] iPhoneXS, [00000236407FA600][000002363F5095C0 49] iPhoneXSMax, [000002364085BB00][000002363F50D740 49] iPhoneXR, [00000236407F9C00][000002363F5118C0 49] iPhone11, [000002364085A200][000002363F515A40 49] iPhone11Pro, [00000236407FB800][000002363F519BC0 49] iPhone11ProMax, [0000023640859600][000002363F51C1C0 49] iPhoneSE2, [00000236407FA200][000002363F520340 49] iPhone12Mini, [000002364085B100][000002363F5244C0 49] iPhone12, [00000236407FAE00][000002363F528640 49] iPhone12Pro, [0000023640859D00][000002363F52C7C0 49] iPhone12ProMax, [00000236407FAC00][000002363F530940 49] iPadPro105, [000002364085A700][000002363F534AC0 49] iPadPro129, [00000236407F8800][000002363F4F0C00 49] iPadPro97, [0000023640859F00][000002363F538D40 49] iPadPro2_129, [00000236407FA900][000002363F53CE80 49] iPad5, [0000023640859900][000002363F540FC0 49] iPad6, [00000236407FA500][000002363F549140 49] iPad7, [000002364085B800][000002363F54D2C0 49] iPad8, [00000236407F9800][0000023641671440 49] iPadPro11, [0000023640859200][00000236416755C0 49] iPadPro2_11, [00000236407FBE00][0000023641679740 49] iPadPro3_129, [000002364085AF00][000002364167D8C0 49] iPadPro4_129, [00000236407F8700][0000023641681A40 49] AppleTV, [0000023640859A00][0000023641685BC0 49] AppleTV4K, [00000236407FBA00][00000236416881C0 49] TVOS, [000002364085B600][000002364168C340 49] Mac, [00000236407FAA00][00000236416904C0 49] MacClient, [0000023640858E00][0000023641694640 49] MacNoEditor, [00000236407FB100][00000236416987C0 49] MacServer, [0000023640858700][000002364169C940 49] Linux, [00000236407F9400][00000236416A0AC0 49] LinuxAArch64, [000002364085AC00][00000236416A4C40 49] LinuxNoEditor, [00000236407FB700][000002363F544D80 49] LinuxAArch64NoEditor, [0000023640858D00][00000236416A8EC0 49] LinuxClient, [00000236407FA000][00000236416AD000 49] LinuxAArch64Client, [000002364085AB00][00000236416B1140 49] LinuxServer, [00000236407F9100][00000236416B92C0 49] LinuxAArch64Server, [0000023640858200][00000236416BD440 49] Android, [00000236407F8900][00000236416C15C0 49] Android_Low, [00000236408D2D00][00000236416C5740 49] Android_Mid, [000002364084A700][00000236416C98C0 49] Android_High, [00000236408D0300][00000236416CDA40 49] Android_Default, [000002364084B100][00000236416D1BC0 49] Android_Adreno4xx, [00000236408D2B00][00000236416D41C0 49] Android_Adreno5xx_Low, [0000023640849100][00000236416D8340 49] Android_Adreno5xx, [00000236408D2700][00000236416DC4C0 49] Android_Adreno6xx, [000002364084AB00][00000236416E0640 49] Android_Adreno6xx_Vulkan, [00000236408D1800][00000236416E47C0 49] Android_Mali_T6xx, [000002364084B900][00000236416E8940 49] Android_Mali_T7xx, [00000236408D0C00][00000236416ECAC0 49] Android_Mali_T8xx, [0000023640849D00][00000236416F0C40 49] Android_Mali_G71, [00000236408D0800][00000236416F4DC0 49] Android_Mali_G72, [000002364084BC00][00000236416F8F40 49] Android_Mali_G72_Vulkan, [00000236408D2400][00000236416B5080 49] Android_Mali_G76, [000002364084B200][00000236416FD1C0 49] Android_Mali_G76_Vulkan, [00000236408D2E00][0000023641701300 49] Android_Mali_G77, [000002364084BE00][0000023641709480 49] Android_Mali_G77_Vulkan, [00000236408D2500][000002364170D600 49] Android_Mali_G78, [000002364084B600][0000023641711780 49] Android_Mali_G78_Vulkan, [00000236408D0B00][0000023641715900 49] Android_Mali_G710, [0000023640848500][0000023641719A80 49] Android_Mali_G710_Vulkan, [00000236408D1900][000002364171DC00 49] Android_Vulkan_SM5, [0000023640848A00][0000023641720200 49] Android_PowerVR_G6xxx, [00000236408D1D00][0000023641724380 49] Android_PowerVR_GT7xxx, [000002364084A500][0000023641728500 49] Android_PowerVR_GE8xxx, [00000236408D2600][000002364172C680 49] Android_PowerVR_GM9xxx, [000002364085BF00][0000023641730800 49] Android_PowerVR_GM9xxx_Vulkan, [00000236408D1600][0000023641734980 49] Android_TegraK1, [000002364085B500][0000023641738B00 49] Android_Unknown_Vulkan, [00000236408D0F00][000002364173CC80 49] Lumin, [000002364085BC00][0000023641740E00 49] Lumin_Desktop, [00000236408D2800][0000023641744F80 49] HoloLens, 
[2021.11.12-16.33.53:687][  0]LogMeshReduction: Using QuadricMeshReduction for automatic static mesh reduction
[2021.11.12-16.33.53:687][  0]LogMeshReduction: Using SimplygonMeshReduction for automatic skeletal mesh reduction
[2021.11.12-16.33.53:688][  0]LogMeshReduction: Using ProxyLODMeshReduction for automatic mesh merging
[2021.11.12-16.33.53:688][  0]LogMeshReduction: No distributed automatic mesh merging module available
[2021.11.12-16.33.53:688][  0]LogMeshMerging: No distributed automatic mesh merging module available
[2021.11.12-16.33.53:917][  0]LogNetVersion: Parcial2 1.0.0, NetCL: 17155196, EngineNetVer: 17, GameNetVer: 0 (Checksum: 4008404171)
[2021.11.12-16.33.56:784][  0]LogTexture: Default maximum texture size for cubemaps generated from long-lat sources has been changed from 512 to unlimited. In order to preserve old behaiour for '/Engine/MapTemplates/Sky/DaylightAmbientCubemap.DaylightAmbientCubemap', its maximum texture size has been explicitly set to 512.
[2021.11.12-16.33.56:998][  0]LogHMD: PokeAHoleMaterial loaded successfully
[2021.11.12-16.33.57:003][  0]LogUObjectArray: 17178 objects as part of root set at end of initial load.
[2021.11.12-16.33.57:003][  0]LogUObjectAllocator: 4301856 out of 0 bytes used by permanent object pool.
[2021.11.12-16.33.57:003][  0]LogUObjectArray: CloseDisregardForGC: 0/0 objects in disregard for GC pool
[2021.11.12-16.33.59:394][  0]LogNiagaraDebuggerClient: Niagara Debugger Client Initialized | Session: 18827E8D4B76180317C7F5BBA3F68816 | Instance: 922714D3451EBC09ADC9D4BEB9FEA4AE (DESKTOP-GJOD601-15368).
[2021.11.12-16.34.00:184][  0]LogStreaming: Warning: Failed to read file '../../../Engine/Content/Editor/Slate/Niagara/MenuSeparator.png' error.
[2021.11.12-16.34.00:184][  0]LogSlate: Could not find file for Slate resource: ../../../Engine/Content/Editor/Slate/Niagara/MenuSeparator.png
[2021.11.12-16.34.00:184][  0]LogStreaming: Warning: Failed to read file '../../../Engine/Content/Editor/Slate/Niagara/Common/Selector.png' error.
[2021.11.12-16.34.00:184][  0]LogSlate: Could not find file for Slate resource: ../../../Engine/Content/Editor/Slate/Niagara/Common/Selector.png
[2021.11.12-16.34.00:184][  0]LogStreaming: Warning: Failed to read file '../../../Engine/Content/Editor/Slate/Niagara/Common/DropZoneIndicator_Above.png' error.
[2021.11.12-16.34.00:184][  0]LogSlate: Could not find file for Slate resource: ../../../Engine/Content/Editor/Slate/Niagara/Common/DropZoneIndicator_Above.png
[2021.11.12-16.34.00:184][  0]LogStreaming: Warning: Failed to read file '../../../Engine/Content/Editor/Slate/Niagara/Common/Selection.png' error.
[2021.11.12-16.34.00:184][  0]LogSlate: Could not find file for Slate resource: ../../../Engine/Content/Editor/Slate/Niagara/Common/Selection.png
[2021.11.12-16.34.00:184][  0]LogStreaming: Warning: Failed to read file '../../../Engine/Content/Editor/Slate/Niagara/Common/DropZoneIndicator_Onto.png' error.
[2021.11.12-16.34.00:184][  0]LogSlate: Could not find file for Slate resource: ../../../Engine/Content/Editor/Slate/Niagara/Common/DropZoneIndicator_Onto.png
[2021.11.12-16.34.00:184][  0]LogStreaming: Warning: Failed to read file '../../../Engine/Content/Editor/Slate/Niagara/Common/DropZoneIndicator_Below.png' error.
[2021.11.12-16.34.00:184][  0]LogSlate: Could not find file for Slate resource: ../../../Engine/Content/Editor/Slate/Niagara/Common/DropZoneIndicator_Below.png
[2021.11.12-16.34.00:184][  0]LogStreaming: Warning: Failed to read file '../../../Engine/Content/Editor/Slate/Niagara/Common/FlatButton.png' error.
[2021.11.12-16.34.00:184][  0]LogSlate: Could not find file for Slate resource: ../../../Engine/Content/Editor/Slate/Niagara/Common/FlatButton.png
[2021.11.12-16.34.00:185][  0]LogStreaming: Warning: Failed to read file '../../../Engine/Content/Editor/Slate/Niagara/Common/RoundedSelection_16x.png' error.
[2021.11.12-16.34.00:185][  0]LogSlate: Could not find file for Slate resource: ../../../Engine/Content/Editor/Slate/Niagara/Common/RoundedSelection_16x.png
[2021.11.12-16.34.00:185][  0]LogImageWrapper: Warning: PNG Warning: Duplicate iCCP chunk
[2021.11.12-16.34.00:185][  0]LogImageWrapper: Warning: PNG Warning: Duplicate iCCP chunk
[2021.11.12-16.34.00:185][  0]LogPython: Using Python 3.7.7
[2021.11.12-16.34.00:880][  0]LogTcpMessaging: Initializing TcpMessaging bridge
[2021.11.12-16.34.00:923][  0]LogUdpMessaging: Initializing bridge on interface 0.0.0.0:0 to multicast group 230.0.0.1:6666.
[2021.11.12-16.34.03:151][  0]SourceControl: Source control is disabled
[2021.11.12-16.34.03:151][  0]SourceControl: Source control is disabled
[2021.11.12-16.34.03:185][  0]SourceControl: Source control is disabled
[2021.11.12-16.34.03:220][  0]SourceControl: Source control is disabled
[2021.11.12-16.34.03:295][  0]SourceControl: Source control is disabled
[2021.11.12-16.34.03:330][  0]LogUProjectInfo: Found projects:
[2021.11.12-16.34.05:116][  0]LogOpenImageDenoise: OIDN starting up
[2021.11.12-16.34.05:271][  0]LogAndroidPermission: UAndroidPermissionCallbackProxy::GetInstance
[2021.11.12-16.34.05:348][  0]LogAudioCaptureCore: Display: No Audio Capture implementations found. Audio input will be silent.
[2021.11.12-16.34.05:349][  0]LogAudioCaptureCore: Display: No Audio Capture implementations found. Audio input will be silent.
[2021.11.12-16.34.06:665][  0]LogCollectionManager: Loaded 0 collections in 0.000465 seconds
[2021.11.12-16.34.06:871][  0]LogFileCache: Scanning file cache for directory 'D:/Da Vinci/Cuatri 5/Prog en Motores/programacion-en-motores-parcial-2/Parcial2/Saved/Collections/' took 0.00s
[2021.11.12-16.34.06:871][  0]LogFileCache: Scanning file cache for directory 'D:/Da Vinci/Cuatri 5/Prog en Motores/programacion-en-motores-parcial-2/Parcial2/Content/Developers/xjmx/Collections/' took 0.00s
[2021.11.12-16.34.06:871][  0]LogFileCache: Scanning file cache for directory 'D:/Da Vinci/Cuatri 5/Prog en Motores/programacion-en-motores-parcial-2/Parcial2/Content/Collections/' took 0.00s
[2021.11.12-16.34.06:871][  0]LogOcInput: OculusInput pre-init called
[2021.11.12-16.34.07:240][  0]LogStreaming: Warning: Failed to read file '../../../Engine/Content/Editor/Slate/Niagara/MenuSeparator.png' error.
[2021.11.12-16.34.07:240][  0]LogSlate: Could not find file for Slate resource: ../../../Engine/Content/Editor/Slate/Niagara/MenuSeparator.png
[2021.11.12-16.34.07:240][  0]LogStreaming: Warning: Failed to read file '../../../Engine/Content/Editor/Slate/Niagara/Common/Selector.png' error.
[2021.11.12-16.34.07:240][  0]LogSlate: Could not find file for Slate resource: ../../../Engine/Content/Editor/Slate/Niagara/Common/Selector.png
[2021.11.12-16.34.07:240][  0]LogStreaming: Warning: Failed to read file '../../../Engine/Content/Editor/Slate/Niagara/Common/Selection.png' error.
[2021.11.12-16.34.07:240][  0]LogSlate: Could not find file for Slate resource: ../../../Engine/Content/Editor/Slate/Niagara/Common/Selection.png
[2021.11.12-16.34.07:240][  0]LogStreaming: Warning: Failed to read file '../../../Engine/Content/Editor/Slate/Niagara/Common/DropZoneIndicator_Above.png' error.
[2021.11.12-16.34.07:240][  0]LogSlate: Could not find file for Slate resource: ../../../Engine/Content/Editor/Slate/Niagara/Common/DropZoneIndicator_Above.png
[2021.11.12-16.34.07:240][  0]LogStreaming: Warning: Failed to read file '../../../Engine/Content/Editor/Slate/Niagara/Common/DropZoneIndicator_Onto.png' error.
[2021.11.12-16.34.07:240][  0]LogSlate: Could not find file for Slate resource: ../../../Engine/Content/Editor/Slate/Niagara/Common/DropZoneIndicator_Onto.png
[2021.11.12-16.34.07:240][  0]LogStreaming: Warning: Failed to read file '../../../Engine/Content/Editor/Slate/Niagara/Common/DropZoneIndicator_Below.png' error.
[2021.11.12-16.34.07:241][  0]LogSlate: Could not find file for Slate resource: ../../../Engine/Content/Editor/Slate/Niagara/Common/DropZoneIndicator_Below.png
[2021.11.12-16.34.07:241][  0]LogStreaming: Warning: Failed to read file '../../../Engine/Content/Editor/Slate/Niagara/Common/RoundedSelection_16x.png' error.
[2021.11.12-16.34.07:241][  0]LogSlate: Could not find file for Slate resource: ../../../Engine/Content/Editor/Slate/Niagara/Common/RoundedSelection_16x.png
[2021.11.12-16.34.07:241][  0]LogStreaming: Warning: Failed to read file '../../../Engine/Content/Editor/Slate/Niagara/Common/FlatButton.png' error.
[2021.11.12-16.34.07:241][  0]LogSlate: Could not find file for Slate resource: ../../../Engine/Content/Editor/Slate/Niagara/Common/FlatButton.png
[2021.11.12-16.34.07:241][  0]LogImageWrapper: Warning: PNG Warning: Duplicate iCCP chunk
[2021.11.12-16.34.07:241][  0]LogImageWrapper: Warning: PNG Warning: Duplicate iCCP chunk
[2021.11.12-16.34.07:373][  0]LogStreaming: Warning: Failed to read file '../../../Engine/Content/Editor/Slate/Niagara/MenuSeparator.png' error.
[2021.11.12-16.34.07:373][  0]LogSlate: Could not find file for Slate resource: ../../../Engine/Content/Editor/Slate/Niagara/MenuSeparator.png
[2021.11.12-16.34.07:373][  0]LogStreaming: Warning: Failed to read file '../../../Engine/Content/Editor/Slate/Niagara/Common/Selector.png' error.
[2021.11.12-16.34.07:373][  0]LogSlate: Could not find file for Slate resource: ../../../Engine/Content/Editor/Slate/Niagara/Common/Selector.png
[2021.11.12-16.34.07:373][  0]LogStreaming: Warning: Failed to read file '../../../Engine/Content/Editor/Slate/Niagara/Common/Selection.png' error.
[2021.11.12-16.34.07:373][  0]LogSlate: Could not find file for Slate resource: ../../../Engine/Content/Editor/Slate/Niagara/Common/Selection.png
[2021.11.12-16.34.07:373][  0]LogStreaming: Warning: Failed to read file '../../../Engine/Content/Editor/Slate/Niagara/Common/DropZoneIndicator_Above.png' error.
[2021.11.12-16.34.07:373][  0]LogSlate: Could not find file for Slate resource: ../../../Engine/Content/Editor/Slate/Niagara/Common/DropZoneIndicator_Above.png
[2021.11.12-16.34.07:373][  0]LogStreaming: Warning: Failed to read file '../../../Engine/Content/Editor/Slate/Niagara/Common/DropZoneIndicator_Onto.png' error.
[2021.11.12-16.34.07:373][  0]LogSlate: Could not find file for Slate resource: ../../../Engine/Content/Editor/Slate/Niagara/Common/DropZoneIndicator_Onto.png
[2021.11.12-16.34.07:373][  0]LogStreaming: Warning: Failed to read file '../../../Engine/Content/Editor/Slate/Niagara/Common/DropZoneIndicator_Below.png' error.
[2021.11.12-16.34.07:373][  0]LogSlate: Could not find file for Slate resource: ../../../Engine/Content/Editor/Slate/Niagara/Common/DropZoneIndicator_Below.png
[2021.11.12-16.34.07:373][  0]LogStreaming: Warning: Failed to read file '../../../Engine/Content/Editor/Slate/Niagara/Common/RoundedSelection_16x.png' error.
[2021.11.12-16.34.07:373][  0]LogSlate: Could not find file for Slate resource: ../../../Engine/Content/Editor/Slate/Niagara/Common/RoundedSelection_16x.png
[2021.11.12-16.34.07:373][  0]LogStreaming: Warning: Failed to read file '../../../Engine/Content/Editor/Slate/Niagara/Common/FlatButton.png' error.
[2021.11.12-16.34.07:373][  0]LogSlate: Could not find file for Slate resource: ../../../Engine/Content/Editor/Slate/Niagara/Common/FlatButton.png
[2021.11.12-16.34.07:373][  0]LogImageWrapper: Warning: PNG Warning: Duplicate iCCP chunk
[2021.11.12-16.34.07:373][  0]LogImageWrapper: Warning: PNG Warning: Duplicate iCCP chunk
[2021.11.12-16.34.07:706][  0]LogStreaming: Warning: Failed to read file '../../../Engine/Content/Editor/Slate/Niagara/MenuSeparator.png' error.
[2021.11.12-16.34.07:706][  0]LogSlate: Could not find file for Slate resource: ../../../Engine/Content/Editor/Slate/Niagara/MenuSeparator.png
[2021.11.12-16.34.07:706][  0]LogStreaming: Warning: Failed to read file '../../../Engine/Content/Editor/Slate/Niagara/Common/Selector.png' error.
[2021.11.12-16.34.07:706][  0]LogSlate: Could not find file for Slate resource: ../../../Engine/Content/Editor/Slate/Niagara/Common/Selector.png
[2021.11.12-16.34.07:706][  0]LogStreaming: Warning: Failed to read file '../../../Engine/Content/Editor/Slate/Niagara/Common/Selection.png' error.
[2021.11.12-16.34.07:706][  0]LogSlate: Could not find file for Slate resource: ../../../Engine/Content/Editor/Slate/Niagara/Common/Selection.png
[2021.11.12-16.34.07:706][  0]LogStreaming: Warning: Failed to read file '../../../Engine/Content/Editor/Slate/Niagara/Common/DropZoneIndicator_Onto.png' error.
[2021.11.12-16.34.07:706][  0]LogSlate: Could not find file for Slate resource: ../../../Engine/Content/Editor/Slate/Niagara/Common/DropZoneIndicator_Onto.png
[2021.11.12-16.34.07:706][  0]LogStreaming: Warning: Failed to read file '../../../Engine/Content/Editor/Slate/Niagara/Common/DropZoneIndicator_Above.png' error.
[2021.11.12-16.34.07:706][  0]LogSlate: Could not find file for Slate resource: ../../../Engine/Content/Editor/Slate/Niagara/Common/DropZoneIndicator_Above.png
[2021.11.12-16.34.07:706][  0]LogStreaming: Warning: Failed to read file '../../../Engine/Content/Editor/Slate/Niagara/Common/DropZoneIndicator_Below.png' error.
[2021.11.12-16.34.07:707][  0]LogSlate: Could not find file for Slate resource: ../../../Engine/Content/Editor/Slate/Niagara/Common/DropZoneIndicator_Below.png
[2021.11.12-16.34.07:707][  0]LogStreaming: Warning: Failed to read file '../../../Engine/Content/Editor/Slate/Niagara/Common/FlatButton.png' error.
[2021.11.12-16.34.07:707][  0]LogSlate: Could not find file for Slate resource: ../../../Engine/Content/Editor/Slate/Niagara/Common/FlatButton.png
[2021.11.12-16.34.07:707][  0]LogStreaming: Warning: Failed to read file '../../../Engine/Content/Editor/Slate/Niagara/Common/RoundedSelection_16x.png' error.
[2021.11.12-16.34.07:707][  0]LogSlate: Could not find file for Slate resource: ../../../Engine/Content/Editor/Slate/Niagara/Common/RoundedSelection_16x.png
[2021.11.12-16.34.07:707][  0]LogImageWrapper: Warning: PNG Warning: Duplicate iCCP chunk
[2021.11.12-16.34.07:707][  0]LogImageWrapper: Warning: PNG Warning: Duplicate iCCP chunk
[2021.11.12-16.34.07:707][  0]LogClass: Display: Int8Property FMTSJson::version is not initialized properly. Module:MegascansPlugin File:Private/Utilities/MTSReader.h
[2021.11.12-16.34.07:707][  0]LogClass: Display: Int16Property FMTSJson::resolutionValue is not initialized properly. Module:MegascansPlugin File:Private/Utilities/MTSReader.h
[2021.11.12-16.34.07:707][  0]LogClass: Display: BoolProperty FMTSJson::isExternal is not initialized properly. Module:MegascansPlugin File:Private/Utilities/MTSReader.h
[2021.11.12-16.34.07:707][  0]LogClass: Display: Int8Property FMTSJson::meshVersion is not initialized properly. Module:MegascansPlugin File:Private/Utilities/MTSReader.h
[2021.11.12-16.34.07:707][  0]LogClass: Display: BoolProperty FMTSJson::isCustom is not initialized properly. Module:MegascansPlugin File:Private/Utilities/MTSReader.h
[2021.11.12-16.34.07:707][  0]LogClass: Display: BoolProperty FMTSJson::isModularAsset is not initialized properly. Module:MegascansPlugin File:Private/Utilities/MTSReader.h
[2021.11.12-16.34.07:707][  0]LogClass: Display: Int8Property FLodList::variation is not initialized properly. Module:MegascansPlugin File:Private/Utilities/MTSReader.h
[2021.11.12-16.34.07:707][  0]LogClass: Display: Int16Property FMeshList::resolution is not initialized properly. Module:MegascansPlugin File:Private/Utilities/MTSReader.h
[2021.11.12-16.34.07:707][  0]LogClass: Display: Int16Property FComponents::resolution is not initialized properly. Module:MegascansPlugin File:Private/Utilities/MTSReader.h
[2021.11.12-16.34.07:707][  0]LogClass: Display: BoolProperty FTextureSets::isUdim is not initialized properly. Module:MegascansPlugin File:Private/Utilities/MTSReader.h
[2021.11.12-16.34.07:707][  0]LogClass: Display: BoolProperty FMeta::value is not initialized properly. Module:MegascansPlugin File:Private/Utilities/MTSReader.h
[2021.11.12-16.34.07:707][  0]LogClass: Display: 11 Uninitialized script struct members found including 0 object properties
[2021.11.12-16.34.07:714][  0]LogAutomationTest: Warning: Failed to read file '../../../Engine/Content/Editor/Slate/Niagara/MenuSeparator.png' error.
[2021.11.12-16.34.07:714][  0]LogAutomationTest: Warning: Failed to read file '../../../Engine/Content/Editor/Slate/Niagara/Common/Selector.png' error.
[2021.11.12-16.34.07:714][  0]LogAutomationTest: Warning: Failed to read file '../../../Engine/Content/Editor/Slate/Niagara/Common/Selection.png' error.
[2021.11.12-16.34.07:714][  0]LogAutomationTest: Warning: Failed to read file '../../../Engine/Content/Editor/Slate/Niagara/Common/DropZoneIndicator_Onto.png' error.
[2021.11.12-16.34.07:714][  0]LogAutomationTest: Warning: Failed to read file '../../../Engine/Content/Editor/Slate/Niagara/Common/DropZoneIndicator_Above.png' error.
[2021.11.12-16.34.07:714][  0]LogAutomationTest: Warning: Failed to read file '../../../Engine/Content/Editor/Slate/Niagara/Common/DropZoneIndicator_Below.png' error.
[2021.11.12-16.34.07:714][  0]LogAutomationTest: Warning: Failed to read file '../../../Engine/Content/Editor/Slate/Niagara/Common/FlatButton.png' error.
[2021.11.12-16.34.07:714][  0]LogAutomationTest: Warning: Failed to read file '../../../Engine/Content/Editor/Slate/Niagara/Common/RoundedSelection_16x.png' error.
[2021.11.12-16.34.07:715][  0]LogAutomationTest: Warning: PNG Warning: Duplicate iCCP chunk
[2021.11.12-16.34.07:715][  0]LogAutomationTest: Warning: PNG Warning: Duplicate iCCP chunk
[2021.11.12-16.34.07:715][  0]LogEngine: Initializing Engine...
[2021.11.12-16.34.07:801][  0]LogHMD: Failed to enumerate extensions. Please check that you have a valid OpenXR runtime installed.
[2021.11.12-16.34.07:802][  0]LogHMD: Failed to initialize OpenVR with code 110
[2021.11.12-16.34.07:802][  0]LogMagicLeap: Warning: VR disabled because ZI is not enabled.  To enable, in the editor, Edit -> Project Settings -> Plugins -> Magic Leap Plugin -> Enable Zero Iteration
[2021.11.12-16.34.07:802][  0]LogStats: UGameplayTagsManager::InitializeManager -  0.000 s
[2021.11.12-16.34.08:143][  0]LogInit: Initializing FReadOnlyCVARCache
[2021.11.12-16.34.08:195][  0]LogAIModule: Creating AISystem for world Untitled
[2021.11.12-16.34.08:195][  0]LogAudio: Display: Initializing Audio Device Manager...
[2021.11.12-16.34.08:217][  0]LogAudio: Display: Loading Default Audio Settings Objects...
[2021.11.12-16.34.08:221][  0]LogAudio: Display: No default SoundConcurrencyObject specified (or failed to load).
[2021.11.12-16.34.08:222][  0]LogAudio: Display: Audio Device Manager Initialized
[2021.11.12-16.34.08:222][  0]LogAudio: Display: Creating Audio Device:                 Id: 1, Scope: Shared, Realtime: True
[2021.11.12-16.34.08:222][  0]LogAudioMixer: Display: Audio Mixer Platform Settings:
[2021.11.12-16.34.08:222][  0]LogAudioMixer: Display: 	Sample Rate:						  48000
[2021.11.12-16.34.08:222][  0]LogAudioMixer: Display: 	Callback Buffer Frame Size Requested: 1024
[2021.11.12-16.34.08:222][  0]LogAudioMixer: Display: 	Callback Buffer Frame Size To Use:	  1024
[2021.11.12-16.34.08:222][  0]LogAudioMixer: Display: 	Number of buffers to queue:			  2
[2021.11.12-16.34.08:222][  0]LogAudioMixer: Display: 	Max Channels (voices):				  32
[2021.11.12-16.34.08:222][  0]LogAudioMixer: Display: 	Number of Async Source Workers:		  0
[2021.11.12-16.34.08:222][  0]LogAudio: Display: AudioDevice MaxSources: 32
[2021.11.12-16.34.08:223][  0]LogAudio: Display: Audio Spatialization Plugin: None (built-in).
[2021.11.12-16.34.08:223][  0]LogAudio: Display: Audio Reverb Plugin: None (built-in).
[2021.11.12-16.34.08:223][  0]LogAudio: Display: Audio Occlusion Plugin: None (built-in).
[2021.11.12-16.34.08:223][  0]LogAudioMixer: Display: Initializing audio mixer.
[2021.11.12-16.34.08:239][  0]LogAudioMixer: Display: 0: FrontLeft
[2021.11.12-16.34.08:239][  0]LogAudioMixer: Display: 1: FrontRight
[2021.11.12-16.34.08:256][  0]LogAudioMixer: Display: Using Audio Device OUT (TRI-CAPTURE)
[2021.11.12-16.34.08:256][  0]LogAudioMixer: Display: Initializing Sound Submixes...
[2021.11.12-16.34.08:284][  0]LogAudioMixer: Display: Creating Master Submix 'MasterSubmixDefault'
[2021.11.12-16.34.08:285][  0]LogAudioMixer: Display: Creating Master Submix 'MasterReverbSubmixDefault'
[2021.11.12-16.34.08:285][  0]LogAudioMixer: Display: Creating Master Submix 'MasterEQSubmixDefault'
[2021.11.12-16.34.08:285][  0]LogAudioMixer: FMixerPlatformXAudio2::StartAudioStream() called
[2021.11.12-16.34.08:285][  0]LogAudioMixer: Display: Output buffers initialized: Frames=1024, Channels=2, Samples=2048
[2021.11.12-16.34.08:287][  0]LogAudioMixer: Display: Starting AudioMixerPlatformInterface::RunInternal()
[2021.11.12-16.34.08:287][  0]LogAudioMixer: Display: FMixerPlatformXAudio2::SubmitBuffer() called for the first time
[2021.11.12-16.34.08:287][  0]LogInit: FAudioDevice initialized.
[2021.11.12-16.34.08:287][  0]LogAudio: Display: Audio Device (ID: 1) registered with world 'Untitled'.
[2021.11.12-16.34.08:287][  0]LogNetVersion: Set ProjectVersion to 1.0.0.0. Version Checksum will be recalculated on next use.
[2021.11.12-16.34.08:359][  0]LogDerivedDataCache: Saved boot cache 0.07s 103MB C:/Users/xjmx/AppData/Local/UnrealEngine/4.27/DerivedDataCache/Boot.ddc.
[2021.11.12-16.34.08:359][  0]LogInit: Texture streaming: Enabled
[2021.11.12-16.34.08:438][  0]LogAnalytics: Display: [UEEditor.Rocket.Release] APIServer = https://datarouter.ol.epicgames.com/. AppVersion = 4.27.0-17155196+++UE4+Release-4.27
[2021.11.12-16.34.08:463][  0]LogEngineSessionManager: EngineSessionManager initialized
[2021.11.12-16.34.08:463][  0]LogEditorSessionSummary: Verbose: Initializing EditorSessionSummaryWriter for editor session tracking
[2021.11.12-16.34.08:465][  0]LogEditorSessionSummary: EditorSessionSummaryWriter initialized
[2021.11.12-16.34.08:520][  0]LogInit: Transaction tracking system initialized
[2021.11.12-16.34.08:729][  0]BlueprintLog: New page: Editor Load
[2021.11.12-16.34.09:376][  0]LocalizationService: Localization service is disabled
[2021.11.12-16.34.09:617][  0]TimingProfiler: Initialize
[2021.11.12-16.34.09:617][  0]TimingProfiler: OnSessionChanged
[2021.11.12-16.34.09:617][  0]LoadingProfiler: Initialize
[2021.11.12-16.34.09:617][  0]LoadingProfiler: OnSessionChanged
[2021.11.12-16.34.09:618][  0]NetworkingProfiler: Initialize
[2021.11.12-16.34.09:618][  0]NetworkingProfiler: OnSessionChanged
[2021.11.12-16.34.09:618][  0]MemoryProfiler: Initialize
[2021.11.12-16.34.09:618][  0]MemoryProfiler: OnSessionChanged
[2021.11.12-16.34.10:088][  0]LogSlate: Took 0.019091 seconds to synchronously load lazily loaded font '../../../Engine/Content/Slate/Fonts/Roboto-Regular.ttf' (155K)
